"../../../Engine/Content/EditorResources/S_Actor.ubulk" 0
"../../../Engine/Content/EditorResources/S_Actor.uasset" 1
"../../../Engine/Content/EditorResources/S_Actor.uexp" 2
"../../../Engine/Content/EditorResources/S_BoxReflectionCapture.uasset" 3
"../../../Engine/Content/EditorResources/S_BoxReflectionCapture.uexp" 4
"../../../Engine/Content/EngineResources/DefaultTexture.ubulk" 5
"../../../Engine/Content/EngineResources/DefaultTexture.uasset" 6
"../../../Engine/Content/EngineResources/DefaultTexture.uexp" 7
"../../../Engine/Content/EngineResources/DefaultTextureCube.uasset" 8
"../../../Engine/Content/EngineResources/DefaultTextureCube.uexp" 9
"../../../Engine/Content/EngineResources/DefaultVolumeTexture2D.uasset" 10
"../../../Engine/Content/EngineResources/DefaultVolumeTexture2D.uexp" 11
"../../../Engine/Content/EngineResources/DefaultVolumeTexture.uasset" 12
"../../../Engine/Content/EngineResources/DefaultVolumeTexture.uexp" 13
"../../../Engine/Content/EditorResources/S_Trigger.ubulk" 14
"../../../Engine/Content/EditorResources/S_Trigger.uasset" 15
"../../../Engine/Content/EditorResources/S_Trigger.uexp" 16
"../../../Engine/Content/EditorResources/S_TriggerBox.uasset" 17
"../../../Engine/Content/EditorResources/S_TriggerBox.uexp" 18
"../../../Engine/Content/EditorResources/S_TriggerCapsule.uasset" 19
"../../../Engine/Content/EditorResources/S_TriggerCapsule.uexp" 20
"../../../Engine/Content/EditorResources/S_TriggerSphere.uasset" 21
"../../../Engine/Content/EditorResources/S_TriggerSphere.uexp" 22
"../../../Engine/Content/EngineMeshes/Sphere.uasset" 23
"../../../Engine/Content/EngineMeshes/Sphere.uexp" 24
"../../../Engine/Content/EngineResources/GradientTexture0.uasset" 25
"../../../Engine/Content/EngineResources/GradientTexture0.uexp" 26
"../../../Engine/Content/EngineResources/Black.uasset" 27
"../../../Engine/Content/EngineResources/Black.uexp" 28
"../../../Engine/Content/VREditor/LaserPointer/VR_LaserPower_01.ubulk" 29
"../../../Engine/Content/VREditor/LaserPointer/VR_LaserPower_01.uasset" 30
"../../../Engine/Content/VREditor/LaserPointer/VR_LaserPower_01.uexp" 31
"../../../Engine/Content/VREditor/TransformGizmo/TransformGizmoMaterial.uasset" 32
"../../../Engine/Content/VREditor/TransformGizmo/TransformGizmoMaterial.uexp" 33
"../../../Engine/Content/VREditor/TransformGizmo/TranslucentTransformGizmoMaterial.uasset" 34
"../../../Engine/Content/VREditor/TransformGizmo/TranslucentTransformGizmoMaterial.uexp" 35
"../../../Engine/Content/VREditor/TransformGizmo/PlaneTranslationHandle.uasset" 36
"../../../Engine/Content/VREditor/TransformGizmo/PlaneTranslationHandle.uexp" 37
"../../../Engine/Content/VREditor/TransformGizmo/BoundingBoxCorner.uasset" 38
"../../../Engine/Content/VREditor/TransformGizmo/BoundingBoxCorner.uexp" 39
"../../../Engine/Content/VREditor/TransformGizmo/BoundingBoxEdge.uasset" 40
"../../../Engine/Content/VREditor/TransformGizmo/BoundingBoxEdge.uexp" 41
"../../../Engine/Content/VREditor/TransformGizmo/Main.uasset" 42
"../../../Engine/Content/VREditor/TransformGizmo/Main.uexp" 43
"../../../Engine/Content/VREditor/TransformGizmo/Xray.uasset" 44
"../../../Engine/Content/VREditor/TransformGizmo/Xray.uexp" 45
"../../../Engine/Content/VREditor/TransformGizmo/SM_Sequencer_Node.uasset" 46
"../../../Engine/Content/VREditor/TransformGizmo/SM_Sequencer_Node.uexp" 47
"../../../Engine/Content/EditorMaterials/Camera/CineMat.uasset" 48
"../../../Engine/Content/EditorMaterials/Camera/CineMat.uexp" 49
"../../../Engine/Content/EditorMaterials/Camera/MI_CineMat_Rig.uasset" 50
"../../../Engine/Content/EditorMaterials/Camera/MI_CineMat_Rig.uexp" 51
"../../../Engine/Content/EditorMeshes/Camera/SM_CraneRig_Base.uasset" 52
"../../../Engine/Content/EditorMeshes/Camera/SM_CraneRig_Base.uexp" 53
"../../../Engine/Content/EditorMeshes/Camera/SM_CraneRig_Arm.uasset" 54
"../../../Engine/Content/EditorMeshes/Camera/SM_CraneRig_Arm.uexp" 55
"../../../Engine/Content/EditorMeshes/Camera/SM_CraneRig_Mount.uasset" 56
"../../../Engine/Content/EditorMeshes/Camera/SM_CraneRig_Mount.uexp" 57
"../../../Engine/Content/EditorMeshes/Camera/SM_CraneRig_Body.uasset" 58
"../../../Engine/Content/EditorMeshes/Camera/SM_CraneRig_Body.uexp" 59
"../../../Engine/Content/EditorMeshes/Camera/SM_RailRig_Track.uasset" 60
"../../../Engine/Content/EditorMeshes/Camera/SM_RailRig_Track.uexp" 61
"../../../Engine/Content/EditorMeshes/Camera/SM_RailRig_Mount.uasset" 62
"../../../Engine/Content/EditorMeshes/Camera/SM_RailRig_Mount.uexp" 63
"../../../Engine/Content/EngineMaterials/T_Default_Material_Grid_M.ubulk" 64
"../../../Engine/Content/EngineMaterials/T_Default_Material_Grid_M.uasset" 65
"../../../Engine/Content/EngineMaterials/T_Default_Material_Grid_M.uexp" 66
"../../../Engine/Content/EngineMaterials/T_Default_Material_Grid_N.ubulk" 67
"../../../Engine/Content/EngineMaterials/T_Default_Material_Grid_N.uasset" 68
"../../../Engine/Content/EngineMaterials/T_Default_Material_Grid_N.uexp" 69
"../../../Engine/Content/Functions/Engine_MaterialFunctions01/Opacity/CameraDepthFade.uasset" 70
"../../../Engine/Content/Functions/Engine_MaterialFunctions01/Opacity/CameraDepthFade.uexp" 71
"../../../Engine/Content/EngineMaterials/WorldGridMaterial.uasset" 72
"../../../Engine/Content/EngineMaterials/WorldGridMaterial.uexp" 73
"../../../Engine/Content/ArtTools/RenderToTexture/Meshes/S_1_Unit_Plane.uasset" 74
"../../../Engine/Content/ArtTools/RenderToTexture/Meshes/S_1_Unit_Plane.uexp" 75
"../../../Engine/Content/EditorMaterials/ParticleSystems/PSysThumbnail_NoImage.ubulk" 76
"../../../Engine/Content/EditorMaterials/ParticleSystems/PSysThumbnail_NoImage.uasset" 77
"../../../Engine/Content/EditorMaterials/ParticleSystems/PSysThumbnail_NoImage.uexp" 78
"../../../Engine/Content/EditorMaterials/ParticleSystems/PSysThumbnail_OOD.ubulk" 79
"../../../Engine/Content/EditorMaterials/ParticleSystems/PSysThumbnail_OOD.uasset" 80
"../../../Engine/Content/EditorMaterials/ParticleSystems/PSysThumbnail_OOD.uexp" 81
"../../../Engine/Content/EditorLandscapeResources/SplineEditorMeshMat.uasset" 82
"../../../Engine/Content/EditorLandscapeResources/SplineEditorMeshMat.uexp" 83
"../../../Engine/Content/EditorLandscapeResources/SplineEditorMesh.uasset" 84
"../../../Engine/Content/EditorLandscapeResources/SplineEditorMesh.uexp" 85
"../../../Engine/Content/EditorResources/S_Solver.ubulk" 86
"../../../Engine/Content/EditorResources/S_Solver.uasset" 87
"../../../Engine/Content/EditorResources/S_Solver.uexp" 88
"../../../Engine/Plugins/Media/MediaPlate/Content/SM_MediaPlateScreen.uasset" 89
"../../../Engine/Plugins/Media/MediaPlate/Content/SM_MediaPlateScreen.uexp" 90
"../../../Engine/Content/EngineMaterials/Good64x64TilingNoiseHighFreq.uasset" 91
"../../../Engine/Content/EngineMaterials/Good64x64TilingNoiseHighFreq.uexp" 92
"../../../Engine/Content/EngineMaterials/DefaultBokeh.uasset" 93
"../../../Engine/Content/EngineMaterials/DefaultBokeh.uexp" 94
"../../../Engine/Content/EngineMaterials/PreintegratedSkinBRDF.uasset" 95
"../../../Engine/Content/EngineMaterials/PreintegratedSkinBRDF.uexp" 96
"../../../Engine/Content/EngineMaterials/MiniFont.uasset" 97
"../../../Engine/Content/EngineMaterials/MiniFont.uexp" 98
"../../../Engine/Content/EngineMaterials/WeightMapPlaceholderTexture.uasset" 99
"../../../Engine/Content/EngineMaterials/WeightMapPlaceholderTexture.uexp" 100
"../../../Engine/Content/EngineMaterials/DefaultWhiteGrid.ubulk" 101
"../../../Engine/Content/EngineMaterials/DefaultWhiteGrid.uasset" 102
"../../../Engine/Content/EngineMaterials/DefaultWhiteGrid.uexp" 103
"../../../Engine/Content/Functions/Engine_MaterialFunctions02/WorldPositionOffset/CameraOffset.uasset" 104
"../../../Engine/Content/Functions/Engine_MaterialFunctions02/WorldPositionOffset/CameraOffset.uexp" 105
"../../../Engine/Plugins/Animation/ControlRig/Content/M_Manip.uasset" 106
"../../../Engine/Plugins/Animation/ControlRig/Content/M_Manip.uexp" 107
"../../../Engine/Plugins/2D/Paper2D/Content/PlaceholderTextures/DummySpriteTexture.ubulk" 108
"../../../Engine/Plugins/2D/Paper2D/Content/PlaceholderTextures/DummySpriteTexture.uasset" 109
"../../../Engine/Plugins/2D/Paper2D/Content/PlaceholderTextures/DummySpriteTexture.uexp" 110
"../../../Engine/Plugins/2D/Paper2D/Content/DefaultSpriteMaterial.uasset" 111
"../../../Engine/Plugins/2D/Paper2D/Content/DefaultSpriteMaterial.uexp" 112
"../../../Engine/Plugins/2D/Paper2D/Content/OpaqueUnlitSpriteMaterial.uasset" 113
"../../../Engine/Plugins/2D/Paper2D/Content/OpaqueUnlitSpriteMaterial.uexp" 114
"../../../Engine/Plugins/2D/Paper2D/Content/MaskedUnlitSpriteMaterial.uasset" 115
"../../../Engine/Plugins/2D/Paper2D/Content/MaskedUnlitSpriteMaterial.uexp" 116
"../../../Engine/Plugins/2D/Paper2D/Content/DummySprite.uasset" 117
"../../../Engine/Plugins/2D/Paper2D/Content/DummySprite.uexp" 118
"../../../Engine/Plugins/2D/Paper2D/Content/DefaultPaperTerrainMaterial.uasset" 119
"../../../Engine/Plugins/2D/Paper2D/Content/DefaultPaperTerrainMaterial.uexp" 120
"../../../Engine/Content/EditorResources/S_Terrain.ubulk" 121
"../../../Engine/Content/EditorResources/S_Terrain.uasset" 122
"../../../Engine/Content/EditorResources/S_Terrain.uexp" 123
"../../../Engine/Plugins/Animation/ControlRig/Content/Controls/DefaultGizmoLibraryNormalized.uasset" 124
"../../../Engine/Plugins/Animation/ControlRig/Content/Controls/DefaultGizmoLibraryNormalized.uexp" 125
"../../../Engine/Plugins/Animation/ControlRig/Content/Controls/ControlRig_Wedge_solid.uasset" 126
"../../../Engine/Plugins/Animation/ControlRig/Content/Controls/ControlRig_Wedge_solid.uexp" 127
"../../../Engine/Plugins/Animation/ControlRig/Content/Controls/ControlRig_Wedge_3mm.uasset" 128
"../../../Engine/Plugins/Animation/ControlRig/Content/Controls/ControlRig_Wedge_3mm.uexp" 129
"../../../Engine/Plugins/Animation/ControlRig/Content/Controls/ControlRig_Wedge_1mm.uasset" 130
"../../../Engine/Plugins/Animation/ControlRig/Content/Controls/ControlRig_Wedge_1mm.uexp" 131
"../../../Engine/Plugins/Animation/ControlRig/Content/Controls/ControlRig_Triangle_solid.uasset" 132
"../../../Engine/Plugins/Animation/ControlRig/Content/Controls/ControlRig_Triangle_solid.uexp" 133
"../../../Engine/Plugins/Animation/ControlRig/Content/Controls/ControlRig_Triangle_3mm.uasset" 134
"../../../Engine/Plugins/Animation/ControlRig/Content/Controls/ControlRig_Triangle_3mm.uexp" 135
"../../../Engine/Plugins/Animation/ControlRig/Content/Controls/ControlRig_Triangle_1mm.uasset" 136
"../../../Engine/Plugins/Animation/ControlRig/Content/Controls/ControlRig_Triangle_1mm.uexp" 137
"../../../Engine/Plugins/Animation/ControlRig/Content/Controls/ControlRig_Star4_solid.uasset" 138
"../../../Engine/Plugins/Animation/ControlRig/Content/Controls/ControlRig_Star4_solid.uexp" 139
"../../../Engine/Plugins/Animation/ControlRig/Content/Controls/ControlRig_Star4_3mm.uasset" 140
"../../../Engine/Plugins/Animation/ControlRig/Content/Controls/ControlRig_Star4_3mm.uexp" 141
"../../../Engine/Plugins/Animation/ControlRig/Content/Controls/ControlRig_Star4_1mm.uasset" 142
"../../../Engine/Plugins/Animation/ControlRig/Content/Controls/ControlRig_Star4_1mm.uexp" 143
"../../../Engine/Plugins/Animation/ControlRig/Content/Controls/ControlRig_Square_solid.uasset" 144
"../../../Engine/Plugins/Animation/ControlRig/Content/Controls/ControlRig_Square_solid.uexp" 145
"../../../Engine/Plugins/Animation/ControlRig/Content/Controls/ControlRig_Square_3mm.uasset" 146
"../../../Engine/Plugins/Animation/ControlRig/Content/Controls/ControlRig_Square_3mm.uexp" 147
"../../../Engine/Plugins/Animation/ControlRig/Content/Controls/ControlRig_Square_1mm.uasset" 148
"../../../Engine/Plugins/Animation/ControlRig/Content/Controls/ControlRig_Square_1mm.uexp" 149
"../../../Engine/Plugins/Animation/ControlRig/Content/Controls/ControlRig_Sphere_solid.uasset" 150
"../../../Engine/Plugins/Animation/ControlRig/Content/Controls/ControlRig_Sphere_solid.uexp" 151
"../../../Engine/Plugins/Animation/ControlRig/Content/Controls/ControlRig_Sphere_3mm.uasset" 152
"../../../Engine/Plugins/Animation/ControlRig/Content/Controls/ControlRig_Sphere_3mm.uexp" 153
"../../../Engine/Plugins/Animation/ControlRig/Content/Controls/ControlRig_Sphere_1mm.uasset" 154
"../../../Engine/Plugins/Animation/ControlRig/Content/Controls/ControlRig_Sphere_1mm.uexp" 155
"../../../Engine/Plugins/Runtime/MeshModelingToolset/Content/Materials/M_DynamicMeshComponentVtxColor.uasset" 156
"../../../Engine/Plugins/Runtime/MeshModelingToolset/Content/Materials/M_DynamicMeshComponentVtxColor.uexp" 157
"../../../Engine/Plugins/Interchange/Runtime/Content/Pipelines/DefaultTexturePipeline.uasset" 158
"../../../Engine/Plugins/Interchange/Runtime/Content/Pipelines/DefaultTexturePipeline.uexp" 159
"../../../Engine/Plugins/Interchange/Runtime/Content/Pipelines/DefaultSceneLevelPipeline.uasset" 160
"../../../Engine/Plugins/Interchange/Runtime/Content/Pipelines/DefaultSceneLevelPipeline.uexp" 161
"../../../Engine/Plugins/Interchange/Runtime/Content/Pipelines/DefaultSceneAssetsPipeline.uasset" 162
"../../../Engine/Plugins/Interchange/Runtime/Content/Pipelines/DefaultSceneAssetsPipeline.uexp" 163
"../../../Engine/Plugins/Interchange/Runtime/Content/Pipelines/DefaultMaterialPipeline.uasset" 164
"../../../Engine/Plugins/Interchange/Runtime/Content/Pipelines/DefaultMaterialPipeline.uexp" 165
"../../../Engine/Plugins/Interchange/Runtime/Content/Pipelines/DefaultAssetsPipeline.uasset" 166
"../../../Engine/Plugins/Interchange/Runtime/Content/Pipelines/DefaultAssetsPipeline.uexp" 167
"../../../Engine/Plugins/Editor/SpeedTreeImporter/Content/SpeedTree9/game_wind_noise.ubulk" 168
"../../../Engine/Plugins/Editor/SpeedTreeImporter/Content/SpeedTree9/game_wind_noise.uasset" 169
"../../../Engine/Plugins/Editor/SpeedTreeImporter/Content/SpeedTree9/game_wind_noise.uexp" 170
"../../../Engine/Plugins/Editor/SpeedTreeImporter/Content/SpeedTree9/UnpackDirection.uasset" 171
"../../../Engine/Plugins/Editor/SpeedTreeImporter/Content/SpeedTree9/UnpackDirection.uexp" 172
"../../../Engine/Content/Functions/Engine_MaterialFunctions02/ObjectLocalBounds.uasset" 173
"../../../Engine/Content/Functions/Engine_MaterialFunctions02/ObjectLocalBounds.uexp" 174
"../../../Engine/Content/Functions/Engine_MaterialFunctions02/Utility/BreakOutFloat3Components.uasset" 175
"../../../Engine/Content/Functions/Engine_MaterialFunctions02/Utility/BreakOutFloat3Components.uexp" 176
"../../../Engine/Content/Functions/Engine_MaterialFunctions02/UVs/BoundingBoxBased_0-1_UVW.uasset" 177
"../../../Engine/Content/Functions/Engine_MaterialFunctions02/UVs/BoundingBoxBased_0-1_UVW.uexp" 178
"../../../Engine/Content/Functions/Engine_MaterialFunctions02/Utility/VectorLength.uasset" 179
"../../../Engine/Content/Functions/Engine_MaterialFunctions02/Utility/VectorLength.uexp" 180
"../../../Engine/Plugins/Editor/SpeedTreeImporter/Content/SpeedTree9/UnpackInteger3.uasset" 181
"../../../Engine/Plugins/Editor/SpeedTreeImporter/Content/SpeedTree9/UnpackInteger3.uexp" 182
"../../../Engine/Plugins/Editor/SpeedTreeImporter/Content/SpeedTree9/SpeedTreeCameraFacing.uasset" 183
"../../../Engine/Plugins/Editor/SpeedTreeImporter/Content/SpeedTree9/SpeedTreeCameraFacing.uexp" 184
"../../../Engine/Content/Functions/Engine_MaterialFunctions02/WorldPositionOffset/ObjectScale.uasset" 185
"../../../Engine/Content/Functions/Engine_MaterialFunctions02/WorldPositionOffset/ObjectScale.uexp" 186
"../../../Engine/Content/Functions/Engine_MaterialFunctions02/SafeNormalize.uasset" 187
"../../../Engine/Content/Functions/Engine_MaterialFunctions02/SafeNormalize.uexp" 188
"../../../Engine/Plugins/Editor/SpeedTreeImporter/Content/SpeedTree9/SpeedTreeWindMotion.uasset" 189
"../../../Engine/Plugins/Editor/SpeedTreeImporter/Content/SpeedTree9/SpeedTreeWindMotion.uexp" 190
"../../../Engine/Plugins/Editor/SpeedTreeImporter/Content/SpeedTree9/SpeedTreeBranchMotion.uasset" 191
"../../../Engine/Plugins/Editor/SpeedTreeImporter/Content/SpeedTree9/SpeedTreeBranchMotion.uexp" 192
"../../../Engine/Plugins/Editor/SpeedTreeImporter/Content/SpeedTree9/SpeedTreeWind.uasset" 193
"../../../Engine/Plugins/Editor/SpeedTreeImporter/Content/SpeedTree9/SpeedTreeWind.uexp" 194
"../../../Engine/Plugins/Editor/SpeedTreeImporter/Content/SpeedTree9/EmptyNormal.uasset" 195
"../../../Engine/Plugins/Editor/SpeedTreeImporter/Content/SpeedTree9/EmptyNormal.uexp" 196
"../../../Engine/Plugins/Editor/SpeedTreeImporter/Content/SpeedTree9/Empty.uasset" 197
"../../../Engine/Plugins/Editor/SpeedTreeImporter/Content/SpeedTree9/Empty.uexp" 198
"../../../Engine/Plugins/Editor/SpeedTreeImporter/Content/SpeedTree9/SpeedTreeMaster.uasset" 199
"../../../Engine/Plugins/Editor/SpeedTreeImporter/Content/SpeedTree9/SpeedTreeMaster.uexp" 200
"../../../Engine/Plugins/Editor/SpeedTreeImporter/Content/SpeedTree9/SpeedTreeBillboard.uasset" 201
"../../../Engine/Plugins/Editor/SpeedTreeImporter/Content/SpeedTree9/SpeedTreeBillboard.uexp" 202
"../../../Engine/Plugins/Editor/SpeedTreeImporter/Content/SpeedTree9/SpeedTreeBillboardMaster.uasset" 203
"../../../Engine/Plugins/Editor/SpeedTreeImporter/Content/SpeedTree9/SpeedTreeBillboardMaster.uexp" 204
"../../../Engine/Plugins/Animation/ControlRig/Content/Controls/ControlRig_RoundedTriangle_solid.uasset" 205
"../../../Engine/Plugins/Animation/ControlRig/Content/Controls/ControlRig_RoundedTriangle_solid.uexp" 206
"../../../Engine/Plugins/Animation/ControlRig/Content/Controls/ControlRig_RoundedTriangle_3mm.uasset" 207
"../../../Engine/Plugins/Animation/ControlRig/Content/Controls/ControlRig_RoundedTriangle_3mm.uexp" 208
"../../../Engine/Plugins/Animation/ControlRig/Content/Controls/ControlRig_RoundedTriangle_1mm.uasset" 209
"../../../Engine/Plugins/Animation/ControlRig/Content/Controls/ControlRig_RoundedTriangle_1mm.uexp" 210
"../../../Engine/Plugins/Animation/ControlRig/Content/Controls/ControlRig_RoundedSquare_solid.uasset" 211
"../../../Engine/Plugins/Animation/ControlRig/Content/Controls/ControlRig_RoundedSquare_solid.uexp" 212
"../../../Engine/Plugins/Animation/ControlRig/Content/Controls/ControlRig_RoundedSquare_3mm.uasset" 213
"../../../Engine/Plugins/Animation/ControlRig/Content/Controls/ControlRig_RoundedSquare_3mm.uexp" 214
"../../../Engine/Plugins/Animation/ControlRig/Content/Controls/ControlRig_RoundedSquare_1mm.uasset" 215
"../../../Engine/Plugins/Animation/ControlRig/Content/Controls/ControlRig_RoundedSquare_1mm.uexp" 216
"../../../Engine/Plugins/Animation/ControlRig/Content/Controls/ControlRig_QuarterCircle_solid.uasset" 217
"../../../Engine/Plugins/Animation/ControlRig/Content/Controls/ControlRig_QuarterCircle_solid.uexp" 218
"../../../Engine/Plugins/Animation/ControlRig/Content/Controls/ControlRig_QuarterCircle_3mm.uasset" 219
"../../../Engine/Plugins/Animation/ControlRig/Content/Controls/ControlRig_QuarterCircle_3mm.uexp" 220
"../../../Engine/Plugins/Animation/ControlRig/Content/Controls/ControlRig_QuarterCircle_1mm.uasset" 221
"../../../Engine/Plugins/Animation/ControlRig/Content/Controls/ControlRig_QuarterCircle_1mm.uexp" 222
"../../../Engine/Plugins/Animation/ControlRig/Content/Controls/ControlRig_Pyramid_solid.uasset" 223
"../../../Engine/Plugins/Animation/ControlRig/Content/Controls/ControlRig_Pyramid_solid.uexp" 224
"../../../Engine/Plugins/Animation/ControlRig/Content/Controls/ControlRig_Pyramid_3mm.uasset" 225
"../../../Engine/Plugins/Animation/ControlRig/Content/Controls/ControlRig_Pyramid_3mm.uexp" 226
"../../../Engine/Plugins/Animation/ControlRig/Content/Controls/ControlRig_Pyramid_1mm.uasset" 227
"../../../Engine/Plugins/Animation/ControlRig/Content/Controls/ControlRig_Pyramid_1mm.uexp" 228
"../../../Engine/Plugins/Animation/ControlRig/Content/Controls/ControlRig_Octagon_solid.uasset" 229
"../../../Engine/Plugins/Animation/ControlRig/Content/Controls/ControlRig_Octagon_solid.uexp" 230
"../../../Engine/Plugins/Animation/ControlRig/Content/Controls/ControlRig_Octagon_3mm.uasset" 231
"../../../Engine/Plugins/Animation/ControlRig/Content/Controls/ControlRig_Octagon_3mm.uexp" 232
"../../../Engine/Plugins/Animation/ControlRig/Content/Controls/ControlRig_Octagon_1mm.uasset" 233
"../../../Engine/Plugins/Animation/ControlRig/Content/Controls/ControlRig_Octagon_1mm.uexp" 234
"../../../Engine/Plugins/Animation/ControlRig/Content/Controls/ControlRig_Hexagon_solid.uasset" 235
"../../../Engine/Plugins/Animation/ControlRig/Content/Controls/ControlRig_Hexagon_solid.uexp" 236
"../../../Engine/Plugins/Animation/ControlRig/Content/Controls/ControlRig_Hexagon_3mm.uasset" 237
"../../../Engine/Plugins/Animation/ControlRig/Content/Controls/ControlRig_Hexagon_3mm.uexp" 238
"../../../Engine/Plugins/Animation/ControlRig/Content/Controls/ControlRig_Hexagon_1mm.uasset" 239
"../../../Engine/Plugins/Animation/ControlRig/Content/Controls/ControlRig_Hexagon_1mm.uexp" 240
"../../../Engine/Plugins/Animation/ControlRig/Content/Controls/ControlRig_HalfCircle_solid.uasset" 241
"../../../Engine/Plugins/Animation/ControlRig/Content/Controls/ControlRig_HalfCircle_solid.uexp" 242
"../../../Engine/Plugins/Animation/ControlRig/Content/Controls/ControlRig_HalfCircle_3mm.uasset" 243
"../../../Engine/Plugins/Animation/ControlRig/Content/Controls/ControlRig_HalfCircle_3mm.uexp" 244
"../../../Engine/Plugins/Animation/ControlRig/Content/Controls/ControlRig_HalfCircle_1mm.uasset" 245
"../../../Engine/Plugins/Animation/ControlRig/Content/Controls/ControlRig_HalfCircle_1mm.uexp" 246
"../../../Engine/Plugins/Animation/ControlRig/Content/Controls/ControlRig_Diamond_solid.uasset" 247
"../../../Engine/Plugins/Animation/ControlRig/Content/Controls/ControlRig_Diamond_solid.uexp" 248
"../../../Engine/Plugins/Animation/ControlRig/Content/Controls/ControlRig_Diamond_3mm.uasset" 249
"../../../Engine/Plugins/Animation/ControlRig/Content/Controls/ControlRig_Diamond_3mm.uexp" 250
"../../../Engine/Plugins/Animation/ControlRig/Content/Controls/ControlRig_Diamond_1mm.uasset" 251
"../../../Engine/Plugins/Animation/ControlRig/Content/Controls/ControlRig_Diamond_1mm.uexp" 252
"../../../Engine/Plugins/Animation/ControlRig/Content/Controls/ControlRig_Circle_solid.uasset" 253
"../../../Engine/Plugins/Animation/ControlRig/Content/Controls/ControlRig_Circle_solid.uexp" 254
"../../../Engine/Plugins/Animation/ControlRig/Content/Controls/ControlRig_Circle_3mm.uasset" 255
"../../../Engine/Plugins/Animation/ControlRig/Content/Controls/ControlRig_Circle_3mm.uexp" 256
"../../../Engine/Plugins/Animation/ControlRig/Content/Controls/ControlRig_Circle_1mm.uasset" 257
"../../../Engine/Plugins/Animation/ControlRig/Content/Controls/ControlRig_Circle_1mm.uexp" 258
"../../../Engine/Plugins/Animation/ControlRig/Content/Controls/ControlRig_Box_solid.uasset" 259
"../../../Engine/Plugins/Animation/ControlRig/Content/Controls/ControlRig_Box_solid.uexp" 260
"../../../Engine/Plugins/Animation/ControlRig/Content/Controls/ControlRig_Box_3mm.uasset" 261
"../../../Engine/Plugins/Animation/ControlRig/Content/Controls/ControlRig_Box_3mm.uexp" 262
"../../../Engine/Plugins/Animation/ControlRig/Content/Controls/ControlRig_Box_1mm.uasset" 263
"../../../Engine/Plugins/Animation/ControlRig/Content/Controls/ControlRig_Box_1mm.uexp" 264
"../../../Engine/Plugins/Animation/ControlRig/Content/Controls/ControlRig_Arrow_solid.uasset" 265
"../../../Engine/Plugins/Animation/ControlRig/Content/Controls/ControlRig_Arrow_solid.uexp" 266
"../../../Engine/Plugins/Animation/ControlRig/Content/Controls/ControlRig_Arrow_3mm.uasset" 267
"../../../Engine/Plugins/Animation/ControlRig/Content/Controls/ControlRig_Arrow_3mm.uexp" 268
"../../../Engine/Plugins/Animation/ControlRig/Content/Controls/ControlRig_Arrow_1mm.uasset" 269
"../../../Engine/Plugins/Animation/ControlRig/Content/Controls/ControlRig_Arrow_1mm.uexp" 270
"../../../Engine/Plugins/Animation/ControlRig/Content/Controls/ControlRig_Arrow4_solid.uasset" 271
"../../../Engine/Plugins/Animation/ControlRig/Content/Controls/ControlRig_Arrow4_solid.uexp" 272
"../../../Engine/Plugins/Animation/ControlRig/Content/Controls/ControlRig_Arrow4_3mm.uasset" 273
"../../../Engine/Plugins/Animation/ControlRig/Content/Controls/ControlRig_Arrow4_3mm.uexp" 274
"../../../Engine/Plugins/Animation/ControlRig/Content/Controls/ControlRig_Arrow4_1mm.uasset" 275
"../../../Engine/Plugins/Animation/ControlRig/Content/Controls/ControlRig_Arrow4_1mm.uexp" 276
"../../../Engine/Plugins/Animation/ControlRig/Content/Controls/ControlRig_Arrow2_solid.uasset" 277
"../../../Engine/Plugins/Animation/ControlRig/Content/Controls/ControlRig_Arrow2_solid.uexp" 278
"../../../Engine/Plugins/Animation/ControlRig/Content/Controls/ControlRig_Arrow2_3mm.uasset" 279
"../../../Engine/Plugins/Animation/ControlRig/Content/Controls/ControlRig_Arrow2_3mm.uexp" 280
"../../../Engine/Plugins/Animation/ControlRig/Content/Controls/ControlRig_Arrow2_1mm.uasset" 281
"../../../Engine/Plugins/Animation/ControlRig/Content/Controls/ControlRig_Arrow2_1mm.uexp" 282
"../../../Engine/Plugins/Animation/ControlRig/Content/Controls/ControlRigXRayMaterial.uasset" 283
"../../../Engine/Plugins/Animation/ControlRig/Content/Controls/ControlRigXRayMaterial.uexp" 284
"../../../Engine/Plugins/Animation/ControlRig/Content/Controls/ControlRigGizmoMaterial.uasset" 285
"../../../Engine/Plugins/Animation/ControlRig/Content/Controls/ControlRigGizmoMaterial.uexp" 286
"../../../Engine/Content/EngineSounds/Master.uasset" 287
"../../../Engine/Content/EngineSounds/Master.uexp" 288
"../../../Engine/Content/EngineResources/WhiteSquareTexture.uasset" 289
"../../../Engine/Content/EngineResources/WhiteSquareTexture.uexp" 290
"../../../Engine/Content/EngineMaterials/Widget3DPassThrough.uasset" 291
"../../../Engine/Content/EngineMaterials/Widget3DPassThrough.uexp" 292
"../../../Engine/Content/EngineMaterials/Widget3DPassThrough_Translucent.uasset" 293
"../../../Engine/Content/EngineMaterials/Widget3DPassThrough_Translucent.uexp" 294
"../../../Engine/Content/EngineMaterials/Widget3DPassThrough_Translucent_OneSided.uasset" 295
"../../../Engine/Content/EngineMaterials/Widget3DPassThrough_Translucent_OneSided.uexp" 296
"../../../Engine/Content/EngineMaterials/Widget3DPassThrough_Opaque.uasset" 297
"../../../Engine/Content/EngineMaterials/Widget3DPassThrough_Opaque.uexp" 298
"../../../Engine/Content/EngineMaterials/Widget3DPassThrough_Opaque_OneSided.uasset" 299
"../../../Engine/Content/EngineMaterials/Widget3DPassThrough_Opaque_OneSided.uexp" 300
"../../../Engine/Content/EngineMaterials/Widget3DPassThrough_Masked_OneSided.uasset" 301
"../../../Engine/Content/EngineMaterials/Widget3DPassThrough_Masked_OneSided.uexp" 302
"../../../Engine/Content/EngineMaterials/Widget3DPassThrough_Masked.uasset" 303
"../../../Engine/Content/EngineMaterials/Widget3DPassThrough_Masked.uexp" 304
"../../../Engine/Content/EngineMaterials/STBlueNoise_vec2_128x128x64.uasset" 305
"../../../Engine/Content/EngineMaterials/STBlueNoise_vec2_128x128x64.uexp" 306
"../../../Engine/Content/EngineMaterials/STBlueNoise_scalar_128x128x64.uasset" 307
"../../../Engine/Content/EngineMaterials/STBlueNoise_scalar_128x128x64.uexp" 308
"../../../Engine/Content/EngineMaterials/RemoveSurfaceMaterial.uasset" 309
"../../../Engine/Content/EngineMaterials/RemoveSurfaceMaterial.uexp" 310
"../../../Engine/Content/EngineMaterials/DefaultCalibrationGrayscale.uasset" 311
"../../../Engine/Content/EngineMaterials/DefaultCalibrationGrayscale.uexp" 312
"../../../Engine/Content/EngineMaterials/PPM_DefaultCalibrationGrayscale.uasset" 313
"../../../Engine/Content/EngineMaterials/PPM_DefaultCalibrationGrayscale.uexp" 314
"../../../Engine/Content/EngineMaterials/DefaultCalibrationColor.uasset" 315
"../../../Engine/Content/EngineMaterials/DefaultCalibrationColor.uexp" 316
"../../../Engine/Content/EngineMaterials/PPM_DefaultCalibrationColor.uasset" 317
"../../../Engine/Content/EngineMaterials/PPM_DefaultCalibrationColor.uexp" 318
"../../../Engine/Content/EngineMaterials/PhAT_JointLimitMaterial.uasset" 319
"../../../Engine/Content/EngineMaterials/PhAT_JointLimitMaterial.uexp" 320
"../../../Engine/Content/EngineMaterials/NaniteHiddenSectionMaterial.uasset" 321
"../../../Engine/Content/EngineMaterials/NaniteHiddenSectionMaterial.uexp" 322
"../../../Engine/Content/EngineMaterials/InvalidLightmapSettings.ubulk" 323
"../../../Engine/Content/EngineMaterials/InvalidLightmapSettings.uasset" 324
"../../../Engine/Content/EngineMaterials/InvalidLightmapSettings.uexp" 325
"../../../Engine/Content/EngineMaterials/M_InvalidLightmapSettings.uasset" 326
"../../../Engine/Content/EngineMaterials/M_InvalidLightmapSettings.uexp" 327
"../../../Engine/Content/EngineMaterials/GizmoMaterial.uasset" 328
"../../../Engine/Content/EngineMaterials/GizmoMaterial.uexp" 329
"../../../Engine/Content/EngineMaterials/BaseFlattenEmissiveMap_VT.uasset" 330
"../../../Engine/Content/EngineMaterials/BaseFlattenEmissiveMap_VT.uexp" 331
"../../../Engine/Content/EngineMaterials/BaseFlattenGrayscaleMap_VT.uasset" 332
"../../../Engine/Content/EngineMaterials/BaseFlattenGrayscaleMap_VT.uexp" 333
"../../../Engine/Content/EngineMaterials/BaseFlattenLinearColor_VT.uasset" 334
"../../../Engine/Content/EngineMaterials/BaseFlattenLinearColor_VT.uexp" 335
"../../../Engine/Content/EngineMaterials/Black_1x1_EXR_Texture_VT.uasset" 336
"../../../Engine/Content/EngineMaterials/Black_1x1_EXR_Texture_VT.uexp" 337
"../../../Engine/Content/EngineMaterials/BaseFlattenDiffuseMap_VT.uasset" 338
"../../../Engine/Content/EngineMaterials/BaseFlattenDiffuseMap_VT.uexp" 339
"../../../Engine/Content/EngineMaterials/BaseFlattenNormalMap_VT.uasset" 340
"../../../Engine/Content/EngineMaterials/BaseFlattenNormalMap_VT.uexp" 341
"../../../Engine/Content/EngineMaterials/FlattenMaterial_WS_Normal_VT.uasset" 342
"../../../Engine/Content/EngineMaterials/FlattenMaterial_WS_Normal_VT.uexp" 343
"../../../Engine/Content/EngineMaterials/FlattenMaterial_VT.uasset" 344
"../../../Engine/Content/EngineMaterials/FlattenMaterial_VT.uexp" 345
"../../../Engine/Content/EngineMaterials/BaseFlattenNormalMap.uasset" 346
"../../../Engine/Content/EngineMaterials/BaseFlattenNormalMap.uexp" 347
"../../../Engine/Content/EngineMaterials/BaseFlattenGrayscaleMap.uasset" 348
"../../../Engine/Content/EngineMaterials/BaseFlattenGrayscaleMap.uexp" 349
"../../../Engine/Content/EngineMaterials/BaseFlattenDiffuseMap.uasset" 350
"../../../Engine/Content/EngineMaterials/BaseFlattenDiffuseMap.uexp" 351
"../../../Engine/Content/Functions/Engine_MaterialFunctions02/PivotPainter2/Black_1x1_EXR_Texture.uasset" 352
"../../../Engine/Content/Functions/Engine_MaterialFunctions02/PivotPainter2/Black_1x1_EXR_Texture.uexp" 353
"../../../Engine/Content/EngineMaterials/BaseFlattenEmissiveMap.uasset" 354
"../../../Engine/Content/EngineMaterials/BaseFlattenEmissiveMap.uexp" 355
"../../../Engine/Content/EngineMaterials/BaseFlattenLinearColor.uasset" 356
"../../../Engine/Content/EngineMaterials/BaseFlattenLinearColor.uexp" 357
"../../../Engine/Content/EngineMaterials/FlattenMaterial.uasset" 358
"../../../Engine/Content/EngineMaterials/FlattenMaterial.uexp" 359
"../../../Engine/Content/EngineMaterials/DefaultWhiteGrid_Low.uasset" 360
"../../../Engine/Content/EngineMaterials/DefaultWhiteGrid_Low.uexp" 361
"../../../Engine/Content/EngineMaterials/EmissiveMeshMaterial.uasset" 362
"../../../Engine/Content/EngineMaterials/EmissiveMeshMaterial.uexp" 363
"../../../Engine/Content/EngineFonts/RobotoDistanceField.uasset" 364
"../../../Engine/Content/EngineFonts/RobotoDistanceField.uexp" 365
"../../../Engine/Content/EngineMaterials/DefaultTextMaterialOpaque.uasset" 366
"../../../Engine/Content/EngineMaterials/DefaultTextMaterialOpaque.uexp" 367
"../../../Engine/Content/EngineMaterials/DefaultDiffuse.ubulk" 368
"../../../Engine/Content/EngineMaterials/DefaultDiffuse.uasset" 369
"../../../Engine/Content/EngineMaterials/DefaultDiffuse.uexp" 370
"../../../Engine/Content/Functions/Engine_MaterialFunctions02/Utility/BreakOutFloat2Components.uasset" 371
"../../../Engine/Content/Functions/Engine_MaterialFunctions02/Utility/BreakOutFloat2Components.uexp" 372
"../../../Engine/Content/EngineMaterials/DefaultPostProcessMaterial.uasset" 373
"../../../Engine/Content/EngineMaterials/DefaultPostProcessMaterial.uexp" 374
"../../../Engine/Content/EngineMaterials/DefaultPhysicalMaterial.uasset" 375
"../../../Engine/Content/EngineMaterials/DefaultPhysicalMaterial.uexp" 376
"../../../Engine/Content/EngineMaterials/DefaultLightFunctionMaterial.uasset" 377
"../../../Engine/Content/EngineMaterials/DefaultLightFunctionMaterial.uexp" 378
"../../../Engine/Content/EngineMaterials/DefaultDestructiblePhysicalMaterial.uasset" 379
"../../../Engine/Content/EngineMaterials/DefaultDestructiblePhysicalMaterial.uexp" 380
"../../../Engine/Content/EngineMaterials/DefaultDeferredDecalMaterial.uasset" 381
"../../../Engine/Content/EngineMaterials/DefaultDeferredDecalMaterial.uexp" 382
"../../../Engine/Content/EngineMaterials/DefaultBloomKernel.uasset" 383
"../../../Engine/Content/EngineMaterials/DefaultBloomKernel.uexp" 384
"../../../Engine/Content/EngineFonts/Faces/RobotoLight.uexp" 385
"../../../Engine/Content/EngineFonts/Faces/RobotoLight.uasset" 386
"../../../Engine/Content/EngineFonts/Faces/RobotoLight.ufont" 387
"../../../Engine/Content/EngineFonts/Faces/RobotoBold.uexp" 388
"../../../Engine/Content/EngineFonts/Faces/RobotoBold.uasset" 389
"../../../Engine/Content/EngineFonts/Faces/RobotoBold.ufont" 390
"../../../Engine/Content/EngineFonts/Faces/RobotoRegular.uexp" 391
"../../../Engine/Content/EngineFonts/Faces/RobotoRegular.uasset" 392
"../../../Engine/Content/EngineFonts/Faces/RobotoRegular.ufont" 393
"../../../Engine/Content/EngineFonts/Faces/DroidSansFallback.uexp" 394
"../../../Engine/Content/EngineFonts/Faces/DroidSansFallback.uasset" 395
"../../../Engine/Content/EngineFonts/Faces/DroidSansFallback.ufont" 396
"../../../Engine/Content/EngineFonts/Faces/RobotoItalic.uexp" 397
"../../../Engine/Content/EngineFonts/Faces/RobotoItalic.uasset" 398
"../../../Engine/Content/EngineFonts/Faces/RobotoItalic.ufont" 399
"../../../Engine/Content/EngineFonts/Faces/RobotoBoldItalic.uexp" 400
"../../../Engine/Content/EngineFonts/Faces/RobotoBoldItalic.uasset" 401
"../../../Engine/Content/EngineFonts/Faces/RobotoBoldItalic.ufont" 402
"../../../Engine/Content/EngineFonts/Roboto.uasset" 403
"../../../Engine/Content/EngineFonts/Roboto.uexp" 404
"../../../Engine/Content/Functions/Engine_MaterialFunctions02/Utility/CameraDirectionVector.uasset" 405
"../../../Engine/Content/Functions/Engine_MaterialFunctions02/Utility/CameraDirectionVector.uexp" 406
"../../../Engine/Content/EngineDebugMaterials/VolumeToRender.uasset" 407
"../../../Engine/Content/EngineDebugMaterials/VolumeToRender.uexp" 408
"../../../Engine/Content/EngineDebugMaterials/M_VolumeRenderSphereTracePP.uasset" 409
"../../../Engine/Content/EngineDebugMaterials/M_VolumeRenderSphereTracePP.uexp" 410
"../../../Engine/Content/EngineDebugMaterials/M_SimpleUnlitTranslucent.uasset" 411
"../../../Engine/Content/EngineDebugMaterials/M_SimpleUnlitTranslucent.uexp" 412
"../../../Engine/Content/EngineDebugMaterials/DebugMeshMaterial.uasset" 413
"../../../Engine/Content/EngineDebugMaterials/DebugMeshMaterial.uexp" 414
"../../../Engine/Content/EngineDebugMaterials/DebugEditorMaterial.uasset" 415
"../../../Engine/Content/EngineDebugMaterials/DebugEditorMaterial.uexp" 416
"../../../Engine/Content/EngineDamageTypes/DmgTypeBP_Environmental.uasset" 417
"../../../Engine/Content/EngineDamageTypes/DmgTypeBP_Environmental.uexp" 418
"../../../Engine/Content/EditorResources/EmptyActor.uasset" 419
"../../../Engine/Content/EditorResources/EmptyActor.uexp" 420
"../../../Engine/Content/EditorResources/BSPVertex.uasset" 421
"../../../Engine/Content/EditorResources/BSPVertex.uexp" 422
"../../../Engine/Content/EditorMaterials/PreviewShadowIndicator.ubulk" 423
"../../../Engine/Content/EditorMaterials/PreviewShadowIndicator.uasset" 424
"../../../Engine/Content/EditorMaterials/PreviewShadowIndicator.uexp" 425
"../../../Engine/Content/EditorMaterials/PreviewShadowIndicatorMaterial.uasset" 426
"../../../Engine/Content/EditorMaterials/PreviewShadowIndicatorMaterial.uexp" 427
"../../../Engine/Content/EditorMaterials/PhAT_UnselectedMaterial.uasset" 428
"../../../Engine/Content/EditorMaterials/PhAT_UnselectedMaterial.uexp" 429
"../../../Engine/Content/EditorMaterials/PhAT_NoCollisionMaterial.uasset" 430
"../../../Engine/Content/EditorMaterials/PhAT_NoCollisionMaterial.uexp" 431
"../../../Engine/Content/EditorLandscapeResources/DefaultAlphaTexture.uasset" 432
"../../../Engine/Content/EditorLandscapeResources/DefaultAlphaTexture.uexp" 433
"../../../Engine/Content/EditorLandscapeResources/DataLayer.uasset" 434
"../../../Engine/Content/EditorLandscapeResources/DataLayer.uexp" 435
"../../../Engine/Content/Animation/DefaultRecorderBoneCompression.uasset" 436
"../../../Engine/Content/Animation/DefaultRecorderBoneCompression.uexp" 437
"../../../Engine/Content/Animation/DefaultAnimCurveCompressionSettings.uasset" 438
"../../../Engine/Content/Animation/DefaultAnimCurveCompressionSettings.uexp" 439
"../../../Engine/Content/Animation/DefaultAnimBoneCompressionSettings.uasset" 440
"../../../Engine/Content/Animation/DefaultAnimBoneCompressionSettings.uexp" 441
"../../../Engine/Content/MobileResources/HUD/VirtualJoystick_Background.uasset" 442
"../../../Engine/Content/MobileResources/HUD/VirtualJoystick_Background.uexp" 443
"../../../Engine/Content/MobileResources/HUD/VirtualJoystick_Thumb.uasset" 444
"../../../Engine/Content/MobileResources/HUD/VirtualJoystick_Thumb.uexp" 445
"../../../Engine/Content/MobileResources/HUD/DefaultVirtualJoysticks.uasset" 446
"../../../Engine/Content/MobileResources/HUD/DefaultVirtualJoysticks.uexp" 447
"../../../Engine/Content/EngineSky/VolumetricClouds/CloudWeatherTexture.uasset" 448
"../../../Engine/Content/EngineSky/VolumetricClouds/CloudWeatherTexture.uexp" 449
"../../../Engine/Content/Functions/Engine_MaterialFunctions02/Utility/MakeFloat2.uasset" 450
"../../../Engine/Content/Functions/Engine_MaterialFunctions02/Utility/MakeFloat2.uexp" 451
"../../../Engine/Content/EngineSky/VolumetricClouds/CloudGradientTexture.uasset" 452
"../../../Engine/Content/EngineSky/VolumetricClouds/CloudGradientTexture.uexp" 453
"../../../Engine/Content/EngineSky/VolumetricClouds/T_NoiseShape64.ubulk" 454
"../../../Engine/Content/EngineSky/VolumetricClouds/T_NoiseShape64.uasset" 455
"../../../Engine/Content/EngineSky/VolumetricClouds/T_NoiseShape64.uexp" 456
"../../../Engine/Content/EngineSky/VolumetricClouds/T_VolumeNoiseShape64.uasset" 457
"../../../Engine/Content/EngineSky/VolumetricClouds/T_VolumeNoiseShape64.uexp" 458
"../../../Engine/Content/EngineSky/VolumetricClouds/T_NoiseErosion.ubulk" 459
"../../../Engine/Content/EngineSky/VolumetricClouds/T_NoiseErosion.uasset" 460
"../../../Engine/Content/EngineSky/VolumetricClouds/T_NoiseErosion.uexp" 461
"../../../Engine/Content/EngineSky/VolumetricClouds/T_VolumeNoiseErosion32.uasset" 462
"../../../Engine/Content/EngineSky/VolumetricClouds/T_VolumeNoiseErosion32.uexp" 463
"../../../Engine/Content/EngineSky/VolumetricClouds/m_SimpleVolumetricCloud.uasset" 464
"../../../Engine/Content/EngineSky/VolumetricClouds/m_SimpleVolumetricCloud.uexp" 465
"../../../Engine/Content/EngineSky/VolumetricClouds/m_SimpleVolumetricCloud_Inst.uasset" 466
"../../../Engine/Content/EngineSky/VolumetricClouds/m_SimpleVolumetricCloud_Inst.uexp" 467
"../../../Engine/Content/EngineResources/FilmGrains/Marcie_Grain_v3_128_M2_000.uasset" 468
"../../../Engine/Content/EngineResources/FilmGrains/Marcie_Grain_v3_128_M2_000.uexp" 469
"../../../Engine/Content/EditorResources/SequenceRecorder/RecordingIndicator.uasset" 470
"../../../Engine/Content/EditorResources/SequenceRecorder/RecordingIndicator.uexp" 471
"../../../Engine/Content/EditorResources/SequenceRecorder/Countdown.uasset" 472
"../../../Engine/Content/EditorResources/SequenceRecorder/Countdown.uexp" 473
"../../../Engine/Content/EditorResources/LightIcons/S_LightError.uasset" 474
"../../../Engine/Content/EditorResources/LightIcons/S_LightError.uexp" 475
"D:/Unreal Projects/OmniMancer/Content/BP/AI/BT_Components/BTDecorator_PlayerInRange.uasset" 476
"D:/Unreal Projects/OmniMancer/Content/BP/AI/BT_Components/BTDecorator_PlayerInRange.uexp" 477
"../../../Engine/Content/Functions/Engine_MaterialFunctions01/Shading/PowerToRoughness.uasset" 478
"../../../Engine/Content/Functions/Engine_MaterialFunctions01/Shading/PowerToRoughness.uexp" 479
"../../../Engine/Content/Functions/Engine_MaterialFunctions01/Shading/ConvertFromDiffSpec.uasset" 480
"../../../Engine/Content/Functions/Engine_MaterialFunctions01/Shading/ConvertFromDiffSpec.uexp" 481
"../../../Engine/Content/EngineMaterials/DefaultMaterial.uasset" 482
"../../../Engine/Content/EngineMaterials/DefaultMaterial.uexp" 483
"../../../Engine/Content/Maps/Entry_BuiltData.uasset" 484
"../../../Engine/Content/Maps/Entry_BuiltData.uexp" 485
"../../../Engine/Content/Maps/Entry.uexp" 486
"../../../Engine/Content/Maps/Entry.umap" 487
"../../../Engine/Content/BasicShapes/Cube.uasset" 488
"../../../Engine/Content/BasicShapes/Cube.uexp" 489
"../../../Engine/Content/Functions/Engine_MaterialFunctions02/Utility/VectorToRadialValue.uasset" 490
"../../../Engine/Content/Functions/Engine_MaterialFunctions02/Utility/VectorToRadialValue.uexp" 491
"../../../Engine/Content/Functions/Engine_MaterialFunctions02/Texturing/CustomRotator.uasset" 492
"../../../Engine/Content/Functions/Engine_MaterialFunctions02/Texturing/CustomRotator.uexp" 493
"../../../Engine/Content/Functions/Engine_MaterialFunctions01/Density/ExponentialDensity.uasset" 494
"../../../Engine/Content/Functions/Engine_MaterialFunctions01/Density/ExponentialDensity.uexp" 495
"../../../Engine/Content/Functions/Engine_MaterialFunctions01/Gradient/RadialGradientExponential.uasset" 496
"../../../Engine/Content/Functions/Engine_MaterialFunctions01/Gradient/RadialGradientExponential.uexp" 497
"D:/Unreal Projects/OmniMancer/Content/UI/M_CircularProgressBar.uasset" 498
"D:/Unreal Projects/OmniMancer/Content/UI/M_CircularProgressBar.uexp" 499
"D:/Unreal Projects/OmniMancer/Content/UI/MI_CircularProgressBar.uasset" 500
"D:/Unreal Projects/OmniMancer/Content/UI/MI_CircularProgressBar.uexp" 501
"D:/Unreal Projects/OmniMancer/Content/UI/BP_ActiveStatusEffect.uasset" 502
"D:/Unreal Projects/OmniMancer/Content/UI/BP_ActiveStatusEffect.uexp" 503
"D:/Unreal Projects/OmniMancer/Content/UI/BP_ActiveStatusEffectsBar.uasset" 504
"D:/Unreal Projects/OmniMancer/Content/UI/BP_ActiveStatusEffectsBar.uexp" 505
"D:/Unreal Projects/OmniMancer/Content/UI/BP_Healthbar.uasset" 506
"D:/Unreal Projects/OmniMancer/Content/UI/BP_Healthbar.uexp" 507
"D:/Unreal Projects/OmniMancer/Content/UI/BP_EnemyWidget.uasset" 508
"D:/Unreal Projects/OmniMancer/Content/UI/BP_EnemyWidget.uexp" 509
"D:/Unreal Projects/OmniMancer/Content/UI/FloatingDamgeText.uasset" 510
"D:/Unreal Projects/OmniMancer/Content/UI/FloatingDamgeText.uexp" 511
"D:/Unreal Projects/OmniMancer/Content/UI/BP_FloatingTextActor.uasset" 512
"D:/Unreal Projects/OmniMancer/Content/UI/BP_FloatingTextActor.uexp" 513
"../../../Engine/Plugins/FX/Niagara/Content/Enums/ENiagaraExpansionMode.uasset" 514
"../../../Engine/Plugins/FX/Niagara/Content/Enums/ENiagaraExpansionMode.uexp" 515
"../../../Engine/Plugins/FX/Niagara/Content/Enums/ENiagaraSphereDistributionMode.uasset" 516
"../../../Engine/Plugins/FX/Niagara/Content/Enums/ENiagaraSphereDistributionMode.uexp" 517
"../../../Engine/Plugins/FX/Niagara/Content/Enums/ENiagaraRandomnessMode.uasset" 518
"../../../Engine/Plugins/FX/Niagara/Content/Enums/ENiagaraRandomnessMode.uexp" 519
"../../../Engine/Plugins/FX/Niagara/Content/Enums/ENiagaraTorusDistributionMode.uasset" 520
"../../../Engine/Plugins/FX/Niagara/Content/Enums/ENiagaraTorusDistributionMode.uexp" 521
"../../../Engine/Plugins/FX/Niagara/Content/Enums/ENiagara_MassInitializationMode.uasset" 522
"../../../Engine/Plugins/FX/Niagara/Content/Enums/ENiagara_MassInitializationMode.uexp" 523
"../../../Engine/Plugins/FX/Niagara/Content/DefaultAssets/DefaultSpriteMaterial.uasset" 524
"../../../Engine/Plugins/FX/Niagara/Content/DefaultAssets/DefaultSpriteMaterial.uexp" 525
"../../../Engine/Plugins/FX/Niagara/Content/Enums/ENiagara_PositionInitializationMode.uasset" 526
"../../../Engine/Plugins/FX/Niagara/Content/Enums/ENiagara_PositionInitializationMode.uexp" 527
"../../../Engine/Plugins/FX/Niagara/Content/Icons/Modules/T_Icon_Solver_LimitSpeed.uasset" 528
"../../../Engine/Plugins/FX/Niagara/Content/Icons/Modules/T_Icon_Solver_LimitSpeed.uexp" 529
"../../../Engine/Plugins/FX/Niagara/Content/Icons/Modules/T_Icon_Solver_RotationalSolve.uasset" 530
"../../../Engine/Plugins/FX/Niagara/Content/Icons/Modules/T_Icon_Solver_RotationalSolve.uexp" 531
"../../../Engine/Plugins/FX/Niagara/Content/Icons/Modules/T_Icon_Solver_LimitAccel.uasset" 532
"../../../Engine/Plugins/FX/Niagara/Content/Icons/Modules/T_Icon_Solver_LimitAccel.uexp" 533
"../../../Engine/Plugins/FX/Niagara/Content/Enums/ENiagara_SizeScaleMode.uasset" 534
"../../../Engine/Plugins/FX/Niagara/Content/Enums/ENiagara_SizeScaleMode.uexp" 535
"../../../Engine/Plugins/FX/Niagara/Content/Enums/ENiagara_UVFlippingMode.uasset" 536
"../../../Engine/Plugins/FX/Niagara/Content/Enums/ENiagara_UVFlippingMode.uexp" 537
"../../../Engine/Plugins/FX/Niagara/Content/Enums/ENiagaraRandomnessEvaluation.uasset" 538
"../../../Engine/Plugins/FX/Niagara/Content/Enums/ENiagaraRandomnessEvaluation.uexp" 539
"../../../Engine/Plugins/FX/Niagara/Content/Enums/Ribbons/ENiagara_UnsetDirectSetRandom.uasset" 540
"../../../Engine/Plugins/FX/Niagara/Content/Enums/Ribbons/ENiagara_UnsetDirectSetRandom.uexp" 541
"../../../Engine/Plugins/FX/Niagara/Content/Enums/ENiagara_LifetimeMode.uasset" 542
"../../../Engine/Plugins/FX/Niagara/Content/Enums/ENiagara_LifetimeMode.uexp" 543
"../../../Engine/Plugins/FX/Niagara/Content/Enums/Ribbons/ENiagara_UnsetDirectSet.uasset" 544
"../../../Engine/Plugins/FX/Niagara/Content/Enums/Ribbons/ENiagara_UnsetDirectSet.uexp" 545
"../../../Engine/Plugins/FX/Niagara/Content/Enums/ENiagara_SpriteRotationMode.uasset" 546
"../../../Engine/Plugins/FX/Niagara/Content/Enums/ENiagara_SpriteRotationMode.uexp" 547
"../../../Engine/Plugins/FX/Niagara/Content/Enums/ENiagara_ColorInitializationMode.uasset" 548
"../../../Engine/Plugins/FX/Niagara/Content/Enums/ENiagara_ColorInitializationMode.uexp" 549
"../../../Engine/Plugins/FX/Niagara/Content/Enums/ENiagaraChannelCorrelation.uasset" 550
"../../../Engine/Plugins/FX/Niagara/Content/Enums/ENiagaraChannelCorrelation.uexp" 551
"../../../Engine/Plugins/FX/Niagara/Content/Enums/ENiagaraEmitterLifeCycleMode.uasset" 552
"../../../Engine/Plugins/FX/Niagara/Content/Enums/ENiagaraEmitterLifeCycleMode.uexp" 553
"../../../Engine/Plugins/FX/Niagara/Content/Enums/ENiagara_InfiniteLoopDuration.uasset" 554
"../../../Engine/Plugins/FX/Niagara/Content/Enums/ENiagara_InfiniteLoopDuration.uexp" 555
"../../../Engine/Plugins/FX/Niagara/Content/Enums/ENiagara_EmitterStateOptions.uasset" 556
"../../../Engine/Plugins/FX/Niagara/Content/Enums/ENiagara_EmitterStateOptions.uexp" 557
"../../../Engine/Plugins/FX/Niagara/Content/Enums/ENiagaraInactiveMode.uasset" 558
"../../../Engine/Plugins/FX/Niagara/Content/Enums/ENiagaraInactiveMode.uexp" 559
"../../../Engine/Plugins/FX/Niagara/Content/Enums/ENiagaraExecutionStateManagement.uasset" 560
"../../../Engine/Plugins/FX/Niagara/Content/Enums/ENiagaraExecutionStateManagement.uexp" 561
"../../../Engine/Plugins/FX/Niagara/Content/Enums/ENiagaraEmitterScalabilityMode_Limited.uasset" 562
"../../../Engine/Plugins/FX/Niagara/Content/Enums/ENiagaraEmitterScalabilityMode_Limited.uexp" 563
"../../../Engine/Plugins/FX/Niagara/Content/Enums/ENiagaraVector4_Channels.uasset" 564
"../../../Engine/Plugins/FX/Niagara/Content/Enums/ENiagaraVector4_Channels.uexp" 565
"../../../Engine/Plugins/FX/Niagara/Content/Icons/Modules/T_Icon_Particle_InfiniteLife.uasset" 566
"../../../Engine/Plugins/FX/Niagara/Content/Icons/Modules/T_Icon_Particle_InfiniteLife.uexp" 567
"../../../Engine/Plugins/FX/Niagara/Content/Enums/ENiagaraTorusMode.uasset" 568
"../../../Engine/Plugins/FX/Niagara/Content/Enums/ENiagaraTorusMode.uexp" 569
"../../../Engine/Plugins/FX/Niagara/Content/Enums/Angles/ENiagara_AngleInput.uasset" 570
"../../../Engine/Plugins/FX/Niagara/Content/Enums/Angles/ENiagara_AngleInput.uexp" 571
"../../../Engine/Plugins/FX/Niagara/Content/Enums/Utility/ENiagara_VelocityMode.uasset" 572
"../../../Engine/Plugins/FX/Niagara/Content/Enums/Utility/ENiagara_VelocityMode.uexp" 573
"../../../Engine/Plugins/FX/Niagara/Content/Enums/Transforms/ENiagara_RotationMode.uasset" 574
"../../../Engine/Plugins/FX/Niagara/Content/Enums/Transforms/ENiagara_RotationMode.uexp" 575
"D:/Unreal Projects/OmniMancer/Content/Star.uasset" 576
"D:/Unreal Projects/OmniMancer/Content/Star.uexp" 577
"../../../Engine/Plugins/FX/Niagara/Content/Enums/ENiagaraSystemInactiveMode.uasset" 578
"../../../Engine/Plugins/FX/Niagara/Content/Enums/ENiagaraSystemInactiveMode.uexp" 579
"D:/Unreal Projects/OmniMancer/Content/Particles/BaseCharacterSystem.uasset" 580
"D:/Unreal Projects/OmniMancer/Content/Particles/BaseCharacterSystem.uexp" 581
"D:/Unreal Projects/OmniMancer/Content/Materials/M_Coin.uasset" 582
"D:/Unreal Projects/OmniMancer/Content/Materials/M_Coin.uexp" 583
"D:/Unreal Projects/OmniMancer/Content/BP/CoinSpeed.uasset" 584
"D:/Unreal Projects/OmniMancer/Content/BP/CoinSpeed.uexp" 585
"D:/Unreal Projects/OmniMancer/Content/BP/BP_Coin.uasset" 586
"D:/Unreal Projects/OmniMancer/Content/BP/BP_Coin.uexp" 587
"D:/Unreal Projects/OmniMancer/Content/UI/BP_HealFloatingTextActor.uasset" 588
"D:/Unreal Projects/OmniMancer/Content/UI/BP_HealFloatingTextActor.uexp" 589
"../../../Engine/Content/EditorBlueprintResources/StandardMacros.uasset" 590
"../../../Engine/Content/EditorBlueprintResources/StandardMacros.uexp" 591
"D:/Unreal Projects/OmniMancer/Content/BP/Enemies/BP_BaseEnemy.uasset" 592
"D:/Unreal Projects/OmniMancer/Content/BP/Enemies/BP_BaseEnemy.uexp" 593
"../../../Engine/Content/BasicShapes/Sphere.uasset" 594
"../../../Engine/Content/BasicShapes/Sphere.uexp" 595
"../../../Engine/Content/BasicShapes/Plane.uasset" 596
"../../../Engine/Content/BasicShapes/Plane.uexp" 597
"D:/Unreal Projects/OmniMancer/Content/GoodSky/Source/ArrowTool/M_GoodSky_Sun_Emissive.uasset" 598
"D:/Unreal Projects/OmniMancer/Content/GoodSky/Source/ArrowTool/M_GoodSky_Sun_Emissive.uexp" 599
"D:/Unreal Projects/OmniMancer/Content/GoodSky/Source/ArrowTool/SM_GoodSky_StarMesh.uasset" 600
"D:/Unreal Projects/OmniMancer/Content/GoodSky/Source/ArrowTool/SM_GoodSky_StarMesh.uexp" 601
"D:/Unreal Projects/OmniMancer/Content/GoodSky/Source/Data/Curve/Curve_GoodSky_DomeColor.uasset" 602
"D:/Unreal Projects/OmniMancer/Content/GoodSky/Source/Data/Curve/Curve_GoodSky_DomeColor.uexp" 603
"D:/Unreal Projects/OmniMancer/Content/GoodSky/Source/Data/Enum/Enum_GoodSky_Clouds_Coverage.uasset" 604
"D:/Unreal Projects/OmniMancer/Content/GoodSky/Source/Data/Enum/Enum_GoodSky_Clouds_Coverage.uexp" 605
"D:/Unreal Projects/OmniMancer/Content/GoodSky/Source/Data/Enum/Enum_GoodSky_Effects.uasset" 606
"D:/Unreal Projects/OmniMancer/Content/GoodSky/Source/Data/Enum/Enum_GoodSky_Effects.uexp" 607
"D:/Unreal Projects/OmniMancer/Content/GoodSky/Source/Textures/T_GoodSky_clouds_E.ubulk" 608
"D:/Unreal Projects/OmniMancer/Content/GoodSky/Source/Textures/T_GoodSky_clouds_E.uasset" 609
"D:/Unreal Projects/OmniMancer/Content/GoodSky/Source/Textures/T_GoodSky_clouds_E.uexp" 610
"D:/Unreal Projects/OmniMancer/Content/GoodSky/Source/Data/Curve/Curve_GoodSky_SunDirection_Vector.uasset" 611
"D:/Unreal Projects/OmniMancer/Content/GoodSky/Source/Data/Curve/Curve_GoodSky_SunDirection_Vector.uexp" 612
"../../../Engine/Content/Functions/Engine_MaterialFunctions01/Gradient/LinearGradient.uasset" 613
"../../../Engine/Content/Functions/Engine_MaterialFunctions01/Gradient/LinearGradient.uexp" 614
"D:/Unreal Projects/OmniMancer/Content/GoodSky/Source/Materials/Material_Function/MF_GoodSky_Top_part_alpha.uasset" 615
"D:/Unreal Projects/OmniMancer/Content/GoodSky/Source/Materials/Material_Function/MF_GoodSky_Top_part_alpha.uexp" 616
"../../../Engine/Content/Functions/Engine_MaterialFunctions02/ExampleContent/DebugNumberStrip.uasset" 617
"../../../Engine/Content/Functions/Engine_MaterialFunctions02/ExampleContent/DebugNumberStrip.uexp" 618
"../../../Engine/Content/Functions/Engine_MaterialFunctions01/Texturing/ComputeMipLevel.uasset" 619
"../../../Engine/Content/Functions/Engine_MaterialFunctions01/Texturing/ComputeMipLevel.uexp" 620
"../../../Engine/Content/Functions/Engine_MaterialFunctions01/Texturing/TextureCropping.uasset" 621
"../../../Engine/Content/Functions/Engine_MaterialFunctions01/Texturing/TextureCropping.uexp" 622
"../../../Engine/Content/Functions/Engine_MaterialFunctions02/ExampleContent/Textures/DebugNumberPeriod.uasset" 623
"../../../Engine/Content/Functions/Engine_MaterialFunctions02/ExampleContent/Textures/DebugNumberPeriod.uexp" 624
"../../../Engine/Content/Functions/Engine_MaterialFunctions02/Utility/DebugScalarValues.uasset" 625
"../../../Engine/Content/Functions/Engine_MaterialFunctions02/Utility/DebugScalarValues.uexp" 626
"../../../Engine/Content/Functions/Engine_MaterialFunctions02/Utility/DebugFloat3Values.uasset" 627
"../../../Engine/Content/Functions/Engine_MaterialFunctions02/Utility/DebugFloat3Values.uexp" 628
"D:/Unreal Projects/OmniMancer/Content/GoodSky/Source/Textures/T_GoodSky_Lightning.ubulk" 629
"D:/Unreal Projects/OmniMancer/Content/GoodSky/Source/Textures/T_GoodSky_Lightning.uasset" 630
"D:/Unreal Projects/OmniMancer/Content/GoodSky/Source/Textures/T_GoodSky_Lightning.uexp" 631
"D:/Unreal Projects/OmniMancer/Content/GoodSky/Source/Materials/Material_Function/MF_GoodSky_Time.uasset" 632
"D:/Unreal Projects/OmniMancer/Content/GoodSky/Source/Materials/Material_Function/MF_GoodSky_Time.uexp" 633
"D:/Unreal Projects/OmniMancer/Content/GoodSky/Source/Materials/Material_Function/MF_GoodSky_Global_Setting.uasset" 634
"D:/Unreal Projects/OmniMancer/Content/GoodSky/Source/Materials/Material_Function/MF_GoodSky_Global_Setting.uexp" 635
"../../../Engine/Content/Functions/Engine_MaterialFunctions02/Utility/MakeFloat3.uasset" 636
"../../../Engine/Content/Functions/Engine_MaterialFunctions02/Utility/MakeFloat3.uexp" 637
"../../../Engine/Content/Functions/Engine_MaterialFunctions02/Math/RGBtoHSV.uasset" 638
"../../../Engine/Content/Functions/Engine_MaterialFunctions02/Math/RGBtoHSV.uexp" 639
"D:/Unreal Projects/OmniMancer/Content/GoodSky/Source/Textures/T_GoodSky_noise_smooth.ubulk" 640
"D:/Unreal Projects/OmniMancer/Content/GoodSky/Source/Textures/T_GoodSky_noise_smooth.uasset" 641
"D:/Unreal Projects/OmniMancer/Content/GoodSky/Source/Textures/T_GoodSky_noise_smooth.uexp" 642
"D:/Unreal Projects/OmniMancer/Content/GoodSky/Source/Materials/Material_Function/MF_GoodSky_LightningFlick.uasset" 643
"D:/Unreal Projects/OmniMancer/Content/GoodSky/Source/Materials/Material_Function/MF_GoodSky_LightningFlick.uexp" 644
"../../../Engine/Content/Functions/Engine_MaterialFunctions01/Texturing/ScaleUVsAroundPoint.uasset" 645
"../../../Engine/Content/Functions/Engine_MaterialFunctions01/Texturing/ScaleUVsAroundPoint.uexp" 646
"../../../Engine/Content/Functions/Engine_MaterialFunctions01/ImageAdjustment/DeriveHDRfromLDR.uasset" 647
"../../../Engine/Content/Functions/Engine_MaterialFunctions01/ImageAdjustment/DeriveHDRfromLDR.uexp" 648
"D:/Unreal Projects/OmniMancer/Content/GoodSky/Source/Textures/T_GoodSky_clouds_sphere.uasset" 649
"D:/Unreal Projects/OmniMancer/Content/GoodSky/Source/Textures/T_GoodSky_clouds_sphere.uexp" 650
"D:/Unreal Projects/OmniMancer/Content/GoodSky/Source/Textures/T_GoodSky_clouds_A.ubulk" 651
"D:/Unreal Projects/OmniMancer/Content/GoodSky/Source/Textures/T_GoodSky_clouds_A.uasset" 652
"D:/Unreal Projects/OmniMancer/Content/GoodSky/Source/Textures/T_GoodSky_clouds_A.uexp" 653
"D:/Unreal Projects/OmniMancer/Content/GoodSky/Source/Materials/Material_Function/MF_GoodSky_SkyDomeAlpha.uasset" 654
"D:/Unreal Projects/OmniMancer/Content/GoodSky/Source/Materials/Material_Function/MF_GoodSky_SkyDomeAlpha.uexp" 655
"D:/Unreal Projects/OmniMancer/Content/GoodSky/Source/Textures/T_GoodSky_clouds_B.ubulk" 656
"D:/Unreal Projects/OmniMancer/Content/GoodSky/Source/Textures/T_GoodSky_clouds_B.uasset" 657
"D:/Unreal Projects/OmniMancer/Content/GoodSky/Source/Textures/T_GoodSky_clouds_B.uexp" 658
"D:/Unreal Projects/OmniMancer/Content/GoodSky/Source/Materials/Material_Function/MF_GoodSky_Clouds_Setting.uasset" 659
"D:/Unreal Projects/OmniMancer/Content/GoodSky/Source/Materials/Material_Function/MF_GoodSky_Clouds_Setting.uexp" 660
"D:/Unreal Projects/OmniMancer/Content/GoodSky/Source/Textures/T_GoodSky_clouds_F.ubulk" 661
"D:/Unreal Projects/OmniMancer/Content/GoodSky/Source/Textures/T_GoodSky_clouds_F.uasset" 662
"D:/Unreal Projects/OmniMancer/Content/GoodSky/Source/Textures/T_GoodSky_clouds_F.uexp" 663
"D:/Unreal Projects/OmniMancer/Content/GoodSky/Source/Materials/M_GoodSky_Storm.uasset" 664
"D:/Unreal Projects/OmniMancer/Content/GoodSky/Source/Materials/M_GoodSky_Storm.uexp" 665
"D:/Unreal Projects/OmniMancer/Content/GoodSky/Source/Textures/T_GoodSky_Moon.uasset" 666
"D:/Unreal Projects/OmniMancer/Content/GoodSky/Source/Textures/T_GoodSky_Moon.uexp" 667
"D:/Unreal Projects/OmniMancer/Content/GoodSky/Source/Materials/Material_Function/MF_GoodSky_Moon_Setting.uasset" 668
"D:/Unreal Projects/OmniMancer/Content/GoodSky/Source/Materials/Material_Function/MF_GoodSky_Moon_Setting.uexp" 669
"D:/Unreal Projects/OmniMancer/Content/GoodSky/Source/Materials/M_GoodSky_Moon.uasset" 670
"D:/Unreal Projects/OmniMancer/Content/GoodSky/Source/Materials/M_GoodSky_Moon.uexp" 671
"D:/Unreal Projects/OmniMancer/Content/GoodSky/Source/Data/Enum/Enum_GoodSky_MeshType.uasset" 672
"D:/Unreal Projects/OmniMancer/Content/GoodSky/Source/Data/Enum/Enum_GoodSky_MeshType.uexp" 673
"D:/Unreal Projects/OmniMancer/Content/GoodSky/Source/Textures/T_GoodSky_clouds_D.ubulk" 674
"D:/Unreal Projects/OmniMancer/Content/GoodSky/Source/Textures/T_GoodSky_clouds_D.uasset" 675
"D:/Unreal Projects/OmniMancer/Content/GoodSky/Source/Textures/T_GoodSky_clouds_D.uexp" 676
"D:/Unreal Projects/OmniMancer/Content/GoodSky/Source/Data/Curve/Curve_GoodSky_SunLight.uasset" 677
"D:/Unreal Projects/OmniMancer/Content/GoodSky/Source/Data/Curve/Curve_GoodSky_SunLight.uexp" 678
"D:/Unreal Projects/OmniMancer/Content/GoodSky/Source/Materials/M_GoodSky_Base.uasset" 679
"D:/Unreal Projects/OmniMancer/Content/GoodSky/Source/Materials/M_GoodSky_Base.uexp" 680
"D:/Unreal Projects/OmniMancer/Content/GoodSky/Source/Data/Curve/Curve_GoodSky_Stars.uasset" 681
"D:/Unreal Projects/OmniMancer/Content/GoodSky/Source/Data/Curve/Curve_GoodSky_Stars.uexp" 682
"D:/Unreal Projects/OmniMancer/Content/GoodSky/Source/ArrowTool/T_GoodSky_SkyRing.ubulk" 683
"D:/Unreal Projects/OmniMancer/Content/GoodSky/Source/ArrowTool/T_GoodSky_SkyRing.uasset" 684
"D:/Unreal Projects/OmniMancer/Content/GoodSky/Source/ArrowTool/T_GoodSky_SkyRing.uexp" 685
"D:/Unreal Projects/OmniMancer/Content/GoodSky/Source/ArrowTool/M_GoodSky_SkyRing_.uasset" 686
"D:/Unreal Projects/OmniMancer/Content/GoodSky/Source/ArrowTool/M_GoodSky_SkyRing_.uexp" 687
"D:/Unreal Projects/OmniMancer/Content/GoodSky/Source/Data/Curve/Curve_GoodSky_horizon_Color.uasset" 688
"D:/Unreal Projects/OmniMancer/Content/GoodSky/Source/Data/Curve/Curve_GoodSky_horizon_Color.uexp" 689
"D:/Unreal Projects/OmniMancer/Content/GoodSky/Source/Mesh/SM_GoodSky_Sphere.uasset" 690
"D:/Unreal Projects/OmniMancer/Content/GoodSky/Source/Mesh/SM_GoodSky_Sphere.uexp" 691
"D:/Unreal Projects/OmniMancer/Content/GoodSky/Source/Mesh/SM_GoodSky_Hemisphere.uasset" 692
"D:/Unreal Projects/OmniMancer/Content/GoodSky/Source/Mesh/SM_GoodSky_Hemisphere.uexp" 693
"D:/Unreal Projects/OmniMancer/Content/GoodSky/Source/Data/Curve/Curve_GoodSky_BaseCloudColor.uasset" 694
"D:/Unreal Projects/OmniMancer/Content/GoodSky/Source/Data/Curve/Curve_GoodSky_BaseCloudColor.uexp" 695
"D:/Unreal Projects/OmniMancer/Content/GoodSky/Source/Data/Enum/Enum_GoodSky_Preset.uasset" 696
"D:/Unreal Projects/OmniMancer/Content/GoodSky/Source/Data/Enum/Enum_GoodSky_Preset.uexp" 697
"D:/Unreal Projects/OmniMancer/Content/GoodSky/Source/Data/Enum/Enum_GoodSky_Style_Clouds.uasset" 698
"D:/Unreal Projects/OmniMancer/Content/GoodSky/Source/Data/Enum/Enum_GoodSky_Style_Clouds.uexp" 699
"D:/Unreal Projects/OmniMancer/Content/GoodSky/Source/Data/Curve/Curve_GoodSky_SunDirection_Vector1.uasset" 700
"D:/Unreal Projects/OmniMancer/Content/GoodSky/Source/Data/Curve/Curve_GoodSky_SunDirection_Vector1.uexp" 701
"D:/Unreal Projects/OmniMancer/Content/GoodSky/Source/Data/Structure/Structure_GoodSky.uasset" 702
"D:/Unreal Projects/OmniMancer/Content/GoodSky/Source/Data/Structure/Structure_GoodSky.uexp" 703
"D:/Unreal Projects/OmniMancer/Content/GoodSky/Source/Textures/T_GoodSky_Stars.ubulk" 704
"D:/Unreal Projects/OmniMancer/Content/GoodSky/Source/Textures/T_GoodSky_Stars.uasset" 705
"D:/Unreal Projects/OmniMancer/Content/GoodSky/Source/Textures/T_GoodSky_Stars.uexp" 706
"D:/Unreal Projects/OmniMancer/Content/GoodSky/Source/Materials/M_GoodSky_Sun_Stars_Moon.uasset" 707
"D:/Unreal Projects/OmniMancer/Content/GoodSky/Source/Materials/M_GoodSky_Sun_Stars_Moon.uexp" 708
"D:/Unreal Projects/OmniMancer/Content/GoodSky/Source/Materials/M_GoodSky_Sun_Stars.uasset" 709
"D:/Unreal Projects/OmniMancer/Content/GoodSky/Source/Materials/M_GoodSky_Sun_Stars.uexp" 710
"D:/Unreal Projects/OmniMancer/Content/GoodSky/Source/Textures/T_GoodSky_clouds_C.ubulk" 711
"D:/Unreal Projects/OmniMancer/Content/GoodSky/Source/Textures/T_GoodSky_clouds_C.uasset" 712
"D:/Unreal Projects/OmniMancer/Content/GoodSky/Source/Textures/T_GoodSky_clouds_C.uexp" 713
"D:/Unreal Projects/OmniMancer/Content/GoodSky/Source/Data/DataTable/DataTable_GoodSky.uasset" 714
"D:/Unreal Projects/OmniMancer/Content/GoodSky/Source/Data/DataTable/DataTable_GoodSky.uexp" 715
"D:/Unreal Projects/OmniMancer/Content/GoodSky/Source/Data/Curve/Curve_GoodSky_AllOverlayColor.uasset" 716
"D:/Unreal Projects/OmniMancer/Content/GoodSky/Source/Data/Curve/Curve_GoodSky_AllOverlayColor.uexp" 717
"D:/Unreal Projects/OmniMancer/Content/GoodSky/Blueprint/BP_GoodSky.uasset" 718
"D:/Unreal Projects/OmniMancer/Content/GoodSky/Blueprint/BP_GoodSky.uexp" 719
"D:/Unreal Projects/OmniMancer/Content/Materials/M_FlameColumnMat.uasset" 720
"D:/Unreal Projects/OmniMancer/Content/Materials/M_FlameColumnMat.uexp" 721
"../../../Engine/Content/EngineMeshes/Cube.uasset" 722
"../../../Engine/Content/EngineMeshes/Cube.uexp" 723
"D:/Unreal Projects/OmniMancer/Content/BP/Wizards/Input/Actions/MovementAction.uasset" 724
"D:/Unreal Projects/OmniMancer/Content/BP/Wizards/Input/Actions/MovementAction.uexp" 725
"D:/Unreal Projects/OmniMancer/Content/UI/UpgradeConnecetion.uasset" 726
"D:/Unreal Projects/OmniMancer/Content/UI/UpgradeConnecetion.uexp" 727
"D:/Unreal Projects/OmniMancer/Content/UI/Upgrades/UpgradeButtonConnection.uasset" 728
"D:/Unreal Projects/OmniMancer/Content/UI/Upgrades/UpgradeButtonConnection.uexp" 729
"D:/Unreal Projects/OmniMancer/Content/ReturnArrow.uasset" 730
"D:/Unreal Projects/OmniMancer/Content/ReturnArrow.uexp" 731
"D:/Unreal Projects/OmniMancer/Content/circle-256.ubulk" 732
"D:/Unreal Projects/OmniMancer/Content/circle-256.uasset" 733
"D:/Unreal Projects/OmniMancer/Content/circle-256.uexp" 734
"D:/Unreal Projects/OmniMancer/Content/Lock.uasset" 735
"D:/Unreal Projects/OmniMancer/Content/Lock.uexp" 736
"D:/Unreal Projects/OmniMancer/Content/UI/Upgrades/UpgradeButton.uasset" 737
"D:/Unreal Projects/OmniMancer/Content/UI/Upgrades/UpgradeButton.uexp" 738
"D:/Unreal Projects/OmniMancer/Content/UI/Upgrades/NewUpgradesMenu.uasset" 739
"D:/Unreal Projects/OmniMancer/Content/UI/Upgrades/NewUpgradesMenu.uexp" 740
"D:/Unreal Projects/OmniMancer/Content/UI/BP_PauseMenu.uasset" 741
"D:/Unreal Projects/OmniMancer/Content/UI/BP_PauseMenu.uexp" 742
"D:/Unreal Projects/OmniMancer/Content/BP/Wizards/Input/Actions/DashAction.uasset" 743
"D:/Unreal Projects/OmniMancer/Content/BP/Wizards/Input/Actions/DashAction.uexp" 744
"D:/Unreal Projects/OmniMancer/Content/BP/Wizards/Input/Actions/WindElementAction.uasset" 745
"D:/Unreal Projects/OmniMancer/Content/BP/Wizards/Input/Actions/WindElementAction.uexp" 746
"D:/Unreal Projects/OmniMancer/Content/BP/Wizards/Input/Actions/CastSpell.uasset" 747
"D:/Unreal Projects/OmniMancer/Content/BP/Wizards/Input/Actions/CastSpell.uexp" 748
"D:/Unreal Projects/OmniMancer/Content/BP/Wizards/Input/Actions/FrostElementAction.uasset" 749
"D:/Unreal Projects/OmniMancer/Content/BP/Wizards/Input/Actions/FrostElementAction.uexp" 750
"D:/Unreal Projects/OmniMancer/Content/BP/Wizards/Input/Actions/FireElementAction.uasset" 751
"D:/Unreal Projects/OmniMancer/Content/BP/Wizards/Input/Actions/FireElementAction.uexp" 752
"D:/Unreal Projects/OmniMancer/Content/BP/Wizards/Input/Actions/InteractAction.uasset" 753
"D:/Unreal Projects/OmniMancer/Content/BP/Wizards/Input/Actions/InteractAction.uexp" 754
"D:/Unreal Projects/OmniMancer/Content/BP/Wizards/Input/Actions/MapAction.uasset" 755
"D:/Unreal Projects/OmniMancer/Content/BP/Wizards/Input/Actions/MapAction.uexp" 756
"D:/Unreal Projects/OmniMancer/Content/BP/Wizards/Input/Actions/BaseAttack.uasset" 757
"D:/Unreal Projects/OmniMancer/Content/BP/Wizards/Input/Actions/BaseAttack.uexp" 758
"D:/Unreal Projects/OmniMancer/Content/BP/Wizards/Input/Actions/PauseAction.uasset" 759
"D:/Unreal Projects/OmniMancer/Content/BP/Wizards/Input/Actions/PauseAction.uexp" 760
"D:/Unreal Projects/OmniMancer/Content/BP/Wizards/Input/NewInputMappingContext.uasset" 761
"D:/Unreal Projects/OmniMancer/Content/BP/Wizards/Input/NewInputMappingContext.uexp" 762
"D:/Unreal Projects/OmniMancer/Content/Materials/M_IceZoneMat.uasset" 763
"D:/Unreal Projects/OmniMancer/Content/Materials/M_IceZoneMat.uexp" 764
"D:/Unreal Projects/OmniMancer/Content/BP/Spells/BP_IceZone.uasset" 765
"D:/Unreal Projects/OmniMancer/Content/BP/Spells/BP_IceZone.uexp" 766
"D:/Unreal Projects/OmniMancer/Content/UI/SkullIcon.uasset" 767
"D:/Unreal Projects/OmniMancer/Content/UI/SkullIcon.uexp" 768
"../../../Engine/Plugins/FX/Niagara/Content/DefaultAssets/M_Gnomon_Alpha.uasset" 769
"../../../Engine/Plugins/FX/Niagara/Content/DefaultAssets/M_Gnomon_Alpha.uexp" 770
"../../../Engine/Plugins/FX/Niagara/Content/Enums/ENiagaraScaleColorMode.uasset" 771
"../../../Engine/Plugins/FX/Niagara/Content/Enums/ENiagaraScaleColorMode.uexp" 772
"../../../Engine/Plugins/FX/Niagara/Content/DefaultAssets/M_Gnomon.uasset" 773
"../../../Engine/Plugins/FX/Niagara/Content/DefaultAssets/M_Gnomon.uexp" 774
"../../../Engine/Plugins/FX/Niagara/Content/DefaultAssets/S_Arrow.uasset" 775
"../../../Engine/Plugins/FX/Niagara/Content/DefaultAssets/S_Arrow.uexp" 776
"../../../Engine/Plugins/FX/Niagara/Content/Enums/SpriteRenderer/ENiagara_ScaleSpriteSize.uasset" 777
"../../../Engine/Plugins/FX/Niagara/Content/Enums/SpriteRenderer/ENiagara_ScaleSpriteSize.uexp" 778
"D:/Unreal Projects/OmniMancer/Content/Particles/ExplosionSystem.uasset" 779
"D:/Unreal Projects/OmniMancer/Content/Particles/ExplosionSystem.uexp" 780
"D:/Unreal Projects/OmniMancer/Content/Particles/HitParticle_System.uasset" 781
"D:/Unreal Projects/OmniMancer/Content/Particles/HitParticle_System.uexp" 782
"D:/Unreal Projects/OmniMancer/Content/BP/Spells/BP_BaseProjectile.uasset" 783
"D:/Unreal Projects/OmniMancer/Content/BP/Spells/BP_BaseProjectile.uexp" 784
"D:/Unreal Projects/OmniMancer/Content/UI/BP_Shieldbar.uasset" 785
"D:/Unreal Projects/OmniMancer/Content/UI/BP_Shieldbar.uexp" 786
"D:/Unreal Projects/OmniMancer/Content/UI/ShieldWidgetComponent.uasset" 787
"D:/Unreal Projects/OmniMancer/Content/UI/ShieldWidgetComponent.uexp" 788
"D:/Unreal Projects/OmniMancer/Content/BP/Spells/BP_Blizzard.uasset" 789
"D:/Unreal Projects/OmniMancer/Content/BP/Spells/BP_Blizzard.uexp" 790
"D:/Unreal Projects/OmniMancer/Content/BP/Wizards/UpgradeSets/Upgrades/BP_ShieldComponent.uasset" 791
"D:/Unreal Projects/OmniMancer/Content/BP/Wizards/UpgradeSets/Upgrades/BP_ShieldComponent.uexp" 792
"D:/Unreal Projects/OmniMancer/Content/BP/Spells/BP_ChainLightning.uasset" 793
"D:/Unreal Projects/OmniMancer/Content/BP/Spells/BP_ChainLightning.uexp" 794
"D:/Unreal Projects/OmniMancer/Content/BP/Wizards/TargetTriggerOwner.uasset" 795
"D:/Unreal Projects/OmniMancer/Content/BP/Wizards/TargetTriggerOwner.uexp" 796
"D:/Unreal Projects/OmniMancer/Content/Materials/M_IceWallMat.uasset" 797
"D:/Unreal Projects/OmniMancer/Content/Materials/M_IceWallMat.uexp" 798
"D:/Unreal Projects/OmniMancer/Content/UI/MoonlIcon.uasset" 799
"D:/Unreal Projects/OmniMancer/Content/UI/MoonlIcon.uexp" 800
"D:/Unreal Projects/OmniMancer/Content/BP/Spells/BP_IceWall.uasset" 801
"D:/Unreal Projects/OmniMancer/Content/BP/Spells/BP_IceWall.uexp" 802
"D:/Unreal Projects/OmniMancer/Content/BP/Wizards/UpgradeSets/FrostUpgradeSet.uasset" 803
"D:/Unreal Projects/OmniMancer/Content/BP/Wizards/UpgradeSets/FrostUpgradeSet.uexp" 804
"D:/Unreal Projects/OmniMancer/Content/UI/LightningIcon.uasset" 805
"D:/Unreal Projects/OmniMancer/Content/UI/LightningIcon.uexp" 806
"D:/Unreal Projects/OmniMancer/Content/BP/Wizards/UpgradeSets/Upgrades/AddBounces.uasset" 807
"D:/Unreal Projects/OmniMancer/Content/BP/Wizards/UpgradeSets/Upgrades/AddBounces.uexp" 808
"D:/Unreal Projects/OmniMancer/Content/Materials/M_TornadoMat.uasset" 809
"D:/Unreal Projects/OmniMancer/Content/Materials/M_TornadoMat.uexp" 810
"D:/Unreal Projects/OmniMancer/Content/BP/Spells/BP_Tornado.uasset" 811
"D:/Unreal Projects/OmniMancer/Content/BP/Spells/BP_Tornado.uexp" 812
"D:/Unreal Projects/OmniMancer/Content/StarterContent/Materials/M_Basic_Wall.uasset" 813
"D:/Unreal Projects/OmniMancer/Content/StarterContent/Materials/M_Basic_Wall.uexp" 814
"D:/Unreal Projects/OmniMancer/Content/StarterContent/Shapes/Shape_Torus.uasset" 815
"D:/Unreal Projects/OmniMancer/Content/StarterContent/Shapes/Shape_Torus.uexp" 816
"D:/Unreal Projects/OmniMancer/Content/BP/Spells/BP_Shockwave.uasset" 817
"D:/Unreal Projects/OmniMancer/Content/BP/Spells/BP_Shockwave.uexp" 818
"D:/Unreal Projects/OmniMancer/Content/BP/Wizards/UpgradeSets/WindUpgradeSet.uasset" 819
"D:/Unreal Projects/OmniMancer/Content/BP/Wizards/UpgradeSets/WindUpgradeSet.uexp" 820
"D:/Unreal Projects/OmniMancer/Content/UI/Tornado.uasset" 821
"D:/Unreal Projects/OmniMancer/Content/UI/Tornado.uexp" 822
"../../../Engine/Plugins/FX/Niagara/Content/Enums/Location/ENiagara_LocationShapes.uasset" 823
"../../../Engine/Plugins/FX/Niagara/Content/Enums/Location/ENiagara_LocationShapes.uexp" 824
"../../../Engine/Plugins/FX/Niagara/Content/Enums/Location/ENiagara_CylinderMode.uasset" 825
"../../../Engine/Plugins/FX/Niagara/Content/Enums/Location/ENiagara_CylinderMode.uexp" 826
"../../../Engine/Plugins/FX/Niagara/Content/Enums/Transforms/ENiagara_ScaleMode.uasset" 827
"../../../Engine/Plugins/FX/Niagara/Content/Enums/Transforms/ENiagara_ScaleMode.uexp" 828
"../../../Engine/Plugins/FX/Niagara/Content/Enums/Location/ENiagara_ConeMode.uasset" 829
"../../../Engine/Plugins/FX/Niagara/Content/Enums/Location/ENiagara_ConeMode.uexp" 830
"../../../Engine/Plugins/FX/Niagara/Content/Enums/ENiagara_AttributeSamplingApplyOutput.uasset" 831
"../../../Engine/Plugins/FX/Niagara/Content/Enums/ENiagara_AttributeSamplingApplyOutput.uexp" 832
"../../../Engine/Plugins/FX/Niagara/Content/Enums/Transforms/ENiagara_OffsetMode.uasset" 833
"../../../Engine/Plugins/FX/Niagara/Content/Enums/Transforms/ENiagara_OffsetMode.uexp" 834
"../../../Engine/Plugins/FX/Niagara/Content/Enums/Location/ENiagara_BoxPlaneMode.uasset" 835
"../../../Engine/Plugins/FX/Niagara/Content/Enums/Location/ENiagara_BoxPlaneMode.uexp" 836
"../../../Engine/Plugins/FX/Niagara/Content/Enums/Transforms/ENiagara_TransformOrder.uasset" 837
"../../../Engine/Plugins/FX/Niagara/Content/Enums/Transforms/ENiagara_TransformOrder.uexp" 838
"../../../Engine/Plugins/FX/Niagara/Content/Enums/Location/ENiagaraRingDiscMode.uasset" 839
"../../../Engine/Plugins/FX/Niagara/Content/Enums/Location/ENiagaraRingDiscMode.uexp" 840
"../../../Engine/Plugins/FX/Niagara/Content/Enums/ENiagaraShapeTorusMode.uasset" 841
"../../../Engine/Plugins/FX/Niagara/Content/Enums/ENiagaraShapeTorusMode.uexp" 842
"../../../Engine/Plugins/FX/Niagara/Content/Enums/Transforms/ENiagara_TransformType.uasset" 843
"../../../Engine/Plugins/FX/Niagara/Content/Enums/Transforms/ENiagara_TransformType.uexp" 844
"D:/Unreal Projects/OmniMancer/Content/Particles/HandSystem.uasset" 845
"D:/Unreal Projects/OmniMancer/Content/Particles/HandSystem.uexp" 846
"D:/Unreal Projects/OmniMancer/Content/UI/Shockwave.uasset" 847
"D:/Unreal Projects/OmniMancer/Content/UI/Shockwave.uexp" 848
"D:/Unreal Projects/OmniMancer/Content/BP/Wizards/TestTrigger.uasset" 849
"D:/Unreal Projects/OmniMancer/Content/BP/Wizards/TestTrigger.uexp" 850
"D:/Unreal Projects/OmniMancer/Content/BP/Wizards/HealTarget.uasset" 851
"D:/Unreal Projects/OmniMancer/Content/BP/Wizards/HealTarget.uexp" 852
"D:/Unreal Projects/OmniMancer/Content/BP/Wizards/Lifesteal.uasset" 853
"D:/Unreal Projects/OmniMancer/Content/BP/Wizards/Lifesteal.uexp" 854
"D:/Unreal Projects/OmniMancer/Content/UI/Cross.uasset" 855
"D:/Unreal Projects/OmniMancer/Content/UI/Cross.uexp" 856
"D:/Unreal Projects/OmniMancer/Content/UI/IceIcon.uasset" 857
"D:/Unreal Projects/OmniMancer/Content/UI/IceIcon.uexp" 858
"D:/Unreal Projects/OmniMancer/Content/UI/SpellDisplayWidget.uasset" 859
"D:/Unreal Projects/OmniMancer/Content/UI/SpellDisplayWidget.uexp" 860
"../../../Engine/Content/EditorLandscapeResources/WhiteSquareTexture.uasset" 861
"../../../Engine/Content/EditorLandscapeResources/WhiteSquareTexture.uexp" 862
"D:/Unreal Projects/OmniMancer/Content/UI/FireIcon.uasset" 863
"D:/Unreal Projects/OmniMancer/Content/UI/FireIcon.uexp" 864
"D:/Unreal Projects/OmniMancer/Content/UI/WindIcon.uasset" 865
"D:/Unreal Projects/OmniMancer/Content/UI/WindIcon.uexp" 866
"D:/Unreal Projects/OmniMancer/Content/UI/BP_PlayerHUD.uasset" 867
"D:/Unreal Projects/OmniMancer/Content/UI/BP_PlayerHUD.uexp" 868
"D:/Unreal Projects/OmniMancer/Content/UI/ChainLightning.uasset" 869
"D:/Unreal Projects/OmniMancer/Content/UI/ChainLightning.uexp" 870
"D:/Unreal Projects/OmniMancer/Content/UI/BP_KillBarrierbar.uasset" 871
"D:/Unreal Projects/OmniMancer/Content/UI/BP_KillBarrierbar.uexp" 872
"D:/Unreal Projects/OmniMancer/Content/UI/KillBarrierWidgetComponent.uasset" 873
"D:/Unreal Projects/OmniMancer/Content/UI/KillBarrierWidgetComponent.uexp" 874
"D:/Unreal Projects/OmniMancer/Content/BP/Spells/BP_FlameColumn.uasset" 875
"D:/Unreal Projects/OmniMancer/Content/BP/Spells/BP_FlameColumn.uexp" 876
"D:/Unreal Projects/OmniMancer/Content/UI/SunIcon.uasset" 877
"D:/Unreal Projects/OmniMancer/Content/UI/SunIcon.uexp" 878
"D:/Unreal Projects/OmniMancer/Content/BP/Wizards/UpgradeSets/Upgrades/DamagePerHitEnemy.uasset" 879
"D:/Unreal Projects/OmniMancer/Content/BP/Wizards/UpgradeSets/Upgrades/DamagePerHitEnemy.uexp" 880
"D:/Unreal Projects/OmniMancer/Content/BP/Wizards/UpgradeSets/FireUpgradeSet.uasset" 881
"D:/Unreal Projects/OmniMancer/Content/BP/Wizards/UpgradeSets/FireUpgradeSet.uexp" 882
"D:/Unreal Projects/OmniMancer/Content/Meshes/Characters/Wizard/Material_003.uasset" 883
"D:/Unreal Projects/OmniMancer/Content/Meshes/Characters/Wizard/Material_003.uexp" 884
"D:/Unreal Projects/OmniMancer/Content/Meshes/Characters/Wizard/hand.uasset" 885
"D:/Unreal Projects/OmniMancer/Content/Meshes/Characters/Wizard/hand.uexp" 886
"D:/Unreal Projects/OmniMancer/Content/Meshes/Characters/Wizard/Material_001.uasset" 887
"D:/Unreal Projects/OmniMancer/Content/Meshes/Characters/Wizard/Material_001.uexp" 888
"D:/Unreal Projects/OmniMancer/Content/Meshes/Characters/Wizard/Material.uasset" 889
"D:/Unreal Projects/OmniMancer/Content/Meshes/Characters/Wizard/Material.uexp" 890
"D:/Unreal Projects/OmniMancer/Content/Meshes/Characters/Wizard/Material_002.uasset" 891
"D:/Unreal Projects/OmniMancer/Content/Meshes/Characters/Wizard/Material_002.uexp" 892
"D:/Unreal Projects/OmniMancer/Content/Meshes/Characters/Wizard/WizardMesh.uasset" 893
"D:/Unreal Projects/OmniMancer/Content/Meshes/Characters/Wizard/WizardMesh.uexp" 894
"D:/Unreal Projects/OmniMancer/Content/UI/IceWall.uasset" 895
"D:/Unreal Projects/OmniMancer/Content/UI/IceWall.uexp" 896
"D:/Unreal Projects/OmniMancer/Content/UI/SpellUpgradeWidget.uasset" 897
"D:/Unreal Projects/OmniMancer/Content/UI/SpellUpgradeWidget.uexp" 898
"D:/Unreal Projects/OmniMancer/Content/UI/NewLevelUpUi.uasset" 899
"D:/Unreal Projects/OmniMancer/Content/UI/NewLevelUpUi.uexp" 900
"D:/Unreal Projects/OmniMancer/Content/UI/IceZone.uasset" 901
"D:/Unreal Projects/OmniMancer/Content/UI/IceZone.uexp" 902
"D:/Unreal Projects/OmniMancer/Content/UI/FlameColumn.uasset" 903
"D:/Unreal Projects/OmniMancer/Content/UI/FlameColumn.uexp" 904
"D:/Unreal Projects/OmniMancer/Content/BP/Wizards/BP_ComponentBasedWizard.uasset" 905
"D:/Unreal Projects/OmniMancer/Content/BP/Wizards/BP_ComponentBasedWizard.uexp" 906
"D:/Unreal Projects/OmniMancer/Content/BP/Wizards/WizardController.uasset" 907
"D:/Unreal Projects/OmniMancer/Content/BP/Wizards/WizardController.uexp" 908
"../../../Engine/Content/BasicShapes/Cone.uasset" 909
"../../../Engine/Content/BasicShapes/Cone.uexp" 910
"D:/Unreal Projects/OmniMancer/Content/UI/LevelUpUi.uasset" 911
"D:/Unreal Projects/OmniMancer/Content/UI/LevelUpUi.uexp" 912
"D:/Unreal Projects/OmniMancer/Content/UI/Fire.uasset" 913
"D:/Unreal Projects/OmniMancer/Content/UI/Fire.uexp" 914
"D:/Unreal Projects/OmniMancer/Content/UI/Wind.uasset" 915
"D:/Unreal Projects/OmniMancer/Content/UI/Wind.uexp" 916
"D:/Unreal Projects/OmniMancer/Content/UI/Frost.uasset" 917
"D:/Unreal Projects/OmniMancer/Content/UI/Frost.uexp" 918
"../../../Engine/Content/BasicShapes/BasicShapeMaterial.uasset" 919
"../../../Engine/Content/BasicShapes/BasicShapeMaterial.uexp" 920
"D:/Unreal Projects/OmniMancer/Content/BP/Wizards/BP_WizardCharacter.uasset" 921
"D:/Unreal Projects/OmniMancer/Content/BP/Wizards/BP_WizardCharacter.uexp" 922
"D:/Unreal Projects/OmniMancer/Content/BP/Wizards/BP_FrostWizard.uasset" 923
"D:/Unreal Projects/OmniMancer/Content/BP/Wizards/BP_FrostWizard.uexp" 924
"D:/Unreal Projects/OmniMancer/Content/BP/Spells/BP_Vortex.uasset" 925
"D:/Unreal Projects/OmniMancer/Content/BP/Spells/BP_Vortex.uexp" 926
"../../../Engine/Plugins/Enterprise/DatasmithContent/Content/Materials/AliasReference.uasset" 927
"../../../Engine/Plugins/Enterprise/DatasmithContent/Content/Materials/AliasReference.uexp" 928
"D:/Unreal Projects/OmniMancer/Content/BP/Wizards/BP_WindWizard.uasset" 929
"D:/Unreal Projects/OmniMancer/Content/BP/Wizards/BP_WindWizard.uexp" 930
"D:/Unreal Projects/OmniMancer/Content/BP/BP_OmnimancerGameMode.uasset" 931
"D:/Unreal Projects/OmniMancer/Content/BP/BP_OmnimancerGameMode.uexp" 932
"D:/Unreal Projects/OmniMancer/Content/Meshes/Characters/Material_002.uasset" 933
"D:/Unreal Projects/OmniMancer/Content/Meshes/Characters/Material_002.uexp" 934
"D:/Unreal Projects/OmniMancer/Content/Meshes/Characters/Material_001.uasset" 935
"D:/Unreal Projects/OmniMancer/Content/Meshes/Characters/Material_001.uexp" 936
"D:/Unreal Projects/OmniMancer/Content/Meshes/Characters/Star.uasset" 937
"D:/Unreal Projects/OmniMancer/Content/Meshes/Characters/Star.uexp" 938
"D:/Unreal Projects/OmniMancer/Content/BP/AI/BP_EnemyBlackboard.uasset" 939
"D:/Unreal Projects/OmniMancer/Content/BP/AI/BP_EnemyBlackboard.uexp" 940
"D:/Unreal Projects/OmniMancer/Content/BP/AI/BT_Components/BTTask_AttackComponent.uasset" 941
"D:/Unreal Projects/OmniMancer/Content/BP/AI/BT_Components/BTTask_AttackComponent.uexp" 942
"D:/Unreal Projects/OmniMancer/Content/BP/AI/BT_Components/BTDecorator_CanComponentAttack.uasset" 943
"D:/Unreal Projects/OmniMancer/Content/BP/AI/BT_Components/BTDecorator_CanComponentAttack.uexp" 944
"D:/Unreal Projects/OmniMancer/Content/BP/AI/BT_Components/BTTask_AbortMove.uasset" 945
"D:/Unreal Projects/OmniMancer/Content/BP/AI/BT_Components/BTTask_AbortMove.uexp" 946
"D:/Unreal Projects/OmniMancer/Content/BP/AI/BT_Components/BTDecorator_IsAttackInterruptable.uasset" 947
"D:/Unreal Projects/OmniMancer/Content/BP/AI/BT_Components/BTDecorator_IsAttackInterruptable.uexp" 948
"D:/Unreal Projects/OmniMancer/Content/BP/AI/BT_Components/BTTask_MoveToPlayer.uasset" 949
"D:/Unreal Projects/OmniMancer/Content/BP/AI/BT_Components/BTTask_MoveToPlayer.uexp" 950
"D:/Unreal Projects/OmniMancer/Content/BP/AI/BP_ComponentAttackFollowController.uasset" 951
"D:/Unreal Projects/OmniMancer/Content/BP/AI/BP_ComponentAttackFollowController.uexp" 952
"D:/Unreal Projects/OmniMancer/Content/BP/AI/BP_ComponentController.uasset" 953
"D:/Unreal Projects/OmniMancer/Content/BP/AI/BP_ComponentController.uexp" 954
"D:/Unreal Projects/OmniMancer/Content/BP/Enemies/BP_ComponentProjectileEnemy.uasset" 955
"D:/Unreal Projects/OmniMancer/Content/BP/Enemies/BP_ComponentProjectileEnemy.uexp" 956
"D:/Unreal Projects/OmniMancer/Content/BP/Powerups/BP_ExperienceDispenser.uasset" 957
"D:/Unreal Projects/OmniMancer/Content/BP/Powerups/BP_ExperienceDispenser.uexp" 958
"D:/Unreal Projects/OmniMancer/Content/Box_Brush13_StaticMesh.uasset" 959
"D:/Unreal Projects/OmniMancer/Content/Box_Brush13_StaticMesh.uexp" 960
"D:/Unreal Projects/OmniMancer/Content/BP/BP_MainSpawn.uasset" 961
"D:/Unreal Projects/OmniMancer/Content/BP/BP_MainSpawn.uexp" 962
"D:/Unreal Projects/OmniMancer/Content/Scenes/Tutorial.uexp" 963
"D:/Unreal Projects/OmniMancer/Content/Scenes/Tutorial.umap" 964
"D:/Unreal Projects/OmniMancer/Content/UI/Menu.uasset" 965
"D:/Unreal Projects/OmniMancer/Content/UI/Menu.uexp" 966
"D:/Unreal Projects/OmniMancer/Content/Scenes/Menu.uexp" 967
"D:/Unreal Projects/OmniMancer/Content/Scenes/Menu.umap" 968
"D:/Unreal Projects/OmniMancer/Content/BP/IndividualRoomsTest/EnemySpawnParams.uasset" 969
"D:/Unreal Projects/OmniMancer/Content/BP/IndividualRoomsTest/EnemySpawnParams.uexp" 970
"D:/Unreal Projects/OmniMancer/Content/StarterContent/Shapes/Shape_Cylinder.uasset" 971
"D:/Unreal Projects/OmniMancer/Content/StarterContent/Shapes/Shape_Cylinder.uexp" 972
"../../../Engine/Content/Functions/Engine_MaterialFunctions02/Lerp_3Color.uasset" 973
"../../../Engine/Content/Functions/Engine_MaterialFunctions02/Lerp_3Color.uexp" 974
"D:/Unreal Projects/OmniMancer/Content/Meshes/Characters/M_Slime.uasset" 975
"D:/Unreal Projects/OmniMancer/Content/Meshes/Characters/M_Slime.uexp" 976
"D:/Unreal Projects/OmniMancer/Content/Meshes/Characters/Slime.uasset" 977
"D:/Unreal Projects/OmniMancer/Content/Meshes/Characters/Slime.uexp" 978
"D:/Unreal Projects/OmniMancer/Content/BP/Enemies/BP_ComponentSuicideBomber.uasset" 979
"D:/Unreal Projects/OmniMancer/Content/BP/Enemies/BP_ComponentSuicideBomber.uexp" 980
"D:/Unreal Projects/OmniMancer/Content/BP/IndividualRoomsTest/TotalWavesCurve.uasset" 981
"D:/Unreal Projects/OmniMancer/Content/BP/IndividualRoomsTest/TotalWavesCurve.uexp" 982
"D:/Unreal Projects/OmniMancer/Content/BP/IndividualRoomsTest/TimeBetweenWavesCurve.uasset" 983
"D:/Unreal Projects/OmniMancer/Content/BP/IndividualRoomsTest/TimeBetweenWavesCurve.uexp" 984
"../../../Engine/Content/BasicShapes/Cylinder.uasset" 985
"../../../Engine/Content/BasicShapes/Cylinder.uexp" 986
"D:/Unreal Projects/OmniMancer/Content/UI/BP_PortalWidget.uasset" 987
"D:/Unreal Projects/OmniMancer/Content/UI/BP_PortalWidget.uexp" 988
"D:/Unreal Projects/OmniMancer/Content/BP/IndividualRoomsTest/Portal.uasset" 989
"D:/Unreal Projects/OmniMancer/Content/BP/IndividualRoomsTest/Portal.uexp" 990
"D:/Unreal Projects/OmniMancer/Content/BP/AI/BT_Components/BTTask_Attack.uasset" 991
"D:/Unreal Projects/OmniMancer/Content/BP/AI/BT_Components/BTTask_Attack.uexp" 992
"D:/Unreal Projects/OmniMancer/Content/BP/AI/BT_Components/BTTask_OrbitPlayer.uasset" 993
"D:/Unreal Projects/OmniMancer/Content/BP/AI/BT_Components/BTTask_OrbitPlayer.uexp" 994
"D:/Unreal Projects/OmniMancer/Content/BP/AI/BP_ComponentAttackOrbitController.uasset" 995
"D:/Unreal Projects/OmniMancer/Content/BP/AI/BP_ComponentAttackOrbitController.uexp" 996
"D:/Unreal Projects/OmniMancer/Content/BP/AI/BP_ComponentOrbitController.uasset" 997
"D:/Unreal Projects/OmniMancer/Content/BP/AI/BP_ComponentOrbitController.uexp" 998
"../../../Engine/Content/VREditor/Devices/Vive/UE4_Logo.ubulk" 999
"../../../Engine/Content/VREditor/Devices/Vive/UE4_Logo.uasset" 1000
"../../../Engine/Content/VREditor/Devices/Vive/UE4_Logo.uexp" 1001
"../../../Engine/Content/VREditor/UI/M_ContentWindow.uasset" 1002
"../../../Engine/Content/VREditor/UI/M_ContentWindow.uexp" 1003
"D:/Unreal Projects/OmniMancer/Content/BP/AI/BT_Components/BTService_SetWanderLocation.uasset" 1004
"D:/Unreal Projects/OmniMancer/Content/BP/AI/BT_Components/BTService_SetWanderLocation.uexp" 1005
"D:/Unreal Projects/OmniMancer/Content/BP/AI/BT_Components/BTTask_ChargeAttack.uasset" 1006
"D:/Unreal Projects/OmniMancer/Content/BP/AI/BT_Components/BTTask_ChargeAttack.uexp" 1007
"D:/Unreal Projects/OmniMancer/Content/BP/AI/BP_FollowBehaviourNoInterrupt.uasset" 1008
"D:/Unreal Projects/OmniMancer/Content/BP/AI/BP_FollowBehaviourNoInterrupt.uexp" 1009
"D:/Unreal Projects/OmniMancer/Content/BP/AI/BP_BaseContoller.uasset" 1010
"D:/Unreal Projects/OmniMancer/Content/BP/AI/BP_BaseContoller.uexp" 1011
"D:/Unreal Projects/OmniMancer/Content/BP/AI/BP_FollowControllerNoInterrupt.uasset" 1012
"D:/Unreal Projects/OmniMancer/Content/BP/AI/BP_FollowControllerNoInterrupt.uexp" 1013
"D:/Unreal Projects/OmniMancer/Content/BP/Enemies/BP_ProjectileEnemy.uasset" 1014
"D:/Unreal Projects/OmniMancer/Content/BP/Enemies/BP_ProjectileEnemy.uexp" 1015
"D:/Unreal Projects/OmniMancer/Content/BP/Enemies/BP_ComponentOrbittingProjectileEnemy.uasset" 1016
"D:/Unreal Projects/OmniMancer/Content/BP/Enemies/BP_ComponentOrbittingProjectileEnemy.uexp" 1017
"D:/Unreal Projects/OmniMancer/Content/BP/IndividualRoomsTest/WaveChallengeLevelCurve.uasset" 1018
"D:/Unreal Projects/OmniMancer/Content/BP/IndividualRoomsTest/WaveChallengeLevelCurve.uexp" 1019
"D:/Unreal Projects/OmniMancer/Content/Materials/M_FlameColumnMatLight.uasset" 1020
"D:/Unreal Projects/OmniMancer/Content/Materials/M_FlameColumnMatLight.uexp" 1021
"D:/Unreal Projects/OmniMancer/Content/BP_SpellIndicator.uasset" 1022
"D:/Unreal Projects/OmniMancer/Content/BP_SpellIndicator.uexp" 1023
"D:/Unreal Projects/OmniMancer/Content/BP/Spells/BP_MortarIceZone.uasset" 1024
"D:/Unreal Projects/OmniMancer/Content/BP/Spells/BP_MortarIceZone.uexp" 1025
"D:/Unreal Projects/OmniMancer/Content/BP/Enemies/BP_MortarProjectile.uasset" 1026
"D:/Unreal Projects/OmniMancer/Content/BP/Enemies/BP_MortarProjectile.uexp" 1027
"D:/Unreal Projects/OmniMancer/Content/BP/AI/BT_Components/MaintainDistance.uasset" 1028
"D:/Unreal Projects/OmniMancer/Content/BP/AI/BT_Components/MaintainDistance.uexp" 1029
"D:/Unreal Projects/OmniMancer/Content/BP/AI/BP_ComponenMaintainDistanceAttack.uasset" 1030
"D:/Unreal Projects/OmniMancer/Content/BP/AI/BP_ComponenMaintainDistanceAttack.uexp" 1031
"D:/Unreal Projects/OmniMancer/Content/BP/AI/BP_ComponenMaintainDistanceAttackController.uasset" 1032
"D:/Unreal Projects/OmniMancer/Content/BP/AI/BP_ComponenMaintainDistanceAttackController.uexp" 1033
"D:/Unreal Projects/OmniMancer/Content/BP/Enemies/BP_ComponentMortarEnemy.uasset" 1034
"D:/Unreal Projects/OmniMancer/Content/BP/Enemies/BP_ComponentMortarEnemy.uexp" 1035
"D:/Unreal Projects/OmniMancer/Content/BP/DoorRoomTest/EnemySpawn.uasset" 1036
"D:/Unreal Projects/OmniMancer/Content/BP/DoorRoomTest/EnemySpawn.uexp" 1037
"D:/Unreal Projects/OmniMancer/Content/BP/Enemies/BP_ComponentThrustEnemy.uasset" 1038
"D:/Unreal Projects/OmniMancer/Content/BP/Enemies/BP_ComponentThrustEnemy.uexp" 1039
"D:/Unreal Projects/OmniMancer/Content/BP/IndividualRoomsTest/IndividualRoomSpawner.uasset" 1040
"D:/Unreal Projects/OmniMancer/Content/BP/IndividualRoomsTest/IndividualRoomSpawner.uexp" 1041
"D:/Unreal Projects/OmniMancer/Content/Box_Brush8_StaticMesh.uasset" 1042
"D:/Unreal Projects/OmniMancer/Content/Box_Brush8_StaticMesh.uexp" 1043
"D:/Unreal Projects/OmniMancer/Content/Box_Brush_StaticMesh1.uasset" 1044
"D:/Unreal Projects/OmniMancer/Content/Box_Brush_StaticMesh1.uexp" 1045
"D:/Unreal Projects/OmniMancer/Content/Box_Brush3_StaticMesh.uasset" 1046
"D:/Unreal Projects/OmniMancer/Content/Box_Brush3_StaticMesh.uexp" 1047
"D:/Unreal Projects/OmniMancer/Content/Box_Brush5_StaticMesh.uasset" 1048
"D:/Unreal Projects/OmniMancer/Content/Box_Brush5_StaticMesh.uexp" 1049
"D:/Unreal Projects/OmniMancer/Content/Box_Brush6_StaticMesh1.uasset" 1050
"D:/Unreal Projects/OmniMancer/Content/Box_Brush6_StaticMesh1.uexp" 1051
"D:/Unreal Projects/OmniMancer/Content/Box_Brush4_StaticMesh.uasset" 1052
"D:/Unreal Projects/OmniMancer/Content/Box_Brush4_StaticMesh.uexp" 1053
"D:/Unreal Projects/OmniMancer/Content/Box_Brush6_StaticMesh.uasset" 1054
"D:/Unreal Projects/OmniMancer/Content/Box_Brush6_StaticMesh.uexp" 1055
"D:/Unreal Projects/OmniMancer/Content/Scenes/IndividualRoomsTest.uexp" 1056
"D:/Unreal Projects/OmniMancer/Content/Scenes/IndividualRoomsTest.umap" 1057
