"../../../Engine/Content/Functions/Engine_MaterialFunctions01/Opacity/CameraDepthFade.uasset" 0
"../../../Engine/Content/Functions/Engine_MaterialFunctions01/Opacity/CameraDepthFade.uexp" 1
"../../../Engine/Content/EngineMaterials/T_Default_Material_Grid_N.uasset" 2
"../../../Engine/Content/EngineMaterials/T_Default_Material_Grid_N.uexp" 3
"../../../Engine/Content/EngineMaterials/T_Default_Material_Grid_N.ubulk" 4
"../../../Engine/Content/EngineMaterials/T_Default_Material_Grid_M.uasset" 5
"../../../Engine/Content/EngineMaterials/T_Default_Material_Grid_M.uexp" 6
"../../../Engine/Content/EngineMaterials/T_Default_Material_Grid_M.ubulk" 7
"../../../Engine/Content/EngineMaterials/WorldGridMaterial.uasset" 8
"../../../Engine/Content/EngineMaterials/WorldGridMaterial.uexp" 9
"../../../Engine/Content/ArtTools/RenderToTexture/Meshes/S_1_Unit_Plane.uasset" 10
"../../../Engine/Content/ArtTools/RenderToTexture/Meshes/S_1_Unit_Plane.uexp" 11
"../../../Engine/Content/EditorLandscapeResources/DataLayer.uasset" 12
"../../../Engine/Content/EditorLandscapeResources/DataLayer.uexp" 13
"../../../Engine/Content/EditorLandscapeResources/DefaultAlphaTexture.uasset" 14
"../../../Engine/Content/EditorLandscapeResources/DefaultAlphaTexture.uexp" 15
"../../../Engine/Content/EditorMaterials/MAT_Groups_Toggle.uasset" 16
"../../../Engine/Content/EditorMaterials/MAT_Groups_Toggle.uexp" 17
"../../../Engine/Content/EditorMaterials/MAT_Groups_Visibility.uasset" 18
"../../../Engine/Content/EditorMaterials/MAT_Groups_Visibility.uexp" 19
"../../../Engine/Content/EditorMaterials/PreviewShadowIndicator.uasset" 20
"../../../Engine/Content/EditorMaterials/PreviewShadowIndicator.uexp" 21
"../../../Engine/Content/EditorMaterials/PreviewShadowIndicator.ubulk" 22
"../../../Engine/Content/EditorMaterials/PreviewShadowIndicatorMaterial.uasset" 23
"../../../Engine/Content/EditorMaterials/PreviewShadowIndicatorMaterial.uexp" 24
"../../../Engine/Content/EditorMaterials/MatineeGroups/MAT_ColorTrack.uasset" 25
"../../../Engine/Content/EditorMaterials/MatineeGroups/MAT_ColorTrack.uexp" 26
"../../../Engine/Content/EditorMaterials/MatineeGroups/MAT_Groups_Anim.uasset" 27
"../../../Engine/Content/EditorMaterials/MatineeGroups/MAT_Groups_Anim.uexp" 28
"../../../Engine/Content/EditorMaterials/MatineeGroups/MAT_Groups_AudioMaster.uasset" 29
"../../../Engine/Content/EditorMaterials/MatineeGroups/MAT_Groups_AudioMaster.uexp" 30
"../../../Engine/Content/EditorMaterials/MatineeGroups/MAT_Groups_Director.uasset" 31
"../../../Engine/Content/EditorMaterials/MatineeGroups/MAT_Groups_Director.uexp" 32
"../../../Engine/Content/EditorMaterials/MatineeGroups/MAT_Groups_Event.uasset" 33
"../../../Engine/Content/EditorMaterials/MatineeGroups/MAT_Groups_Event.uexp" 34
"../../../Engine/Content/EditorMaterials/MatineeGroups/MAT_Groups_Fade.uasset" 35
"../../../Engine/Content/EditorMaterials/MatineeGroups/MAT_Groups_Fade.uexp" 36
"../../../Engine/Content/EditorMaterials/MatineeGroups/MAT_Groups_Float.uasset" 37
"../../../Engine/Content/EditorMaterials/MatineeGroups/MAT_Groups_Float.uexp" 38
"../../../Engine/Content/EditorMaterials/MatineeGroups/MAT_Groups_Move.uasset" 39
"../../../Engine/Content/EditorMaterials/MatineeGroups/MAT_Groups_Move.uexp" 40
"../../../Engine/Content/EditorMaterials/MatineeGroups/MAT_Groups_Slomo.uasset" 41
"../../../Engine/Content/EditorMaterials/MatineeGroups/MAT_Groups_Slomo.uexp" 42
"../../../Engine/Content/EditorMaterials/MatineeGroups/MAT_Groups_Sound.uasset" 43
"../../../Engine/Content/EditorMaterials/MatineeGroups/MAT_Groups_Sound.uexp" 44
"../../../Engine/Content/EditorMaterials/MatineeGroups/MAT_Groups_Vector.uasset" 45
"../../../Engine/Content/EditorMaterials/MatineeGroups/MAT_Groups_Vector.uexp" 46
"../../../Engine/Content/EditorMaterials/ParticleSystems/PSysThumbnail_NoImage.uasset" 47
"../../../Engine/Content/EditorMaterials/ParticleSystems/PSysThumbnail_NoImage.uexp" 48
"../../../Engine/Content/EditorMaterials/ParticleSystems/PSysThumbnail_NoImage.ubulk" 49
"../../../Engine/Content/EditorMaterials/ParticleSystems/PSysThumbnail_OOD.uasset" 50
"../../../Engine/Content/EditorMaterials/ParticleSystems/PSysThumbnail_OOD.uexp" 51
"../../../Engine/Content/EditorMaterials/ParticleSystems/PSysThumbnail_OOD.ubulk" 52
"../../../Engine/Content/EditorMaterials/Camera/CineMat.uasset" 53
"../../../Engine/Content/EditorMaterials/Camera/CineMat.uexp" 54
"../../../Engine/Content/EditorMaterials/Camera/MI_CineMat_Rig.uasset" 55
"../../../Engine/Content/EditorMaterials/Camera/MI_CineMat_Rig.uexp" 56
"../../../Engine/Content/EditorMeshes/Camera/SM_CraneRig_Arm.uasset" 57
"../../../Engine/Content/EditorMeshes/Camera/SM_CraneRig_Arm.uexp" 58
"../../../Engine/Content/EditorMeshes/Camera/SM_CraneRig_Base.uasset" 59
"../../../Engine/Content/EditorMeshes/Camera/SM_CraneRig_Base.uexp" 60
"../../../Engine/Content/EditorMeshes/Camera/SM_CraneRig_Body.uasset" 61
"../../../Engine/Content/EditorMeshes/Camera/SM_CraneRig_Body.uexp" 62
"../../../Engine/Content/EditorMeshes/Camera/SM_CraneRig_Mount.uasset" 63
"../../../Engine/Content/EditorMeshes/Camera/SM_CraneRig_Mount.uexp" 64
"../../../Engine/Content/EditorMeshes/Camera/SM_RailRig_Mount.uasset" 65
"../../../Engine/Content/EditorMeshes/Camera/SM_RailRig_Mount.uexp" 66
"../../../Engine/Content/EditorMeshes/Camera/SM_RailRig_Track.uasset" 67
"../../../Engine/Content/EditorMeshes/Camera/SM_RailRig_Track.uexp" 68
"../../../Engine/Content/EditorResources/BSPVertex.uasset" 69
"../../../Engine/Content/EditorResources/BSPVertex.uexp" 70
"../../../Engine/Content/EditorResources/EmptyActor.uasset" 71
"../../../Engine/Content/EditorResources/EmptyActor.uexp" 72
"../../../Engine/Content/EditorResources/S_Actor.uasset" 73
"../../../Engine/Content/EditorResources/S_Actor.uexp" 74
"../../../Engine/Content/EditorResources/S_Actor.ubulk" 75
"../../../Engine/Content/EditorResources/S_Note.uasset" 76
"../../../Engine/Content/EditorResources/S_Note.uexp" 77
"../../../Engine/Content/EditorResources/S_Note.ubulk" 78
"../../../Engine/Content/EditorResources/S_Solver.uasset" 79
"../../../Engine/Content/EditorResources/S_Solver.uexp" 80
"../../../Engine/Content/EditorResources/S_Solver.ubulk" 81
"../../../Engine/Content/EditorResources/S_Terrain.uasset" 82
"../../../Engine/Content/EditorResources/S_Terrain.uexp" 83
"../../../Engine/Content/EditorResources/S_Terrain.ubulk" 84
"../../../Engine/Content/EditorResources/S_Trigger.uasset" 85
"../../../Engine/Content/EditorResources/S_Trigger.uexp" 86
"../../../Engine/Content/EditorResources/S_Trigger.ubulk" 87
"../../../Engine/Content/EditorResources/LightIcons/S_LightError.uasset" 88
"../../../Engine/Content/EditorResources/LightIcons/S_LightError.uexp" 89
"../../../Engine/Content/EditorResources/SequenceRecorder/Countdown.uasset" 90
"../../../Engine/Content/EditorResources/SequenceRecorder/Countdown.uexp" 91
"../../../Engine/Content/EditorResources/SequenceRecorder/RecordingIndicator.uasset" 92
"../../../Engine/Content/EditorResources/SequenceRecorder/RecordingIndicator.uexp" 93
"../../../Engine/Content/EngineDamageTypes/DmgTypeBP_Environmental.uasset" 94
"../../../Engine/Content/EngineDamageTypes/DmgTypeBP_Environmental.uexp" 95
"../../../Engine/Content/EngineDebugMaterials/DebugEditorMaterial.uasset" 96
"../../../Engine/Content/EngineDebugMaterials/DebugEditorMaterial.uexp" 97
"../../../Engine/Content/EngineDebugMaterials/DebugMeshMaterial.uasset" 98
"../../../Engine/Content/EngineDebugMaterials/DebugMeshMaterial.uexp" 99
"../../../Engine/Content/EngineDebugMaterials/M_SimpleUnlitTranslucent.uasset" 100
"../../../Engine/Content/EngineDebugMaterials/M_SimpleUnlitTranslucent.uexp" 101
"../../../Engine/Content/EngineDebugMaterials/VolumeToRender.uasset" 102
"../../../Engine/Content/EngineDebugMaterials/VolumeToRender.uexp" 103
"../../../Engine/Content/Functions/Engine_MaterialFunctions02/Utility/CameraDirectionVector.uasset" 104
"../../../Engine/Content/Functions/Engine_MaterialFunctions02/Utility/CameraDirectionVector.uexp" 105
"../../../Engine/Content/EngineDebugMaterials/M_VolumeRenderSphereTracePP.uasset" 106
"../../../Engine/Content/EngineDebugMaterials/M_VolumeRenderSphereTracePP.uexp" 107
"../../../Engine/Content/Functions/Engine_MaterialFunctions01/Shading/ConvertFromDiffSpec.uasset" 108
"../../../Engine/Content/Functions/Engine_MaterialFunctions01/Shading/ConvertFromDiffSpec.uexp" 109
"../../../Engine/Content/EngineDebugMaterials/VertexColorMaterial.uasset" 110
"../../../Engine/Content/EngineDebugMaterials/VertexColorMaterial.uexp" 111
"../../../Engine/Content/EngineDebugMaterials/WireframeMaterial.uasset" 112
"../../../Engine/Content/EngineDebugMaterials/WireframeMaterial.uexp" 113
"../../../Engine/Content/EngineFonts/Faces/RobotoRegular.uasset" 114
"../../../Engine/Content/EngineFonts/Faces/RobotoRegular.uexp" 115
"../../../Engine/Content/EngineFonts/Faces/RobotoRegular.ufont" 116
"../../../Engine/Content/EngineFonts/Faces/RobotoLight.uasset" 117
"../../../Engine/Content/EngineFonts/Faces/RobotoLight.uexp" 118
"../../../Engine/Content/EngineFonts/Faces/RobotoLight.ufont" 119
"../../../Engine/Content/EngineFonts/Faces/RobotoItalic.uasset" 120
"../../../Engine/Content/EngineFonts/Faces/RobotoItalic.uexp" 121
"../../../Engine/Content/EngineFonts/Faces/RobotoItalic.ufont" 122
"../../../Engine/Content/EngineFonts/Faces/RobotoBoldItalic.uasset" 123
"../../../Engine/Content/EngineFonts/Faces/RobotoBoldItalic.uexp" 124
"../../../Engine/Content/EngineFonts/Faces/RobotoBoldItalic.ufont" 125
"../../../Engine/Content/EngineFonts/Faces/RobotoBold.uasset" 126
"../../../Engine/Content/EngineFonts/Faces/RobotoBold.uexp" 127
"../../../Engine/Content/EngineFonts/Faces/RobotoBold.ufont" 128
"../../../Engine/Content/EngineFonts/Faces/DroidSansFallback.uasset" 129
"../../../Engine/Content/EngineFonts/Faces/DroidSansFallback.uexp" 130
"../../../Engine/Content/EngineFonts/Faces/DroidSansFallback.ufont" 131
"../../../Engine/Content/EngineFonts/Roboto.uasset" 132
"../../../Engine/Content/EngineFonts/Roboto.uexp" 133
"../../../Engine/Content/EngineMaterials/BaseFlattenNormalMap.uasset" 134
"../../../Engine/Content/EngineMaterials/BaseFlattenNormalMap.uexp" 135
"../../../Engine/Content/EngineMaterials/BaseFlattenGrayscaleMap.uasset" 136
"../../../Engine/Content/EngineMaterials/BaseFlattenGrayscaleMap.uexp" 137
"../../../Engine/Content/EngineMaterials/BaseFlattenEmissiveMap.uasset" 138
"../../../Engine/Content/EngineMaterials/BaseFlattenEmissiveMap.uexp" 139
"../../../Engine/Content/EngineMaterials/BaseFlattenDiffuseMap.uasset" 140
"../../../Engine/Content/EngineMaterials/BaseFlattenDiffuseMap.uexp" 141
"../../../Engine/Content/EngineMaterials/BaseFlattenMaterial.uasset" 142
"../../../Engine/Content/EngineMaterials/BaseFlattenMaterial.uexp" 143
"../../../Engine/Content/EngineMaterials/BlueNoise.uasset" 144
"../../../Engine/Content/EngineMaterials/BlueNoise.uexp" 145
"../../../Engine/Content/EngineMaterials/DefaultBloomKernel.uasset" 146
"../../../Engine/Content/EngineMaterials/DefaultBloomKernel.uexp" 147
"../../../Engine/Content/EngineMaterials/DefaultBokeh.uasset" 148
"../../../Engine/Content/EngineMaterials/DefaultBokeh.uexp" 149
"../../../Engine/Content/EngineMaterials/DefaultDiffuse.uasset" 150
"../../../Engine/Content/EngineMaterials/DefaultDiffuse.uexp" 151
"../../../Engine/Content/EngineMaterials/DefaultDiffuse.ubulk" 152
"../../../Engine/Content/EngineMaterials/DefaultDeferredDecalMaterial.uasset" 153
"../../../Engine/Content/EngineMaterials/DefaultDeferredDecalMaterial.uexp" 154
"../../../Engine/Content/EngineMaterials/DefaultLightFunctionMaterial.uasset" 155
"../../../Engine/Content/EngineMaterials/DefaultLightFunctionMaterial.uexp" 156
"../../../Engine/Content/EngineMaterials/DefaultPhysicalMaterial.uasset" 157
"../../../Engine/Content/EngineMaterials/DefaultPhysicalMaterial.uexp" 158
"../../../Engine/Content/Functions/Engine_MaterialFunctions02/Utility/BreakOutFloat2Components.uasset" 159
"../../../Engine/Content/Functions/Engine_MaterialFunctions02/Utility/BreakOutFloat2Components.uexp" 160
"../../../Engine/Content/EngineMaterials/DefaultPostProcessMaterial.uasset" 161
"../../../Engine/Content/EngineMaterials/DefaultPostProcessMaterial.uexp" 162
"../../../Engine/Content/EngineFonts/RobotoDistanceField.uasset" 163
"../../../Engine/Content/EngineFonts/RobotoDistanceField.uexp" 164
"../../../Engine/Content/EngineMaterials/DefaultTextMaterialOpaque.uasset" 165
"../../../Engine/Content/EngineMaterials/DefaultTextMaterialOpaque.uexp" 166
"../../../Engine/Content/EngineMaterials/DefaultWhiteGrid.uasset" 167
"../../../Engine/Content/EngineMaterials/DefaultWhiteGrid.uexp" 168
"../../../Engine/Content/EngineMaterials/DefaultWhiteGrid.ubulk" 169
"../../../Engine/Content/EngineMaterials/DefaultWhiteGrid_Low.uasset" 170
"../../../Engine/Content/EngineMaterials/DefaultWhiteGrid_Low.uexp" 171
"../../../Engine/Content/EngineMaterials/EmissiveMeshMaterial.uasset" 172
"../../../Engine/Content/EngineMaterials/EmissiveMeshMaterial.uexp" 173
"../../../Engine/Content/EngineMaterials/GizmoMaterial.uasset" 174
"../../../Engine/Content/EngineMaterials/GizmoMaterial.uexp" 175
"../../../Engine/Content/EngineMaterials/Good64x64TilingNoiseHighFreq.uasset" 176
"../../../Engine/Content/EngineMaterials/Good64x64TilingNoiseHighFreq.uexp" 177
"../../../Engine/Content/EngineMaterials/MiniFont.uasset" 178
"../../../Engine/Content/EngineMaterials/MiniFont.uexp" 179
"../../../Engine/Content/EngineMaterials/InvalidLightmapSettings.uasset" 180
"../../../Engine/Content/EngineMaterials/InvalidLightmapSettings.uexp" 181
"../../../Engine/Content/EngineMaterials/InvalidLightmapSettings.ubulk" 182
"../../../Engine/Content/EngineMaterials/M_InvalidLightmapSettings.uasset" 183
"../../../Engine/Content/EngineMaterials/M_InvalidLightmapSettings.uexp" 184
"../../../Engine/Content/Functions/Engine_MaterialFunctions02/WorldPositionOffset/CameraOffset.uasset" 185
"../../../Engine/Content/Functions/Engine_MaterialFunctions02/WorldPositionOffset/CameraOffset.uexp" 186
"../../../Engine/Content/EngineMaterials/PhAT_JointLimitMaterial.uasset" 187
"../../../Engine/Content/EngineMaterials/PhAT_JointLimitMaterial.uexp" 188
"../../../Engine/Content/EngineMaterials/DefaultCalibrationColor.uasset" 189
"../../../Engine/Content/EngineMaterials/DefaultCalibrationColor.uexp" 190
"../../../Engine/Content/EngineMaterials/PPM_DefaultCalibrationColor.uasset" 191
"../../../Engine/Content/EngineMaterials/PPM_DefaultCalibrationColor.uexp" 192
"../../../Engine/Content/EngineMaterials/DefaultCalibrationGrayscale.uasset" 193
"../../../Engine/Content/EngineMaterials/DefaultCalibrationGrayscale.uexp" 194
"../../../Engine/Content/EngineMaterials/PPM_DefaultCalibrationGrayscale.uasset" 195
"../../../Engine/Content/EngineMaterials/PPM_DefaultCalibrationGrayscale.uexp" 196
"../../../Engine/Content/EngineMaterials/PreintegratedSkinBRDF.uasset" 197
"../../../Engine/Content/EngineMaterials/PreintegratedSkinBRDF.uexp" 198
"../../../Engine/Content/EngineMaterials/RemoveSurfaceMaterial.uasset" 199
"../../../Engine/Content/EngineMaterials/RemoveSurfaceMaterial.uexp" 200
"../../../Engine/Content/EngineMaterials/WeightMapPlaceholderTexture.uasset" 201
"../../../Engine/Content/EngineMaterials/WeightMapPlaceholderTexture.uexp" 202
"../../../Engine/Content/EngineResources/WhiteSquareTexture.uasset" 203
"../../../Engine/Content/EngineResources/WhiteSquareTexture.uexp" 204
"../../../Engine/Content/EngineMaterials/Widget3DPassThrough.uasset" 205
"../../../Engine/Content/EngineMaterials/Widget3DPassThrough.uexp" 206
"../../../Engine/Content/EngineMaterials/Widget3DPassThrough_Masked.uasset" 207
"../../../Engine/Content/EngineMaterials/Widget3DPassThrough_Masked.uexp" 208
"../../../Engine/Content/EngineMaterials/Widget3DPassThrough_Opaque.uasset" 209
"../../../Engine/Content/EngineMaterials/Widget3DPassThrough_Opaque.uexp" 210
"../../../Engine/Content/EngineMaterials/Widget3DPassThrough_Masked_OneSided.uasset" 211
"../../../Engine/Content/EngineMaterials/Widget3DPassThrough_Masked_OneSided.uexp" 212
"../../../Engine/Content/EngineMaterials/Widget3DPassThrough_Opaque_OneSided.uasset" 213
"../../../Engine/Content/EngineMaterials/Widget3DPassThrough_Opaque_OneSided.uexp" 214
"../../../Engine/Content/EngineMaterials/Widget3DPassThrough_Translucent.uasset" 215
"../../../Engine/Content/EngineMaterials/Widget3DPassThrough_Translucent.uexp" 216
"../../../Engine/Content/EngineMaterials/Widget3DPassThrough_Translucent_OneSided.uasset" 217
"../../../Engine/Content/EngineMaterials/Widget3DPassThrough_Translucent_OneSided.uexp" 218
"../../../Engine/Content/EngineMaterials/DefaultMaterial.uasset" 219
"../../../Engine/Content/EngineMaterials/DefaultMaterial.uexp" 220
"../../../Engine/Content/EngineMeshes/Cylinder.uasset" 221
"../../../Engine/Content/EngineMeshes/Cylinder.uexp" 222
"../../../Engine/Content/EngineMeshes/Sphere.uasset" 223
"../../../Engine/Content/EngineMeshes/Sphere.uexp" 224
"../../../Engine/Content/EngineResources/DefaultTexture.uasset" 225
"../../../Engine/Content/EngineResources/DefaultTexture.uexp" 226
"../../../Engine/Content/EngineResources/DefaultTexture.ubulk" 227
"../../../Engine/Content/EngineResources/DefaultTextureCube.uasset" 228
"../../../Engine/Content/EngineResources/DefaultTextureCube.uexp" 229
"../../../Engine/Content/EngineResources/DefaultVolumeTexture2D.uasset" 230
"../../../Engine/Content/EngineResources/DefaultVolumeTexture2D.uexp" 231
"../../../Engine/Content/EngineResources/DefaultVolumeTexture.uasset" 232
"../../../Engine/Content/EngineResources/DefaultVolumeTexture.uexp" 233
"../../../Engine/Content/EngineResources/GradientTexture0.uasset" 234
"../../../Engine/Content/EngineResources/GradientTexture0.uexp" 235
"../../../Engine/Content/EngineSky/VolumetricClouds/T_NoiseShape64.uasset" 236
"../../../Engine/Content/EngineSky/VolumetricClouds/T_NoiseShape64.uexp" 237
"../../../Engine/Content/EngineSky/VolumetricClouds/T_NoiseShape64.ubulk" 238
"../../../Engine/Content/EngineSky/VolumetricClouds/T_VolumeNoiseShape64.uasset" 239
"../../../Engine/Content/EngineSky/VolumetricClouds/T_VolumeNoiseShape64.uexp" 240
"../../../Engine/Content/EngineSky/VolumetricClouds/T_NoiseErosion.uasset" 241
"../../../Engine/Content/EngineSky/VolumetricClouds/T_NoiseErosion.uexp" 242
"../../../Engine/Content/EngineSky/VolumetricClouds/T_NoiseErosion.ubulk" 243
"../../../Engine/Content/EngineSky/VolumetricClouds/T_VolumeNoiseErosion32.uasset" 244
"../../../Engine/Content/EngineSky/VolumetricClouds/T_VolumeNoiseErosion32.uexp" 245
"../../../Engine/Content/EngineSky/VolumetricClouds/CloudWeatherTexture.uasset" 246
"../../../Engine/Content/EngineSky/VolumetricClouds/CloudWeatherTexture.uexp" 247
"../../../Engine/Content/EngineSky/VolumetricClouds/CloudGradientTexture.uasset" 248
"../../../Engine/Content/EngineSky/VolumetricClouds/CloudGradientTexture.uexp" 249
"../../../Engine/Content/Functions/Engine_MaterialFunctions02/Utility/MakeFloat2.uasset" 250
"../../../Engine/Content/Functions/Engine_MaterialFunctions02/Utility/MakeFloat2.uexp" 251
"../../../Engine/Content/EngineSky/VolumetricClouds/m_SimpleVolumetricCloud.uasset" 252
"../../../Engine/Content/EngineSky/VolumetricClouds/m_SimpleVolumetricCloud.uexp" 253
"../../../Engine/Content/EngineSky/VolumetricClouds/m_SimpleVolumetricCloud_Inst.uasset" 254
"../../../Engine/Content/EngineSky/VolumetricClouds/m_SimpleVolumetricCloud_Inst.uexp" 255
"../../../Engine/Content/EngineSounds/Master.uasset" 256
"../../../Engine/Content/EngineSounds/Master.uexp" 257
"../../../Engine/Content/Functions/Engine_MaterialFunctions01/Shading/PowerToRoughness.uasset" 258
"../../../Engine/Content/Functions/Engine_MaterialFunctions01/Shading/PowerToRoughness.uexp" 259
"../../../Engine/Content/Maps/Templates/Thumbnails/Default.uasset" 260
"../../../Engine/Content/Maps/Templates/Thumbnails/Default.uexp" 261
"../../../Engine/Content/Maps/Templates/Thumbnails/TimeOfDay.uasset" 262
"../../../Engine/Content/Maps/Templates/Thumbnails/TimeOfDay.uexp" 263
"../../../Engine/Content/Maps/Templates/Thumbnails/VR-Basic.uasset" 264
"../../../Engine/Content/Maps/Templates/Thumbnails/VR-Basic.uexp" 265
"../../../Engine/Content/MobileResources/T_MobileControls_texture.uasset" 266
"../../../Engine/Content/MobileResources/T_MobileControls_texture.uexp" 267
"../../../Engine/Content/MobileResources/T_MobileMenu2.uasset" 268
"../../../Engine/Content/MobileResources/T_MobileMenu2.uexp" 269
"../../../Engine/Content/MobileResources/HUD/AnalogHat.uasset" 270
"../../../Engine/Content/MobileResources/HUD/AnalogHat.uexp" 271
"../../../Engine/Content/MobileResources/HUD/VirtualJoystick_Thumb.uasset" 272
"../../../Engine/Content/MobileResources/HUD/VirtualJoystick_Thumb.uexp" 273
"../../../Engine/Content/MobileResources/HUD/VirtualJoystick_Background.uasset" 274
"../../../Engine/Content/MobileResources/HUD/VirtualJoystick_Background.uexp" 275
"../../../Engine/Content/MobileResources/HUD/DefaultVirtualJoysticks.uasset" 276
"../../../Engine/Content/MobileResources/HUD/DefaultVirtualJoysticks.uexp" 277
"../../../Engine/Content/MobileResources/HUD/LeftVirtualJoystickOnly.uasset" 278
"../../../Engine/Content/MobileResources/HUD/LeftVirtualJoystickOnly.uexp" 279
"../../../Engine/Content/MobileResources/HUD/MobileHUDButton1_off.uasset" 280
"../../../Engine/Content/MobileResources/HUD/MobileHUDButton1_off.uexp" 281
"../../../Engine/Content/MobileResources/HUD/MobileHUDButton1_on.uasset" 282
"../../../Engine/Content/MobileResources/HUD/MobileHUDButton1_on.uexp" 283
"../../../Engine/Content/MobileResources/HUD/MobileHUDButton2_off.uasset" 284
"../../../Engine/Content/MobileResources/HUD/MobileHUDButton2_off.uexp" 285
"../../../Engine/Content/MobileResources/HUD/MobileHUDButton2_on.uasset" 286
"../../../Engine/Content/MobileResources/HUD/MobileHUDButton2_on.uexp" 287
"../../../Engine/Content/MobileResources/HUD/MobileHUDButton3.uasset" 288
"../../../Engine/Content/MobileResources/HUD/MobileHUDButton3.uexp" 289
"../../../Engine/Content/MobileResources/HUD/MobileHUDButtonFire.uasset" 290
"../../../Engine/Content/MobileResources/HUD/MobileHUDButtonFire.uexp" 291
"../../../Engine/Content/MobileResources/HUD/MobileHUDDirectionPad.uasset" 292
"../../../Engine/Content/MobileResources/HUD/MobileHUDDirectionPad.uexp" 293
"../../../Engine/Content/MobileResources/HUD/MobileHUDDirectionPad2.uasset" 294
"../../../Engine/Content/MobileResources/HUD/MobileHUDDirectionPad2.uexp" 295
"../../../Engine/Content/MobileResources/HUD/MobileHUDDirectionPad3.uasset" 296
"../../../Engine/Content/MobileResources/HUD/MobileHUDDirectionPad3.uexp" 297
"../../../Engine/Content/MobileResources/HUD/MobileHUDDirectionStick.uasset" 298
"../../../Engine/Content/MobileResources/HUD/MobileHUDDirectionStick.uexp" 299
"../../../Engine/Content/MobileResources/HUD/T_Castle_ThumbstickInner.uasset" 300
"../../../Engine/Content/MobileResources/HUD/T_Castle_ThumbstickInner.uexp" 301
"../../../Engine/Content/MobileResources/HUD/T_Castle_ThumbstickOutter.uasset" 302
"../../../Engine/Content/MobileResources/HUD/T_Castle_ThumbstickOutter.uexp" 303
"../../../Engine/Content/Tutorial/ContentIntroCurve.uasset" 304
"../../../Engine/Content/Tutorial/ContentIntroCurve.uexp" 305
"../../../Engine/Content/Tutorial/Basics/TutorialAssets/icon_tab_Levels_40x.uasset" 306
"../../../Engine/Content/Tutorial/Basics/TutorialAssets/icon_tab_Levels_40x.uexp" 307
"../../../Engine/Content/VREditor/TransformGizmo/TranslucentTransformGizmoMaterial.uasset" 308
"../../../Engine/Content/VREditor/TransformGizmo/TranslucentTransformGizmoMaterial.uexp" 309
"../../../Engine/Content/VREditor/LaserPointer/VR_LaserPower_01.uasset" 310
"../../../Engine/Content/VREditor/LaserPointer/VR_LaserPower_01.uexp" 311
"../../../Engine/Content/VREditor/LaserPointer/VR_LaserPower_01.ubulk" 312
"../../../Engine/Content/VREditor/TransformGizmo/TransformGizmoMaterial.uasset" 313
"../../../Engine/Content/VREditor/TransformGizmo/TransformGizmoMaterial.uexp" 314
"../../../Engine/Content/VREditor/TransformGizmo/BoundingBoxCorner.uasset" 315
"../../../Engine/Content/VREditor/TransformGizmo/BoundingBoxCorner.uexp" 316
"../../../Engine/Content/VREditor/TransformGizmo/BoundingBoxEdge.uasset" 317
"../../../Engine/Content/VREditor/TransformGizmo/BoundingBoxEdge.uexp" 318
"../../../Engine/Content/VREditor/TransformGizmo/PlaneTranslationHandle.uasset" 319
"../../../Engine/Content/VREditor/TransformGizmo/PlaneTranslationHandle.uexp" 320
"../../../Engine/Content/VREditor/TransformGizmo/Xray.uasset" 321
"../../../Engine/Content/VREditor/TransformGizmo/Xray.uexp" 322
"../../../Engine/Content/VREditor/TransformGizmo/Main.uasset" 323
"../../../Engine/Content/VREditor/TransformGizmo/Main.uexp" 324
"../../../Engine/Content/VREditor/TransformGizmo/SM_Sequencer_Key.uasset" 325
"../../../Engine/Content/VREditor/TransformGizmo/SM_Sequencer_Key.uexp" 326
"../../../Engine/Content/VREditor/TransformGizmo/SM_Sequencer_Node.uasset" 327
"../../../Engine/Content/VREditor/TransformGizmo/SM_Sequencer_Node.uexp" 328
"../../../Engine/Plugins/2D/Paper2D/Content/PlaceholderTextures/DummySpriteTexture.uasset" 329
"../../../Engine/Plugins/2D/Paper2D/Content/PlaceholderTextures/DummySpriteTexture.uexp" 330
"../../../Engine/Plugins/2D/Paper2D/Content/PlaceholderTextures/DummySpriteTexture.ubulk" 331
"../../../Engine/Plugins/2D/Paper2D/Content/DummySprite.uasset" 332
"../../../Engine/Plugins/2D/Paper2D/Content/DummySprite.uexp" 333
"../../../Engine/Plugins/2D/Paper2D/Content/DefaultPaperTerrainMaterial.uasset" 334
"../../../Engine/Plugins/2D/Paper2D/Content/DefaultPaperTerrainMaterial.uexp" 335
"../../../Engine/Plugins/2D/Paper2D/Content/DefaultSpriteMaterial.uasset" 336
"../../../Engine/Plugins/2D/Paper2D/Content/DefaultSpriteMaterial.uexp" 337
"../../../Engine/Plugins/2D/Paper2D/Content/MaskedUnlitSpriteMaterial.uasset" 338
"../../../Engine/Plugins/2D/Paper2D/Content/MaskedUnlitSpriteMaterial.uexp" 339
"../../../Engine/Plugins/2D/Paper2D/Content/OpaqueUnlitSpriteMaterial.uasset" 340
"../../../Engine/Plugins/2D/Paper2D/Content/OpaqueUnlitSpriteMaterial.uexp" 341
"../../../Engine/Content/Functions/Engine_MaterialFunctions02/Utility/BreakOutFloat3Components.uasset" 342
"../../../Engine/Content/Functions/Engine_MaterialFunctions02/Utility/BreakOutFloat3Components.uexp" 343
"../../../Engine/Content/Functions/Engine_MaterialFunctions02/Utility/VectorLength.uasset" 344
"../../../Engine/Content/Functions/Engine_MaterialFunctions02/Utility/VectorLength.uexp" 345
"../../../Engine/Content/Functions/Engine_MaterialFunctions02/WorldPositionOffset/ObjectScale.uasset" 346
"../../../Engine/Content/Functions/Engine_MaterialFunctions02/WorldPositionOffset/ObjectScale.uexp" 347
"../../../Engine/Content/Functions/Engine_MaterialFunctions02/ObjectLocalBounds.uasset" 348
"../../../Engine/Content/Functions/Engine_MaterialFunctions02/ObjectLocalBounds.uexp" 349
"../../../Engine/Plugins/Editor/SpeedTreeImporter/Content/SpeedTree9/UnpackInteger3.uasset" 350
"../../../Engine/Plugins/Editor/SpeedTreeImporter/Content/SpeedTree9/UnpackInteger3.uexp" 351
"../../../Engine/Plugins/Editor/SpeedTreeImporter/Content/SpeedTree9/UnpackDirection.uasset" 352
"../../../Engine/Plugins/Editor/SpeedTreeImporter/Content/SpeedTree9/UnpackDirection.uexp" 353
"../../../Engine/Plugins/Editor/SpeedTreeImporter/Content/SpeedTree9/game_wind_noise.uasset" 354
"../../../Engine/Plugins/Editor/SpeedTreeImporter/Content/SpeedTree9/game_wind_noise.uexp" 355
"../../../Engine/Plugins/Editor/SpeedTreeImporter/Content/SpeedTree9/game_wind_noise.ubulk" 356
"../../../Engine/Content/Functions/Engine_MaterialFunctions02/SafeNormalize.uasset" 357
"../../../Engine/Content/Functions/Engine_MaterialFunctions02/SafeNormalize.uexp" 358
"../../../Engine/Plugins/Editor/SpeedTreeImporter/Content/SpeedTree9/SpeedTreeWindMotion.uasset" 359
"../../../Engine/Plugins/Editor/SpeedTreeImporter/Content/SpeedTree9/SpeedTreeWindMotion.uexp" 360
"../../../Engine/Plugins/Editor/SpeedTreeImporter/Content/SpeedTree9/SpeedTreeBranchMotion.uasset" 361
"../../../Engine/Plugins/Editor/SpeedTreeImporter/Content/SpeedTree9/SpeedTreeBranchMotion.uexp" 362
"../../../Engine/Content/Functions/Engine_MaterialFunctions02/UVs/BoundingBoxBased_0-1_UVW.uasset" 363
"../../../Engine/Content/Functions/Engine_MaterialFunctions02/UVs/BoundingBoxBased_0-1_UVW.uexp" 364
"../../../Engine/Plugins/Editor/SpeedTreeImporter/Content/SpeedTree9/SpeedTreeWind.uasset" 365
"../../../Engine/Plugins/Editor/SpeedTreeImporter/Content/SpeedTree9/SpeedTreeWind.uexp" 366
"../../../Engine/Plugins/Editor/SpeedTreeImporter/Content/SpeedTree9/SpeedTreeBillboard.uasset" 367
"../../../Engine/Plugins/Editor/SpeedTreeImporter/Content/SpeedTree9/SpeedTreeBillboard.uexp" 368
"../../../Engine/Plugins/Editor/SpeedTreeImporter/Content/SpeedTree9/EmptyNormal.uasset" 369
"../../../Engine/Plugins/Editor/SpeedTreeImporter/Content/SpeedTree9/EmptyNormal.uexp" 370
"../../../Engine/Plugins/Editor/SpeedTreeImporter/Content/SpeedTree9/Empty.uasset" 371
"../../../Engine/Plugins/Editor/SpeedTreeImporter/Content/SpeedTree9/Empty.uexp" 372
"../../../Engine/Plugins/Editor/SpeedTreeImporter/Content/SpeedTree9/SpeedTreeBillboardMaster.uasset" 373
"../../../Engine/Plugins/Editor/SpeedTreeImporter/Content/SpeedTree9/SpeedTreeBillboardMaster.uexp" 374
"../../../Engine/Plugins/Editor/SpeedTreeImporter/Content/SpeedTree9/SpeedTreeCameraFacing.uasset" 375
"../../../Engine/Plugins/Editor/SpeedTreeImporter/Content/SpeedTree9/SpeedTreeCameraFacing.uexp" 376
"../../../Engine/Plugins/Editor/SpeedTreeImporter/Content/SpeedTree9/SpeedTreeMaster.uasset" 377
"../../../Engine/Plugins/Editor/SpeedTreeImporter/Content/SpeedTree9/SpeedTreeMaster.uexp" 378
"../../../Engine/Content/BasicShapes/Cylinder.uasset" 379
"../../../Engine/Content/BasicShapes/Cylinder.uexp" 380
"../../../Engine/Content/ArtTools/RenderToTexture/Materials/Debug/M_Emissive_Color.uasset" 381
"../../../Engine/Content/ArtTools/RenderToTexture/Materials/Debug/M_Emissive_Color.uexp" 382
"../../../Engine/Plugins/Lumin/MagicLeapPassableWorld/Content/MagicLeapARPinInfoActor.uasset" 383
"../../../Engine/Plugins/Lumin/MagicLeapPassableWorld/Content/MagicLeapARPinInfoActor.uexp" 384
"../../../Engine/Plugins/Runtime/OpenXR/Content/Devices/GoogleDaydream/MRTexture.uasset" 385
"../../../Engine/Plugins/Runtime/OpenXR/Content/Devices/GoogleDaydream/MRTexture.uexp" 386
"../../../Engine/Plugins/Runtime/OpenXR/Content/Devices/GoogleDaydream/MRTexture.ubulk" 387
"../../../Engine/Plugins/Runtime/OpenXR/Content/Devices/GoogleDaydream/BaseTexture.uasset" 388
"../../../Engine/Plugins/Runtime/OpenXR/Content/Devices/GoogleDaydream/BaseTexture.uexp" 389
"../../../Engine/Plugins/Runtime/OpenXR/Content/Devices/GoogleDaydream/BaseTexture.ubulk" 390
"../../../Engine/Content/EngineResources/Black.uasset" 391
"../../../Engine/Content/EngineResources/Black.uexp" 392
"../../../Engine/Plugins/Runtime/OpenXR/Content/Devices/M_XRController.uasset" 393
"../../../Engine/Plugins/Runtime/OpenXR/Content/Devices/M_XRController.uexp" 394
"../../../Engine/Plugins/Runtime/OpenXR/Content/Devices/GoogleDaydream/MI_GoogleDaydream.uasset" 395
"../../../Engine/Plugins/Runtime/OpenXR/Content/Devices/GoogleDaydream/MI_GoogleDaydream.uexp" 396
"../../../Engine/Plugins/Runtime/OpenXR/Content/Devices/GoogleDaydream/GoogleDaydreamController.uasset" 397
"../../../Engine/Plugins/Runtime/OpenXR/Content/Devices/GoogleDaydream/GoogleDaydreamController.uexp" 398
"../../../Engine/Plugins/Runtime/OpenXR/Content/Devices/HTCVive/BaseTexture.uasset" 399
"../../../Engine/Plugins/Runtime/OpenXR/Content/Devices/HTCVive/BaseTexture.uexp" 400
"../../../Engine/Plugins/Runtime/OpenXR/Content/Devices/HTCVive/BaseTexture.ubulk" 401
"../../../Engine/Plugins/Runtime/OpenXR/Content/Devices/HTCVive/MI_HTCVive.uasset" 402
"../../../Engine/Plugins/Runtime/OpenXR/Content/Devices/HTCVive/MI_HTCVive.uexp" 403
"../../../Engine/Plugins/Runtime/OpenXR/Content/Devices/HTCVive/HTCViveController.uasset" 404
"../../../Engine/Plugins/Runtime/OpenXR/Content/Devices/HTCVive/HTCViveController.uexp" 405
"../../../Engine/Plugins/Runtime/OpenXR/Content/Devices/MicrosoftMixedReality/NormalTexture.uasset" 406
"../../../Engine/Plugins/Runtime/OpenXR/Content/Devices/MicrosoftMixedReality/NormalTexture.uexp" 407
"../../../Engine/Plugins/Runtime/OpenXR/Content/Devices/MicrosoftMixedReality/NormalTexture.ubulk" 408
"../../../Engine/Plugins/Runtime/OpenXR/Content/Devices/MicrosoftMixedReality/MRTexture.uasset" 409
"../../../Engine/Plugins/Runtime/OpenXR/Content/Devices/MicrosoftMixedReality/MRTexture.uexp" 410
"../../../Engine/Plugins/Runtime/OpenXR/Content/Devices/MicrosoftMixedReality/MRTexture.ubulk" 411
"../../../Engine/Plugins/Runtime/OpenXR/Content/Devices/MicrosoftMixedReality/EmissiveTexture.uasset" 412
"../../../Engine/Plugins/Runtime/OpenXR/Content/Devices/MicrosoftMixedReality/EmissiveTexture.uexp" 413
"../../../Engine/Plugins/Runtime/OpenXR/Content/Devices/MicrosoftMixedReality/EmissiveTexture.ubulk" 414
"../../../Engine/Plugins/Runtime/OpenXR/Content/Devices/MicrosoftMixedReality/BaseTexture.uasset" 415
"../../../Engine/Plugins/Runtime/OpenXR/Content/Devices/MicrosoftMixedReality/BaseTexture.uexp" 416
"../../../Engine/Plugins/Runtime/OpenXR/Content/Devices/MicrosoftMixedReality/BaseTexture.ubulk" 417
"../../../Engine/Plugins/Runtime/OpenXR/Content/Devices/MicrosoftMixedReality/MI_MicrosoftMixedReality.uasset" 418
"../../../Engine/Plugins/Runtime/OpenXR/Content/Devices/MicrosoftMixedReality/MI_MicrosoftMixedReality.uexp" 419
"../../../Engine/Plugins/Runtime/OpenXR/Content/Devices/MicrosoftMixedReality/Left/left_MicrosoftMixedRealityController.uasset" 420
"../../../Engine/Plugins/Runtime/OpenXR/Content/Devices/MicrosoftMixedReality/Left/left_MicrosoftMixedRealityController.uexp" 421
"../../../Engine/Plugins/Runtime/OpenXR/Content/Devices/MicrosoftMixedReality/Right/right_MicrosoftMixedRealityController.uasset" 422
"../../../Engine/Plugins/Runtime/OpenXR/Content/Devices/MicrosoftMixedReality/Right/right_MicrosoftMixedRealityController.uexp" 423
"../../../Engine/Plugins/Runtime/OpenXR/Content/Devices/OculusGo/BaseTexture.uasset" 424
"../../../Engine/Plugins/Runtime/OpenXR/Content/Devices/OculusGo/BaseTexture.uexp" 425
"../../../Engine/Plugins/Runtime/OpenXR/Content/Devices/OculusGo/BaseTexture.ubulk" 426
"../../../Engine/Plugins/Runtime/OpenXR/Content/Devices/OculusGo/MI_OculusGo.uasset" 427
"../../../Engine/Plugins/Runtime/OpenXR/Content/Devices/OculusGo/MI_OculusGo.uexp" 428
"../../../Engine/Plugins/Runtime/OpenXR/Content/Devices/OculusGo/OculusGoController.uasset" 429
"../../../Engine/Plugins/Runtime/OpenXR/Content/Devices/OculusGo/OculusGoController.uexp" 430
"../../../Engine/Plugins/Runtime/OpenXR/Content/Devices/OculusTouch/MRTexture.uasset" 431
"../../../Engine/Plugins/Runtime/OpenXR/Content/Devices/OculusTouch/MRTexture.uexp" 432
"../../../Engine/Plugins/Runtime/OpenXR/Content/Devices/OculusTouch/MRTexture.ubulk" 433
"../../../Engine/Plugins/Runtime/OpenXR/Content/Devices/OculusTouch/BaseTexture.uasset" 434
"../../../Engine/Plugins/Runtime/OpenXR/Content/Devices/OculusTouch/BaseTexture.uexp" 435
"../../../Engine/Plugins/Runtime/OpenXR/Content/Devices/OculusTouch/BaseTexture.ubulk" 436
"../../../Engine/Plugins/Runtime/OpenXR/Content/Devices/OculusTouch/MI_OculusTouch.uasset" 437
"../../../Engine/Plugins/Runtime/OpenXR/Content/Devices/OculusTouch/MI_OculusTouch.uexp" 438
"../../../Engine/Plugins/Runtime/OpenXR/Content/Devices/OculusTouch/Left/left_OculusTouchController.uasset" 439
"../../../Engine/Plugins/Runtime/OpenXR/Content/Devices/OculusTouch/Left/left_OculusTouchController.uexp" 440
"../../../Engine/Plugins/Runtime/OpenXR/Content/Devices/OculusTouch/Right/right_OculusTouchController.uasset" 441
"../../../Engine/Plugins/Runtime/OpenXR/Content/Devices/OculusTouch/Right/right_OculusTouchController.uexp" 442
"../../../Engine/Plugins/Runtime/OpenXR/Content/Devices/OculusTouch_v2/MRTexture.uasset" 443
"../../../Engine/Plugins/Runtime/OpenXR/Content/Devices/OculusTouch_v2/MRTexture.uexp" 444
"../../../Engine/Plugins/Runtime/OpenXR/Content/Devices/OculusTouch_v2/MRTexture.ubulk" 445
"../../../Engine/Plugins/Runtime/OpenXR/Content/Devices/OculusTouch_v2/BaseTexture.uasset" 446
"../../../Engine/Plugins/Runtime/OpenXR/Content/Devices/OculusTouch_v2/BaseTexture.uexp" 447
"../../../Engine/Plugins/Runtime/OpenXR/Content/Devices/OculusTouch_v2/BaseTexture.ubulk" 448
"../../../Engine/Plugins/Runtime/OpenXR/Content/Devices/OculusTouch_v2/MI_OculusTouch_v2.uasset" 449
"../../../Engine/Plugins/Runtime/OpenXR/Content/Devices/OculusTouch_v2/MI_OculusTouch_v2.uexp" 450
"../../../Engine/Plugins/Runtime/OpenXR/Content/Devices/OculusTouch_v2/Left/left_OculusTouch_v2Controller.uasset" 451
"../../../Engine/Plugins/Runtime/OpenXR/Content/Devices/OculusTouch_v2/Left/left_OculusTouch_v2Controller.uexp" 452
"../../../Engine/Plugins/Runtime/OpenXR/Content/Devices/OculusTouch_v2/Right/right_OculusTouch_v2Controller.uasset" 453
"../../../Engine/Plugins/Runtime/OpenXR/Content/Devices/OculusTouch_v2/Right/right_OculusTouch_v2Controller.uexp" 454
"../../../Engine/Plugins/Runtime/OpenXR/Content/Devices/OculusTouch_v3/MRTexture.uasset" 455
"../../../Engine/Plugins/Runtime/OpenXR/Content/Devices/OculusTouch_v3/MRTexture.uexp" 456
"../../../Engine/Plugins/Runtime/OpenXR/Content/Devices/OculusTouch_v3/MRTexture.ubulk" 457
"../../../Engine/Plugins/Runtime/OpenXR/Content/Devices/OculusTouch_v3/BaseTexture.uasset" 458
"../../../Engine/Plugins/Runtime/OpenXR/Content/Devices/OculusTouch_v3/BaseTexture.uexp" 459
"../../../Engine/Plugins/Runtime/OpenXR/Content/Devices/OculusTouch_v3/BaseTexture.ubulk" 460
"../../../Engine/Plugins/Runtime/OpenXR/Content/Devices/OculusTouch_v3/MI_OculusTouch_v3.uasset" 461
"../../../Engine/Plugins/Runtime/OpenXR/Content/Devices/OculusTouch_v3/MI_OculusTouch_v3.uexp" 462
"../../../Engine/Plugins/Runtime/OpenXR/Content/Devices/OculusTouch_v3/Left/left_OculusTouch_v3Controller.uasset" 463
"../../../Engine/Plugins/Runtime/OpenXR/Content/Devices/OculusTouch_v3/Left/left_OculusTouch_v3Controller.uexp" 464
"../../../Engine/Plugins/Runtime/OpenXR/Content/Devices/OculusTouch_v3/Right/right_OculusTouch_v3Controller.uasset" 465
"../../../Engine/Plugins/Runtime/OpenXR/Content/Devices/OculusTouch_v3/Right/right_OculusTouch_v3Controller.uexp" 466
"../../../Engine/Plugins/Runtime/OpenXR/Content/Devices/ValveIndex/MRTexture.uasset" 467
"../../../Engine/Plugins/Runtime/OpenXR/Content/Devices/ValveIndex/MRTexture.uexp" 468
"../../../Engine/Plugins/Runtime/OpenXR/Content/Devices/ValveIndex/MRTexture.ubulk" 469
"../../../Engine/Plugins/Runtime/OpenXR/Content/Devices/ValveIndex/BaseTexture.uasset" 470
"../../../Engine/Plugins/Runtime/OpenXR/Content/Devices/ValveIndex/BaseTexture.uexp" 471
"../../../Engine/Plugins/Runtime/OpenXR/Content/Devices/ValveIndex/BaseTexture.ubulk" 472
"../../../Engine/Plugins/Runtime/OpenXR/Content/Devices/ValveIndex/Left/MI_left_ValveIndex.uasset" 473
"../../../Engine/Plugins/Runtime/OpenXR/Content/Devices/ValveIndex/Left/MI_left_ValveIndex.uexp" 474
"../../../Engine/Plugins/Runtime/OpenXR/Content/Devices/ValveIndex/Left/left_ValveIndexController.uasset" 475
"../../../Engine/Plugins/Runtime/OpenXR/Content/Devices/ValveIndex/Left/left_ValveIndexController.uexp" 476
"../../../Engine/Plugins/Runtime/OpenXR/Content/Devices/ValveIndex/Right/MI_right_ValveIndex.uasset" 477
"../../../Engine/Plugins/Runtime/OpenXR/Content/Devices/ValveIndex/Right/MI_right_ValveIndex.uexp" 478
"../../../Engine/Plugins/Runtime/OpenXR/Content/Devices/ValveIndex/Right/right_ValveIndexController.uasset" 479
"../../../Engine/Plugins/Runtime/OpenXR/Content/Devices/ValveIndex/Right/right_ValveIndexController.uexp" 480
"../../../Engine/Content/Functions/Engine_MaterialFunctions02/Utility/MakeFloat3.uasset" 481
"../../../Engine/Content/Functions/Engine_MaterialFunctions02/Utility/MakeFloat3.uexp" 482
"../../../Engine/Content/Functions/Engine_MaterialFunctions02/Utility/BreakOutFloat4Components.uasset" 483
"../../../Engine/Content/Functions/Engine_MaterialFunctions02/Utility/BreakOutFloat4Components.uexp" 484
"../../../Engine/Plugins/Runtime/Oculus/OculusVR/Content/Materials/OculusMR_ChromaKey.uasset" 485
"../../../Engine/Plugins/Runtime/Oculus/OculusVR/Content/Materials/OculusMR_ChromaKey.uexp" 486
"../../../Engine/Plugins/Runtime/Oculus/OculusVR/Content/Materials/OculusMR_OpaqueColoredMaterial.uasset" 487
"../../../Engine/Plugins/Runtime/Oculus/OculusVR/Content/Materials/OculusMR_OpaqueColoredMaterial.uexp" 488
"../../../Engine/Plugins/Runtime/Oculus/OculusVR/Content/Materials/PokeAHoleMaterial.uasset" 489
"../../../Engine/Plugins/Runtime/Oculus/OculusVR/Content/Materials/PokeAHoleMaterial.uexp" 490
"../../../Engine/Plugins/Runtime/Oculus/OculusVR/Content/Textures/touchController_controlmap.uasset" 491
"../../../Engine/Plugins/Runtime/Oculus/OculusVR/Content/Textures/touchController_controlmap.uexp" 492
"../../../Engine/Plugins/Runtime/Oculus/OculusVR/Content/Textures/touchController_controlmap.ubulk" 493
"../../../Engine/Plugins/Runtime/Oculus/OculusVR/Content/Textures/touchController_albedo.uasset" 494
"../../../Engine/Plugins/Runtime/Oculus/OculusVR/Content/Textures/touchController_albedo.uexp" 495
"../../../Engine/Plugins/Runtime/Oculus/OculusVR/Content/Textures/touchController_albedo.ubulk" 496
"../../../Engine/Plugins/Runtime/Oculus/OculusVR/Content/Materials/touchController_mat.uasset" 497
"../../../Engine/Plugins/Runtime/Oculus/OculusVR/Content/Materials/touchController_mat.uexp" 498
"../../../Engine/Plugins/Runtime/Oculus/OculusVR/Content/Meshes/LeftTouchController.uasset" 499
"../../../Engine/Plugins/Runtime/Oculus/OculusVR/Content/Meshes/LeftTouchController.uexp" 500
"../../../Engine/Plugins/Runtime/Oculus/OculusVR/Content/Textures/TouchForQuestRiftSController_albedo.uasset" 501
"../../../Engine/Plugins/Runtime/Oculus/OculusVR/Content/Textures/TouchForQuestRiftSController_albedo.uexp" 502
"../../../Engine/Plugins/Runtime/Oculus/OculusVR/Content/Textures/TouchForQuestRiftSController_albedo.ubulk" 503
"../../../Engine/Plugins/Runtime/Oculus/OculusVR/Content/Materials/TouchForQuestRiftSControllerMaterial.uasset" 504
"../../../Engine/Plugins/Runtime/Oculus/OculusVR/Content/Materials/TouchForQuestRiftSControllerMaterial.uexp" 505
"../../../Engine/Plugins/Runtime/Oculus/OculusVR/Content/Meshes/LeftTouchForQuestRiftSController.uasset" 506
"../../../Engine/Plugins/Runtime/Oculus/OculusVR/Content/Meshes/LeftTouchForQuestRiftSController.uexp" 507
"../../../Engine/Plugins/Runtime/Oculus/OculusVR/Content/Meshes/RiftHMD.uasset" 508
"../../../Engine/Plugins/Runtime/Oculus/OculusVR/Content/Meshes/RiftHMD.uexp" 509
"../../../Engine/Plugins/Runtime/Oculus/OculusVR/Content/Meshes/RightTouchController.uasset" 510
"../../../Engine/Plugins/Runtime/Oculus/OculusVR/Content/Meshes/RightTouchController.uexp" 511
"../../../Engine/Plugins/Runtime/Oculus/OculusVR/Content/Meshes/RightTouchForQuestRiftSController.uasset" 512
"../../../Engine/Plugins/Runtime/Oculus/OculusVR/Content/Meshes/RightTouchForQuestRiftSController.uexp" 513
"C:/Epic Games/GameMechanics/Project/Content/GoodSky/Source/Textures/T_GoodSky_clouds_sphere.uasset" 514
"C:/Epic Games/GameMechanics/Project/Content/GoodSky/Source/Textures/T_GoodSky_clouds_sphere.uexp" 515
"C:/Epic Games/GameMechanics/Project/Content/GoodSky/Source/Textures/T_GoodSky_clouds_B.uasset" 516
"C:/Epic Games/GameMechanics/Project/Content/GoodSky/Source/Textures/T_GoodSky_clouds_B.uexp" 517
"C:/Epic Games/GameMechanics/Project/Content/GoodSky/Source/Textures/T_GoodSky_clouds_B.ubulk" 518
"C:/Epic Games/GameMechanics/Project/Content/GoodSky/Source/Textures/T_GoodSky_clouds_F.uasset" 519
"C:/Epic Games/GameMechanics/Project/Content/GoodSky/Source/Textures/T_GoodSky_clouds_F.uexp" 520
"C:/Epic Games/GameMechanics/Project/Content/GoodSky/Source/Textures/T_GoodSky_clouds_F.ubulk" 521
"C:/Epic Games/GameMechanics/Project/Content/GoodSky/Source/Textures/T_GoodSky_clouds_D.uasset" 522
"C:/Epic Games/GameMechanics/Project/Content/GoodSky/Source/Textures/T_GoodSky_clouds_D.uexp" 523
"C:/Epic Games/GameMechanics/Project/Content/GoodSky/Source/Textures/T_GoodSky_clouds_D.ubulk" 524
"C:/Epic Games/GameMechanics/Project/Content/GoodSky/Source/Textures/T_GoodSky_clouds_A.uasset" 525
"C:/Epic Games/GameMechanics/Project/Content/GoodSky/Source/Textures/T_GoodSky_clouds_A.uexp" 526
"C:/Epic Games/GameMechanics/Project/Content/GoodSky/Source/Textures/T_GoodSky_clouds_A.ubulk" 527
"../../../Engine/Content/Functions/Engine_MaterialFunctions01/Gradient/LinearGradient.uasset" 528
"../../../Engine/Content/Functions/Engine_MaterialFunctions01/Gradient/LinearGradient.uexp" 529
"C:/Epic Games/GameMechanics/Project/Content/GoodSky/Source/Materials/Material_Function/MF_GoodSky_Top_part_alpha.uasset" 530
"C:/Epic Games/GameMechanics/Project/Content/GoodSky/Source/Materials/Material_Function/MF_GoodSky_Top_part_alpha.uexp" 531
"C:/Epic Games/GameMechanics/Project/Content/GoodSky/Source/Materials/Material_Function/MF_GoodSky_Time.uasset" 532
"C:/Epic Games/GameMechanics/Project/Content/GoodSky/Source/Materials/Material_Function/MF_GoodSky_Time.uexp" 533
"C:/Epic Games/GameMechanics/Project/Content/GoodSky/Source/Materials/Material_Function/MF_GoodSky_SkyDomeAlpha.uasset" 534
"C:/Epic Games/GameMechanics/Project/Content/GoodSky/Source/Materials/Material_Function/MF_GoodSky_SkyDomeAlpha.uexp" 535
"C:/Epic Games/GameMechanics/Project/Content/GoodSky/Source/Materials/Material_Function/MF_GoodSky_Global_Setting.uasset" 536
"C:/Epic Games/GameMechanics/Project/Content/GoodSky/Source/Materials/Material_Function/MF_GoodSky_Global_Setting.uexp" 537
"C:/Epic Games/GameMechanics/Project/Content/GoodSky/Source/Materials/Material_Function/MF_GoodSky_Clouds_Setting.uasset" 538
"C:/Epic Games/GameMechanics/Project/Content/GoodSky/Source/Materials/Material_Function/MF_GoodSky_Clouds_Setting.uexp" 539
"C:/Epic Games/GameMechanics/Project/Content/GoodSky/Source/Textures/T_GoodSky_Stars.uasset" 540
"C:/Epic Games/GameMechanics/Project/Content/GoodSky/Source/Textures/T_GoodSky_Stars.uexp" 541
"C:/Epic Games/GameMechanics/Project/Content/GoodSky/Source/Textures/T_GoodSky_Stars.ubulk" 542
"C:/Epic Games/GameMechanics/Project/Content/GoodSky/Source/Textures/T_GoodSky_noise_smooth.uasset" 543
"C:/Epic Games/GameMechanics/Project/Content/GoodSky/Source/Textures/T_GoodSky_noise_smooth.uexp" 544
"C:/Epic Games/GameMechanics/Project/Content/GoodSky/Source/Textures/T_GoodSky_noise_smooth.ubulk" 545
"C:/Epic Games/GameMechanics/Project/Content/GoodSky/Source/Materials/M_GoodSky_Sun_Stars.uasset" 546
"C:/Epic Games/GameMechanics/Project/Content/GoodSky/Source/Materials/M_GoodSky_Sun_Stars.uexp" 547
"C:/Epic Games/GameMechanics/Project/Content/GoodSky/Source/Textures/T_GoodSky_clouds_E.uasset" 548
"C:/Epic Games/GameMechanics/Project/Content/GoodSky/Source/Textures/T_GoodSky_clouds_E.uexp" 549
"C:/Epic Games/GameMechanics/Project/Content/GoodSky/Source/Textures/T_GoodSky_clouds_E.ubulk" 550
"C:/Epic Games/GameMechanics/Project/Content/GoodSky/Source/Textures/T_GoodSky_clouds_C.uasset" 551
"C:/Epic Games/GameMechanics/Project/Content/GoodSky/Source/Textures/T_GoodSky_clouds_C.uexp" 552
"C:/Epic Games/GameMechanics/Project/Content/GoodSky/Source/Textures/T_GoodSky_clouds_C.ubulk" 553
"C:/Epic Games/GameMechanics/Project/Content/GoodSky/Source/Materials/M_GoodSky_Base.uasset" 554
"C:/Epic Games/GameMechanics/Project/Content/GoodSky/Source/Materials/M_GoodSky_Base.uexp" 555
"C:/Epic Games/GameMechanics/Project/Content/GoodSky/Source/Mesh/SM_GoodSky_Sphere.uasset" 556
"C:/Epic Games/GameMechanics/Project/Content/GoodSky/Source/Mesh/SM_GoodSky_Sphere.uexp" 557
"C:/Epic Games/GameMechanics/Project/Content/GoodSky/Source/Mesh/SM_GoodSky_Hemisphere.uasset" 558
"C:/Epic Games/GameMechanics/Project/Content/GoodSky/Source/Mesh/SM_GoodSky_Hemisphere.uexp" 559
"C:/Epic Games/GameMechanics/Project/Content/GoodSky/Source/Data/Enum/Enum_GoodSky_Style_Clouds.uasset" 560
"C:/Epic Games/GameMechanics/Project/Content/GoodSky/Source/Data/Enum/Enum_GoodSky_Style_Clouds.uexp" 561
"C:/Epic Games/GameMechanics/Project/Content/GoodSky/Source/Data/Enum/Enum_GoodSky_Preset.uasset" 562
"C:/Epic Games/GameMechanics/Project/Content/GoodSky/Source/Data/Enum/Enum_GoodSky_Preset.uexp" 563
"C:/Epic Games/GameMechanics/Project/Content/GoodSky/Source/Data/Enum/Enum_GoodSky_Effects.uasset" 564
"C:/Epic Games/GameMechanics/Project/Content/GoodSky/Source/Data/Enum/Enum_GoodSky_Effects.uexp" 565
"C:/Epic Games/GameMechanics/Project/Content/GoodSky/Source/Data/Enum/Enum_GoodSky_Clouds_Coverage.uasset" 566
"C:/Epic Games/GameMechanics/Project/Content/GoodSky/Source/Data/Enum/Enum_GoodSky_Clouds_Coverage.uexp" 567
"C:/Epic Games/GameMechanics/Project/Content/GoodSky/Source/ArrowTool/M_GoodSky_Sun_Emissive.uasset" 568
"C:/Epic Games/GameMechanics/Project/Content/GoodSky/Source/ArrowTool/M_GoodSky_Sun_Emissive.uexp" 569
"C:/Epic Games/GameMechanics/Project/Content/GoodSky/Source/ArrowTool/SM_GoodSky_StarMesh.uasset" 570
"C:/Epic Games/GameMechanics/Project/Content/GoodSky/Source/ArrowTool/SM_GoodSky_StarMesh.uexp" 571
"../../../Engine/Content/BasicShapes/Sphere.uasset" 572
"../../../Engine/Content/BasicShapes/Sphere.uexp" 573
"../../../Engine/Content/BasicShapes/Plane.uasset" 574
"../../../Engine/Content/BasicShapes/Plane.uexp" 575
"C:/Epic Games/GameMechanics/Project/Content/GoodSky/Source/Textures/T_GoodSky_Moon.uasset" 576
"C:/Epic Games/GameMechanics/Project/Content/GoodSky/Source/Textures/T_GoodSky_Moon.uexp" 577
"../../../Engine/Content/Functions/Engine_MaterialFunctions01/Texturing/ScaleUVsAroundPoint.uasset" 578
"../../../Engine/Content/Functions/Engine_MaterialFunctions01/Texturing/ScaleUVsAroundPoint.uexp" 579
"../../../Engine/Content/Functions/Engine_MaterialFunctions01/Density/ExponentialDensity.uasset" 580
"../../../Engine/Content/Functions/Engine_MaterialFunctions01/Density/ExponentialDensity.uexp" 581
"../../../Engine/Content/Functions/Engine_MaterialFunctions01/Gradient/RadialGradientExponential.uasset" 582
"../../../Engine/Content/Functions/Engine_MaterialFunctions01/Gradient/RadialGradientExponential.uexp" 583
"C:/Epic Games/GameMechanics/Project/Content/GoodSky/Source/Materials/Material_Function/MF_GoodSky_Moon_Setting.uasset" 584
"C:/Epic Games/GameMechanics/Project/Content/GoodSky/Source/Materials/Material_Function/MF_GoodSky_Moon_Setting.uexp" 585
"C:/Epic Games/GameMechanics/Project/Content/GoodSky/Source/Materials/M_GoodSky_Sun_Stars_Moon.uasset" 586
"C:/Epic Games/GameMechanics/Project/Content/GoodSky/Source/Materials/M_GoodSky_Sun_Stars_Moon.uexp" 587
"C:/Epic Games/GameMechanics/Project/Content/GoodSky/Source/Materials/Material_Function/MF_GoodSky_LightningFlick.uasset" 588
"C:/Epic Games/GameMechanics/Project/Content/GoodSky/Source/Materials/Material_Function/MF_GoodSky_LightningFlick.uexp" 589
"../../../Engine/Content/Functions/Engine_MaterialFunctions01/Texturing/TextureCropping.uasset" 590
"../../../Engine/Content/Functions/Engine_MaterialFunctions01/Texturing/TextureCropping.uexp" 591
"../../../Engine/Content/Functions/Engine_MaterialFunctions01/Texturing/ComputeMipLevel.uasset" 592
"../../../Engine/Content/Functions/Engine_MaterialFunctions01/Texturing/ComputeMipLevel.uexp" 593
"../../../Engine/Content/Functions/Engine_MaterialFunctions02/ExampleContent/Textures/DebugNumberPeriod.uasset" 594
"../../../Engine/Content/Functions/Engine_MaterialFunctions02/ExampleContent/Textures/DebugNumberPeriod.uexp" 595
"../../../Engine/Content/Functions/Engine_MaterialFunctions02/ExampleContent/DebugNumberStrip.uasset" 596
"../../../Engine/Content/Functions/Engine_MaterialFunctions02/ExampleContent/DebugNumberStrip.uexp" 597
"../../../Engine/Content/Functions/Engine_MaterialFunctions02/Utility/DebugScalarValues.uasset" 598
"../../../Engine/Content/Functions/Engine_MaterialFunctions02/Utility/DebugScalarValues.uexp" 599
"../../../Engine/Content/Functions/Engine_MaterialFunctions02/Utility/DebugFloat3Values.uasset" 600
"../../../Engine/Content/Functions/Engine_MaterialFunctions02/Utility/DebugFloat3Values.uexp" 601
"../../../Engine/Content/Functions/Engine_MaterialFunctions02/Math/RGBtoHSV.uasset" 602
"../../../Engine/Content/Functions/Engine_MaterialFunctions02/Math/RGBtoHSV.uexp" 603
"../../../Engine/Content/Functions/Engine_MaterialFunctions01/ImageAdjustment/DeriveHDRfromLDR.uasset" 604
"../../../Engine/Content/Functions/Engine_MaterialFunctions01/ImageAdjustment/DeriveHDRfromLDR.uexp" 605
"C:/Epic Games/GameMechanics/Project/Content/GoodSky/Source/Textures/T_GoodSky_Lightning.uasset" 606
"C:/Epic Games/GameMechanics/Project/Content/GoodSky/Source/Textures/T_GoodSky_Lightning.uexp" 607
"C:/Epic Games/GameMechanics/Project/Content/GoodSky/Source/Textures/T_GoodSky_Lightning.ubulk" 608
"C:/Epic Games/GameMechanics/Project/Content/GoodSky/Source/Materials/M_GoodSky_Storm.uasset" 609
"C:/Epic Games/GameMechanics/Project/Content/GoodSky/Source/Materials/M_GoodSky_Storm.uexp" 610
"C:/Epic Games/GameMechanics/Project/Content/GoodSky/Source/Materials/M_GoodSky_Moon.uasset" 611
"C:/Epic Games/GameMechanics/Project/Content/GoodSky/Source/Materials/M_GoodSky_Moon.uexp" 612
"C:/Epic Games/GameMechanics/Project/Content/GoodSky/Source/ArrowTool/T_GoodSky_SkyRing.uasset" 613
"C:/Epic Games/GameMechanics/Project/Content/GoodSky/Source/ArrowTool/T_GoodSky_SkyRing.uexp" 614
"C:/Epic Games/GameMechanics/Project/Content/GoodSky/Source/ArrowTool/T_GoodSky_SkyRing.ubulk" 615
"C:/Epic Games/GameMechanics/Project/Content/GoodSky/Source/ArrowTool/M_GoodSky_SkyRing_.uasset" 616
"C:/Epic Games/GameMechanics/Project/Content/GoodSky/Source/ArrowTool/M_GoodSky_SkyRing_.uexp" 617
"C:/Epic Games/GameMechanics/Project/Content/GoodSky/Source/Data/Structure/Structure_GoodSky.uasset" 618
"C:/Epic Games/GameMechanics/Project/Content/GoodSky/Source/Data/Structure/Structure_GoodSky.uexp" 619
"C:/Epic Games/GameMechanics/Project/Content/GoodSky/Source/Data/DataTable/DataTable_GoodSky.uasset" 620
"C:/Epic Games/GameMechanics/Project/Content/GoodSky/Source/Data/DataTable/DataTable_GoodSky.uexp" 621
"C:/Epic Games/GameMechanics/Project/Content/GoodSky/Source/Data/Curve/Curve_GoodSky_SunDirection_Vector1.uasset" 622
"C:/Epic Games/GameMechanics/Project/Content/GoodSky/Source/Data/Curve/Curve_GoodSky_SunDirection_Vector1.uexp" 623
"C:/Epic Games/GameMechanics/Project/Content/GoodSky/Source/Data/Curve/Curve_GoodSky_SunDirection_Vector.uasset" 624
"C:/Epic Games/GameMechanics/Project/Content/GoodSky/Source/Data/Curve/Curve_GoodSky_SunDirection_Vector.uexp" 625
"C:/Epic Games/GameMechanics/Project/Content/GoodSky/Source/Data/Curve/Curve_GoodSky_horizon_Color.uasset" 626
"C:/Epic Games/GameMechanics/Project/Content/GoodSky/Source/Data/Curve/Curve_GoodSky_horizon_Color.uexp" 627
"C:/Epic Games/GameMechanics/Project/Content/GoodSky/Source/Data/Curve/Curve_GoodSky_DomeColor.uasset" 628
"C:/Epic Games/GameMechanics/Project/Content/GoodSky/Source/Data/Curve/Curve_GoodSky_DomeColor.uexp" 629
"C:/Epic Games/GameMechanics/Project/Content/GoodSky/Source/Data/Enum/Enum_GoodSky_MeshType.uasset" 630
"C:/Epic Games/GameMechanics/Project/Content/GoodSky/Source/Data/Enum/Enum_GoodSky_MeshType.uexp" 631
"C:/Epic Games/GameMechanics/Project/Content/GoodSky/Source/Data/Curve/Curve_GoodSky_BaseCloudColor.uasset" 632
"C:/Epic Games/GameMechanics/Project/Content/GoodSky/Source/Data/Curve/Curve_GoodSky_BaseCloudColor.uexp" 633
"C:/Epic Games/GameMechanics/Project/Content/GoodSky/Source/Data/Curve/Curve_GoodSky_AllOverlayColor.uasset" 634
"C:/Epic Games/GameMechanics/Project/Content/GoodSky/Source/Data/Curve/Curve_GoodSky_AllOverlayColor.uexp" 635
"C:/Epic Games/GameMechanics/Project/Content/GoodSky/Source/Data/Curve/Curve_GoodSky_SunLight.uasset" 636
"C:/Epic Games/GameMechanics/Project/Content/GoodSky/Source/Data/Curve/Curve_GoodSky_SunLight.uexp" 637
"C:/Epic Games/GameMechanics/Project/Content/GoodSky/Source/Data/Curve/Curve_GoodSky_Stars.uasset" 638
"C:/Epic Games/GameMechanics/Project/Content/GoodSky/Source/Data/Curve/Curve_GoodSky_Stars.uexp" 639
"../../../Engine/Content/EditorBlueprintResources/StandardMacros.uasset" 640
"../../../Engine/Content/EditorBlueprintResources/StandardMacros.uexp" 641
"C:/Epic Games/GameMechanics/Project/Content/GoodSky/Blueprint/BP_GoodSky.uasset" 642
"C:/Epic Games/GameMechanics/Project/Content/GoodSky/Blueprint/BP_GoodSky.uexp" 643
"C:/Epic Games/GameMechanics/Project/Content/UI/Spells.uasset" 644
"C:/Epic Games/GameMechanics/Project/Content/UI/Spells.uexp" 645
"C:/Epic Games/GameMechanics/Project/Content/UI/SelectedSpell.uasset" 646
"C:/Epic Games/GameMechanics/Project/Content/UI/SelectedSpell.uexp" 647
"C:/Epic Games/GameMechanics/Project/Content/UI/Cooldown.uasset" 648
"C:/Epic Games/GameMechanics/Project/Content/UI/Cooldown.uexp" 649
"C:/Epic Games/GameMechanics/Project/Content/UI/Wind.uasset" 650
"C:/Epic Games/GameMechanics/Project/Content/UI/Wind.uexp" 651
"C:/Epic Games/GameMechanics/Project/Content/UI/Frost.uasset" 652
"C:/Epic Games/GameMechanics/Project/Content/UI/Frost.uexp" 653
"C:/Epic Games/GameMechanics/Project/Content/UI/Fire.uasset" 654
"C:/Epic Games/GameMechanics/Project/Content/UI/Fire.uexp" 655
"C:/Epic Games/GameMechanics/Project/Content/Materials/M_TornadoMat.uasset" 656
"C:/Epic Games/GameMechanics/Project/Content/Materials/M_TornadoMat.uexp" 657
"C:/Epic Games/GameMechanics/Project/Content/BP/Spells/BP_ChainLightning.uasset" 658
"C:/Epic Games/GameMechanics/Project/Content/BP/Spells/BP_ChainLightning.uexp" 659
"C:/Epic Games/GameMechanics/Project/Content/BP/Spells/BP_Tornado.uasset" 660
"C:/Epic Games/GameMechanics/Project/Content/BP/Spells/BP_Tornado.uexp" 661
"C:/Epic Games/GameMechanics/Project/Content/StarterContent/Materials/M_Basic_Wall.uasset" 662
"C:/Epic Games/GameMechanics/Project/Content/StarterContent/Materials/M_Basic_Wall.uexp" 663
"C:/Epic Games/GameMechanics/Project/Content/StarterContent/Shapes/Shape_Torus.uasset" 664
"C:/Epic Games/GameMechanics/Project/Content/StarterContent/Shapes/Shape_Torus.uexp" 665
"C:/Epic Games/GameMechanics/Project/Content/BP/Spells/BP_Shockwave.uasset" 666
"C:/Epic Games/GameMechanics/Project/Content/BP/Spells/BP_Shockwave.uexp" 667
"C:/Epic Games/GameMechanics/Project/Content/Materials/M_IceWallMat.uasset" 668
"C:/Epic Games/GameMechanics/Project/Content/Materials/M_IceWallMat.uexp" 669
"C:/Epic Games/GameMechanics/Project/Content/BP/Spells/BP_IceWall.uasset" 670
"C:/Epic Games/GameMechanics/Project/Content/BP/Spells/BP_IceWall.uexp" 671
"C:/Epic Games/GameMechanics/Project/Content/Materials/M_FlameColumnMat.uasset" 672
"C:/Epic Games/GameMechanics/Project/Content/Materials/M_FlameColumnMat.uexp" 673
"C:/Epic Games/GameMechanics/Project/Content/BP/Spells/BP_FlameColumn.uasset" 674
"C:/Epic Games/GameMechanics/Project/Content/BP/Spells/BP_FlameColumn.uexp" 675
"../../../Engine/Plugins/FX/Niagara/Content/Enums/ENiagaraScaleColorMode.uasset" 676
"../../../Engine/Plugins/FX/Niagara/Content/Enums/ENiagaraScaleColorMode.uexp" 677
"../../../Engine/Plugins/FX/Niagara/Content/Enums/SpriteRenderer/ENiagara_ScaleSpriteSize.uasset" 678
"../../../Engine/Plugins/FX/Niagara/Content/Enums/SpriteRenderer/ENiagara_ScaleSpriteSize.uexp" 679
"../../../Engine/Plugins/FX/Niagara/Content/Modules/Update/Size/ScaleSpriteSize.uasset" 680
"../../../Engine/Plugins/FX/Niagara/Content/Modules/Update/Size/ScaleSpriteSize.uexp" 681
"../../../Engine/Plugins/FX/Niagara/Content/Modules/Update/Size/ScaleMeshSize.uasset" 682
"../../../Engine/Plugins/FX/Niagara/Content/Modules/Update/Size/ScaleMeshSize.uexp" 683
"../../../Engine/Plugins/FX/Niagara/Content/Functions/Localspace/TransformBase.uasset" 684
"../../../Engine/Plugins/FX/Niagara/Content/Functions/Localspace/TransformBase.uexp" 685
"../../../Engine/Plugins/FX/Niagara/Content/Functions/Localspace/TransformVector.uasset" 686
"../../../Engine/Plugins/FX/Niagara/Content/Functions/Localspace/TransformVector.uexp" 687
"../../../Engine/Plugins/FX/Niagara/Content/Modules/Update/Forces/GravityForce.uasset" 688
"../../../Engine/Plugins/FX/Niagara/Content/Modules/Update/Forces/GravityForce.uexp" 689
"../../../Engine/Plugins/FX/Niagara/Content/Modules/Update/Forces/Drag.uasset" 690
"../../../Engine/Plugins/FX/Niagara/Content/Modules/Update/Forces/Drag.uexp" 691
"../../../Engine/Plugins/FX/Niagara/Content/Modules/Update/Color/ScaleColor.uasset" 692
"../../../Engine/Plugins/FX/Niagara/Content/Modules/Update/Color/ScaleColor.uexp" 693
"../../../Engine/Plugins/FX/Niagara/Content/Enums/ENiagaraRandomnessMode.uasset" 694
"../../../Engine/Plugins/FX/Niagara/Content/Enums/ENiagaraRandomnessMode.uexp" 695
"../../../Engine/Plugins/FX/Niagara/Content/Functions/Math/RemapValueRange.uasset" 696
"../../../Engine/Plugins/FX/Niagara/Content/Functions/Math/RemapValueRange.uexp" 697
"../../../Engine/Plugins/FX/Niagara/Content/Functions/PolarToCartesianCoordinates.uasset" 698
"../../../Engine/Plugins/FX/Niagara/Content/Functions/PolarToCartesianCoordinates.uexp" 699
"../../../Engine/Plugins/FX/Niagara/Content/Functions/GetRandomInfo.uasset" 700
"../../../Engine/Plugins/FX/Niagara/Content/Functions/GetRandomInfo.uexp" 701
"../../../Engine/Plugins/FX/Niagara/Content/Functions/RandomRangeFloat.uasset" 702
"../../../Engine/Plugins/FX/Niagara/Content/Functions/RandomRangeFloat.uexp" 703
"../../../Engine/Plugins/FX/Niagara/Content/Functions/DirectionAndLengthSafe.uasset" 704
"../../../Engine/Plugins/FX/Niagara/Content/Functions/DirectionAndLengthSafe.uexp" 705
"../../../Engine/Plugins/FX/Niagara/Content/Functions/RandomVectorInCone.uasset" 706
"../../../Engine/Plugins/FX/Niagara/Content/Functions/RandomVectorInCone.uexp" 707
"../../../Engine/Plugins/FX/Niagara/Content/Functions/Rotation/MultiplyVectorWithQuaternion.uasset" 708
"../../../Engine/Plugins/FX/Niagara/Content/Functions/Rotation/MultiplyVectorWithQuaternion.uexp" 709
"../../../Engine/Plugins/FX/Niagara/Content/Functions/Rotation/FindQuatBetween.uasset" 710
"../../../Engine/Plugins/FX/Niagara/Content/Functions/Rotation/FindQuatBetween.uexp" 711
"../../../Engine/Plugins/FX/Niagara/Content/Modules/Spawn/Velocity/AddVelocityInCone.uasset" 712
"../../../Engine/Plugins/FX/Niagara/Content/Modules/Spawn/Velocity/AddVelocityInCone.uexp" 713
"../../../Engine/Plugins/FX/Niagara/Content/Enums/ENiagaraRandomnessEvaluation.uasset" 714
"../../../Engine/Plugins/FX/Niagara/Content/Enums/ENiagaraRandomnessEvaluation.uexp" 715
"../../../Engine/Plugins/FX/Niagara/Content/Functions/V2/CalculateRandomRangeFloat.uasset" 716
"../../../Engine/Plugins/FX/Niagara/Content/Functions/V2/CalculateRandomRangeFloat.uexp" 717
"../../../Engine/Plugins/FX/Niagara/Content/Modules/Emitter/SpawnBurst_Instantaneous.uasset" 718
"../../../Engine/Plugins/FX/Niagara/Content/Modules/Emitter/SpawnBurst_Instantaneous.uexp" 719
"../../../Engine/Plugins/FX/Niagara/Content/DynamicInputs/ValueFromCurve/FloatFromCurve.uasset" 720
"../../../Engine/Plugins/FX/Niagara/Content/DynamicInputs/ValueFromCurve/FloatFromCurve.uexp" 721
"../../../Engine/Plugins/FX/Niagara/Content/DynamicInputs/UniformRange/V2/RandomRangeFloat.uasset" 722
"../../../Engine/Plugins/FX/Niagara/Content/DynamicInputs/UniformRange/V2/RandomRangeFloat.uexp" 723
"../../../Engine/Plugins/FX/Niagara/Content/DynamicInputs/TypeConversions/VectorFromFloat.uasset" 724
"../../../Engine/Plugins/FX/Niagara/Content/DynamicInputs/TypeConversions/VectorFromFloat.uexp" 725
"../../../Engine/Plugins/FX/Niagara/Content/DynamicInputs/TypeConversions/Vector2DFromFloat.uasset" 726
"../../../Engine/Plugins/FX/Niagara/Content/DynamicInputs/TypeConversions/Vector2DFromFloat.uexp" 727
"../../../Engine/Plugins/FX/Niagara/Content/DefaultAssets/M_Gnomon.uasset" 728
"../../../Engine/Plugins/FX/Niagara/Content/DefaultAssets/M_Gnomon.uexp" 729
"../../../Engine/Plugins/FX/Niagara/Content/DefaultAssets/S_Arrow.uasset" 730
"../../../Engine/Plugins/FX/Niagara/Content/DefaultAssets/S_Arrow.uexp" 731
"../../../Engine/Plugins/FX/Niagara/Content/DynamicInputs/Helpers/SimulationPosition.uasset" 732
"../../../Engine/Plugins/FX/Niagara/Content/DynamicInputs/Helpers/SimulationPosition.uexp" 733
"../../../Engine/Plugins/FX/Niagara/Content/DefaultAssets/M_Gnomon_Alpha.uasset" 734
"../../../Engine/Plugins/FX/Niagara/Content/DefaultAssets/M_Gnomon_Alpha.uexp" 735
"../../../Engine/Plugins/FX/Niagara/Content/Enums/Ribbons/ENiagara_UnsetDirectSetRandom.uasset" 736
"../../../Engine/Plugins/FX/Niagara/Content/Enums/Ribbons/ENiagara_UnsetDirectSetRandom.uexp" 737
"../../../Engine/Plugins/FX/Niagara/Content/Enums/ENiagaraSystemInactiveMode.uasset" 738
"../../../Engine/Plugins/FX/Niagara/Content/Enums/ENiagaraSystemInactiveMode.uexp" 739
"../../../Engine/Plugins/FX/Niagara/Content/Enums/ENiagaraSphereDistributionMode.uasset" 740
"../../../Engine/Plugins/FX/Niagara/Content/Enums/ENiagaraSphereDistributionMode.uexp" 741
"../../../Engine/Plugins/FX/Niagara/Content/Enums/ENiagaraInactiveMode.uasset" 742
"../../../Engine/Plugins/FX/Niagara/Content/Enums/ENiagaraInactiveMode.uexp" 743
"../../../Engine/Plugins/FX/Niagara/Content/Enums/ENiagaraExpansionMode.uasset" 744
"../../../Engine/Plugins/FX/Niagara/Content/Enums/ENiagaraExpansionMode.uexp" 745
"../../../Engine/Plugins/FX/Niagara/Content/Enums/ENiagaraEmitterScalabilityMode_Limited.uasset" 746
"../../../Engine/Plugins/FX/Niagara/Content/Enums/ENiagaraEmitterScalabilityMode_Limited.uexp" 747
"../../../Engine/Plugins/FX/Niagara/Content/Enums/ENiagaraEmitterLifeCycleMode.uasset" 748
"../../../Engine/Plugins/FX/Niagara/Content/Enums/ENiagaraEmitterLifeCycleMode.uexp" 749
"../../../Engine/Plugins/FX/Niagara/Content/Enums/ENiagaraChannelCorrelation.uasset" 750
"../../../Engine/Plugins/FX/Niagara/Content/Enums/ENiagaraChannelCorrelation.uexp" 751
"../../../Engine/Plugins/FX/Niagara/Content/Enums/ENiagara_UVFlippingMode.uasset" 752
"../../../Engine/Plugins/FX/Niagara/Content/Enums/ENiagara_UVFlippingMode.uexp" 753
"../../../Engine/Plugins/FX/Niagara/Content/Enums/ENiagara_SpriteRotationMode.uasset" 754
"../../../Engine/Plugins/FX/Niagara/Content/Enums/ENiagara_SpriteRotationMode.uexp" 755
"../../../Engine/Plugins/FX/Niagara/Content/Enums/ENiagara_SizeScaleMode.uasset" 756
"../../../Engine/Plugins/FX/Niagara/Content/Enums/ENiagara_SizeScaleMode.uexp" 757
"../../../Engine/Plugins/FX/Niagara/Content/Enums/ENiagara_PositionInitializationMode.uasset" 758
"../../../Engine/Plugins/FX/Niagara/Content/Enums/ENiagara_PositionInitializationMode.uexp" 759
"../../../Engine/Plugins/FX/Niagara/Content/Enums/ENiagara_LifetimeMode.uasset" 760
"../../../Engine/Plugins/FX/Niagara/Content/Enums/ENiagara_LifetimeMode.uexp" 761
"../../../Engine/Plugins/FX/Niagara/Content/Enums/ENiagara_InfiniteLoopDuration.uasset" 762
"../../../Engine/Plugins/FX/Niagara/Content/Enums/ENiagara_InfiniteLoopDuration.uexp" 763
"../../../Engine/Plugins/FX/Niagara/Content/Enums/ENiagara_EmitterStateOptions.uasset" 764
"../../../Engine/Plugins/FX/Niagara/Content/Enums/ENiagara_EmitterStateOptions.uexp" 765
"../../../Engine/Plugins/FX/Niagara/Content/Enums/ENiagara_ColorInitializationMode.uasset" 766
"../../../Engine/Plugins/FX/Niagara/Content/Enums/ENiagara_ColorInitializationMode.uexp" 767
"../../../Engine/Plugins/FX/Niagara/Content/Modules/Update/Lifetime/ParticleState.uasset" 768
"../../../Engine/Plugins/FX/Niagara/Content/Modules/Update/Lifetime/ParticleState.uexp" 769
"../../../Engine/Plugins/FX/Niagara/Content/Functions/System/SystemChangeState.uasset" 770
"../../../Engine/Plugins/FX/Niagara/Content/Functions/System/SystemChangeState.uexp" 771
"../../../Engine/Plugins/FX/Niagara/Content/Modules/System/SystemState.uasset" 772
"../../../Engine/Plugins/FX/Niagara/Content/Modules/System/SystemState.uexp" 773
"../../../Engine/Plugins/FX/Niagara/Content/Functions/RandomUnitVector.uasset" 774
"../../../Engine/Plugins/FX/Niagara/Content/Functions/RandomUnitVector.uexp" 775
"../../../Engine/Plugins/FX/Niagara/Content/Functions/RandomVector.uasset" 776
"../../../Engine/Plugins/FX/Niagara/Content/Functions/RandomVector.uexp" 777
"../../../Engine/Plugins/FX/Niagara/Content/Functions/NormalizeDistanceRange.uasset" 778
"../../../Engine/Plugins/FX/Niagara/Content/Functions/NormalizeDistanceRange.uexp" 779
"../../../Engine/Plugins/FX/Niagara/Content/Functions/DistanceBasedFalloff.uasset" 780
"../../../Engine/Plugins/FX/Niagara/Content/Functions/DistanceBasedFalloff.uexp" 781
"../../../Engine/Plugins/FX/Niagara/Content/Functions/Localspace/SimulationPosition.uasset" 782
"../../../Engine/Plugins/FX/Niagara/Content/Functions/Localspace/SimulationPosition.uexp" 783
"../../../Engine/Plugins/FX/Niagara/Content/Modules/Spawn/Velocity/AddVelocityFromPoint.uasset" 784
"../../../Engine/Plugins/FX/Niagara/Content/Modules/Spawn/Velocity/AddVelocityFromPoint.uexp" 785
"../../../Engine/Plugins/FX/Niagara/Content/Functions/V2/CalculateRandomRange.uasset" 786
"../../../Engine/Plugins/FX/Niagara/Content/Functions/V2/CalculateRandomRange.uexp" 787
"../../../Engine/Plugins/FX/Niagara/Content/Functions/V2/CalculateRandomPointInSphere.uasset" 788
"../../../Engine/Plugins/FX/Niagara/Content/Functions/V2/CalculateRandomPointInSphere.uexp" 789
"../../../Engine/Plugins/FX/Niagara/Content/Functions/SphericalToCartesianCoordinates.uasset" 790
"../../../Engine/Plugins/FX/Niagara/Content/Functions/SphericalToCartesianCoordinates.uexp" 791
"../../../Engine/Plugins/FX/Niagara/Content/Modules/Spawn/Location/V2/SphereLocation.uasset" 792
"../../../Engine/Plugins/FX/Niagara/Content/Modules/Spawn/Location/V2/SphereLocation.uexp" 793
"../../../Engine/Plugins/FX/Niagara/Content/Enums/ENiagara_MassInitializationMode.uasset" 794
"../../../Engine/Plugins/FX/Niagara/Content/Enums/ENiagara_MassInitializationMode.uexp" 795
"../../../Engine/Plugins/FX/Niagara/Content/Functions/V2/CalculateRandomRangeInteger.uasset" 796
"../../../Engine/Plugins/FX/Niagara/Content/Functions/V2/CalculateRandomRangeInteger.uexp" 797
"../../../Engine/Plugins/FX/Niagara/Content/Functions/V2/CalculateRandomBool.uasset" 798
"../../../Engine/Plugins/FX/Niagara/Content/Functions/V2/CalculateRandomBool.uexp" 799
"../../../Engine/Plugins/FX/Niagara/Content/Functions/LinearColor/HueShiftLinearColor.uasset" 800
"../../../Engine/Plugins/FX/Niagara/Content/Functions/LinearColor/HueShiftLinearColor.uexp" 801
"../../../Engine/Plugins/FX/Niagara/Content/Modules/Spawn/Initialization/V2/InitializeParticle.uasset" 802
"../../../Engine/Plugins/FX/Niagara/Content/Modules/Spawn/Initialization/V2/InitializeParticle.uexp" 803
"../../../Engine/Plugins/FX/Niagara/Content/Modules/Solvers/SolveForcesAndVelocity.uasset" 804
"../../../Engine/Plugins/FX/Niagara/Content/Modules/Solvers/SolveForcesAndVelocity.uexp" 805
"../../../Engine/Plugins/FX/Niagara/Content/Functions/Emitter/EmitterChangeState.uasset" 806
"../../../Engine/Plugins/FX/Niagara/Content/Functions/Emitter/EmitterChangeState.uexp" 807
"../../../Engine/Plugins/FX/Niagara/Content/Enums/ENiagaraExecutionStateManagement.uasset" 808
"../../../Engine/Plugins/FX/Niagara/Content/Enums/ENiagaraExecutionStateManagement.uexp" 809
"../../../Engine/Plugins/FX/Niagara/Content/Modules/Emitter/EmitterState.uasset" 810
"../../../Engine/Plugins/FX/Niagara/Content/Modules/Emitter/EmitterState.uexp" 811
"../../../Engine/Plugins/FX/Niagara/Content/DefaultAssets/DefaultSpriteMaterial.uasset" 812
"../../../Engine/Plugins/FX/Niagara/Content/DefaultAssets/DefaultSpriteMaterial.uexp" 813
"C:/Epic Games/GameMechanics/Project/Content/Particles/ExplosionSystem.uasset" 814
"C:/Epic Games/GameMechanics/Project/Content/Particles/ExplosionSystem.uexp" 815
"C:/Epic Games/GameMechanics/Project/Content/BP/BP_ParticleActor.uasset" 816
"C:/Epic Games/GameMechanics/Project/Content/BP/BP_ParticleActor.uexp" 817
"C:/Epic Games/GameMechanics/Project/Content/BP/Spells/BP_BaseProjectile.uasset" 818
"C:/Epic Games/GameMechanics/Project/Content/BP/Spells/BP_BaseProjectile.uexp" 819
"C:/Epic Games/GameMechanics/Project/Content/Materials/M_IceZoneMat.uasset" 820
"C:/Epic Games/GameMechanics/Project/Content/Materials/M_IceZoneMat.uexp" 821
"C:/Epic Games/GameMechanics/Project/Content/BP/Spells/BP_IceZone.uasset" 822
"C:/Epic Games/GameMechanics/Project/Content/BP/Spells/BP_IceZone.uexp" 823
"C:/Epic Games/GameMechanics/Project/Content/UI/Healthbar.uasset" 824
"C:/Epic Games/GameMechanics/Project/Content/UI/Healthbar.uexp" 825
"../../../Engine/Plugins/FX/Niagara/Content/Enums/ENiagaraTorusMode.uasset" 826
"../../../Engine/Plugins/FX/Niagara/Content/Enums/ENiagaraTorusMode.uexp" 827
"../../../Engine/Plugins/FX/Niagara/Content/Enums/ENiagaraTorusDistributionMode.uasset" 828
"../../../Engine/Plugins/FX/Niagara/Content/Enums/ENiagaraTorusDistributionMode.uexp" 829
"../../../Engine/Plugins/FX/Niagara/Content/Modules/Update/Color/Color.uasset" 830
"../../../Engine/Plugins/FX/Niagara/Content/Modules/Update/Color/Color.uexp" 831
"../../../Engine/Plugins/FX/Niagara/Content/Modules/Spawn/Velocity/AddVelocity.uasset" 832
"../../../Engine/Plugins/FX/Niagara/Content/Modules/Spawn/Velocity/AddVelocity.uexp" 833
"../../../Engine/Plugins/FX/Niagara/Content/Functions/RandomRange.uasset" 834
"../../../Engine/Plugins/FX/Niagara/Content/Functions/RandomRange.uexp" 835
"../../../Engine/Plugins/FX/Niagara/Content/Functions/ParametricTorusKnot.uasset" 836
"../../../Engine/Plugins/FX/Niagara/Content/Functions/ParametricTorusKnot.uexp" 837
"../../../Engine/Plugins/FX/Niagara/Content/Functions/ParametricTorus.uasset" 838
"../../../Engine/Plugins/FX/Niagara/Content/Functions/ParametricTorus.uexp" 839
"../../../Engine/Plugins/FX/Niagara/Content/Functions/Rotation/MultiplyQuaternion.uasset" 840
"../../../Engine/Plugins/FX/Niagara/Content/Functions/Rotation/MultiplyQuaternion.uexp" 841
"../../../Engine/Plugins/FX/Niagara/Content/Functions/Rotation/AxisAngleToQuaternion.uasset" 842
"../../../Engine/Plugins/FX/Niagara/Content/Functions/Rotation/AxisAngleToQuaternion.uexp" 843
"../../../Engine/Plugins/FX/Niagara/Content/Modules/Spawn/Location/TorusLocation.uasset" 844
"../../../Engine/Plugins/FX/Niagara/Content/Modules/Spawn/Location/TorusLocation.uexp" 845
"../../../Engine/Plugins/FX/Niagara/Content/Modules/Emitter/SpawnRate.uasset" 846
"../../../Engine/Plugins/FX/Niagara/Content/Modules/Emitter/SpawnRate.uexp" 847
"../../../Engine/Plugins/FX/Niagara/Content/Functions/Localspace/TransformPosition.uasset" 848
"../../../Engine/Plugins/FX/Niagara/Content/Functions/Localspace/TransformPosition.uexp" 849
"../../../Engine/Plugins/FX/Niagara/Content/DynamicInputs/Multiply/Multiply_VectorByFloat.uasset" 850
"../../../Engine/Plugins/FX/Niagara/Content/DynamicInputs/Multiply/Multiply_VectorByFloat.uexp" 851
"../../../Engine/Plugins/FX/Niagara/Content/Modules/Beams/BeamEmitterSetup.uasset" 852
"../../../Engine/Plugins/FX/Niagara/Content/Modules/Beams/BeamEmitterSetup.uexp" 853
"../../../Engine/Plugins/FX/Niagara/Content/DynamicInputs/ValueFromCurve/ColorFromCurve.uasset" 854
"../../../Engine/Plugins/FX/Niagara/Content/DynamicInputs/ValueFromCurve/ColorFromCurve.uexp" 855
"C:/Epic Games/GameMechanics/Project/Content/Star.uasset" 856
"C:/Epic Games/GameMechanics/Project/Content/Star.uexp" 857
"C:/Epic Games/GameMechanics/Project/Content/Particles/BaseCharacterSystem.uasset" 858
"C:/Epic Games/GameMechanics/Project/Content/Particles/BaseCharacterSystem.uexp" 859
"C:/Epic Games/GameMechanics/Project/Content/UI/FloatingDamgeText.uasset" 860
"C:/Epic Games/GameMechanics/Project/Content/UI/FloatingDamgeText.uexp" 861
"C:/Epic Games/GameMechanics/Project/Content/UI/BP_FloatingTextActor.uasset" 862
"C:/Epic Games/GameMechanics/Project/Content/UI/BP_FloatingTextActor.uexp" 863
"../../../Engine/Content/BasicShapes/Cube.uasset" 864
"../../../Engine/Content/BasicShapes/Cube.uexp" 865
"C:/Epic Games/GameMechanics/Project/Content/BP/Powerups/BP_PowerUp.uasset" 866
"C:/Epic Games/GameMechanics/Project/Content/BP/Powerups/BP_PowerUp.uexp" 867
"C:/Epic Games/GameMechanics/Project/Content/BP/Wizards/BP_WizardCharacter.uasset" 868
"C:/Epic Games/GameMechanics/Project/Content/BP/Wizards/BP_WizardCharacter.uexp" 869
"C:/Epic Games/GameMechanics/Project/Content/UI/PlayerUi.uasset" 870
"C:/Epic Games/GameMechanics/Project/Content/UI/PlayerUi.uexp" 871
"C:/Epic Games/GameMechanics/Project/Content/Meshes/Box_Brush71_StaticMesh.uasset" 872
"C:/Epic Games/GameMechanics/Project/Content/Meshes/Box_Brush71_StaticMesh.uexp" 873
"C:/Epic Games/GameMechanics/Project/Content/StarterContent/Shapes/Shape_Cylinder.uasset" 874
"C:/Epic Games/GameMechanics/Project/Content/StarterContent/Shapes/Shape_Cylinder.uexp" 875
"C:/Epic Games/GameMechanics/Project/Content/BP/AI/BTTask_MoveToPlayer.uasset" 876
"C:/Epic Games/GameMechanics/Project/Content/BP/AI/BTTask_MoveToPlayer.uexp" 877
"C:/Epic Games/GameMechanics/Project/Content/BP/AI/BP_BaseContoller.uasset" 878
"C:/Epic Games/GameMechanics/Project/Content/BP/AI/BP_BaseContoller.uexp" 879
"C:/Epic Games/GameMechanics/Project/Content/BP/Enemies/BP_BaseEnemy.uasset" 880
"C:/Epic Games/GameMechanics/Project/Content/BP/Enemies/BP_BaseEnemy.uexp" 881
"C:/Epic Games/GameMechanics/Project/Content/BP/AI/BTTask_ChargeAttack.uasset" 882
"C:/Epic Games/GameMechanics/Project/Content/BP/AI/BTTask_ChargeAttack.uexp" 883
"C:/Epic Games/GameMechanics/Project/Content/BP/AI/BTTask_Attack.uasset" 884
"C:/Epic Games/GameMechanics/Project/Content/BP/AI/BTTask_Attack.uexp" 885
"C:/Epic Games/GameMechanics/Project/Content/BP/AI/BTDecorator_PlayerInRange.uasset" 886
"C:/Epic Games/GameMechanics/Project/Content/BP/AI/BTDecorator_PlayerInRange.uexp" 887
"C:/Epic Games/GameMechanics/Project/Content/BP/AI/BTDecorator_NotStunned.uasset" 888
"C:/Epic Games/GameMechanics/Project/Content/BP/AI/BTDecorator_NotStunned.uexp" 889
"C:/Epic Games/GameMechanics/Project/Content/BP/AI/BP_EnemyBlackboard.uasset" 890
"C:/Epic Games/GameMechanics/Project/Content/BP/AI/BP_EnemyBlackboard.uexp" 891
"C:/Epic Games/GameMechanics/Project/Content/BP/AI/BP_FollowBehaviour.uasset" 892
"C:/Epic Games/GameMechanics/Project/Content/BP/AI/BP_FollowBehaviour.uexp" 893
"C:/Epic Games/GameMechanics/Project/Content/BP/AI/BP_FollowController.uasset" 894
"C:/Epic Games/GameMechanics/Project/Content/BP/AI/BP_FollowController.uexp" 895
"C:/Epic Games/GameMechanics/Project/Content/BP/Enemies/BP_SuicideBomber.uasset" 896
"C:/Epic Games/GameMechanics/Project/Content/BP/Enemies/BP_SuicideBomber.uexp" 897
"C:/Epic Games/GameMechanics/Project/Content/BP/Enemies/BP_ProjectileEnemy.uasset" 898
"C:/Epic Games/GameMechanics/Project/Content/BP/Enemies/BP_ProjectileEnemy.uexp" 899
"../../../Engine/Content/BasicShapes/Cone.uasset" 900
"../../../Engine/Content/BasicShapes/Cone.uexp" 901
"C:/Epic Games/GameMechanics/Project/Content/BP/Enemies/BP_MortarProjectile.uasset" 902
"C:/Epic Games/GameMechanics/Project/Content/BP/Enemies/BP_MortarProjectile.uexp" 903
"C:/Epic Games/GameMechanics/Project/Content/Materials/M_FlameColumnMatLight.uasset" 904
"C:/Epic Games/GameMechanics/Project/Content/Materials/M_FlameColumnMatLight.uexp" 905
"C:/Epic Games/GameMechanics/Project/Content/BP_SpellIndicator.uasset" 906
"C:/Epic Games/GameMechanics/Project/Content/BP_SpellIndicator.uexp" 907
"C:/Epic Games/GameMechanics/Project/Content/BP/Enemies/BP_MortarEnemy.uasset" 908
"C:/Epic Games/GameMechanics/Project/Content/BP/Enemies/BP_MortarEnemy.uexp" 909
"C:/Epic Games/GameMechanics/Project/Content/BP/Enemies/Spawner.uasset" 910
"C:/Epic Games/GameMechanics/Project/Content/BP/Enemies/Spawner.uexp" 911
"C:/Epic Games/GameMechanics/Project/Content/UI/LevelUpUi.uasset" 912
"C:/Epic Games/GameMechanics/Project/Content/UI/LevelUpUi.uexp" 913
"../../../Engine/Plugins/Enterprise/DatasmithContent/Content/Materials/AliasMaster.uasset" 914
"../../../Engine/Plugins/Enterprise/DatasmithContent/Content/Materials/AliasMaster.uexp" 915
"C:/Epic Games/GameMechanics/Project/Content/BP/Wizards/BP_WindWizard.uasset" 916
"C:/Epic Games/GameMechanics/Project/Content/BP/Wizards/BP_WindWizard.uexp" 917
"C:/Epic Games/GameMechanics/Project/Content/BP/Wizards/BP_FrostWizard.uasset" 918
"C:/Epic Games/GameMechanics/Project/Content/BP/Wizards/BP_FrostWizard.uexp" 919
"C:/Epic Games/GameMechanics/Project/Content/BP/Wizards/BP_FireWizard.uasset" 920
"C:/Epic Games/GameMechanics/Project/Content/BP/Wizards/BP_FireWizard.uexp" 921
"C:/Epic Games/GameMechanics/Project/Content/BP/BP_RoomSpawnPoint.uasset" 922
"C:/Epic Games/GameMechanics/Project/Content/BP/BP_RoomSpawnPoint.uexp" 923
"C:/Epic Games/GameMechanics/Project/Content/BP/BP_OmnimancerGameMode.uasset" 924
"C:/Epic Games/GameMechanics/Project/Content/BP/BP_OmnimancerGameMode.uexp" 925
"C:/Epic Games/GameMechanics/Project/Content/BP/BP_Portal.uasset" 926
"C:/Epic Games/GameMechanics/Project/Content/BP/BP_Portal.uexp" 927
"C:/Epic Games/GameMechanics/Project/Content/BP/BP_MainSpawn.uasset" 928
"C:/Epic Games/GameMechanics/Project/Content/BP/BP_MainSpawn.uexp" 929
"C:/Epic Games/GameMechanics/Project/Content/BP/Enemies/BP_ThrustEnemy.uasset" 930
"C:/Epic Games/GameMechanics/Project/Content/BP/Enemies/BP_ThrustEnemy.uexp" 931
"../../../Engine/Content/VREditor/Devices/Vive/UE4_Logo.uasset" 932
"../../../Engine/Content/VREditor/Devices/Vive/UE4_Logo.uexp" 933
"../../../Engine/Content/VREditor/Devices/Vive/UE4_Logo.ubulk" 934
"../../../Engine/Content/VREditor/UI/M_ContentWindow.uasset" 935
"../../../Engine/Content/VREditor/UI/M_ContentWindow.uexp" 936
"C:/Epic Games/GameMechanics/Project/Content/BP/AI/BTTask_VolleyAttack.uasset" 937
"C:/Epic Games/GameMechanics/Project/Content/BP/AI/BTTask_VolleyAttack.uexp" 938
"C:/Epic Games/GameMechanics/Project/Content/BP/AI/BTTask_OrbitPlayer.uasset" 939
"C:/Epic Games/GameMechanics/Project/Content/BP/AI/BTTask_OrbitPlayer.uexp" 940
"C:/Epic Games/GameMechanics/Project/Content/BP/AI/BP_OrbitBehaviour.uasset" 941
"C:/Epic Games/GameMechanics/Project/Content/BP/AI/BP_OrbitBehaviour.uexp" 942
"C:/Epic Games/GameMechanics/Project/Content/BP/AI/BP_OrbitController.uasset" 943
"C:/Epic Games/GameMechanics/Project/Content/BP/AI/BP_OrbitController.uexp" 944
"C:/Epic Games/GameMechanics/Project/Content/BP/Enemies/BP_OrbittingProjectileEnemy.uasset" 945
"C:/Epic Games/GameMechanics/Project/Content/BP/Enemies/BP_OrbittingProjectileEnemy.uexp" 946
"C:/Epic Games/GameMechanics/Project/Content/BP/Enemies/BP_RoomSpawner.uasset" 947
"C:/Epic Games/GameMechanics/Project/Content/BP/Enemies/BP_RoomSpawner.uexp" 948
"C:/Epic Games/GameMechanics/Project/Content/BP/BP_Coin.uasset" 949
"C:/Epic Games/GameMechanics/Project/Content/BP/BP_Coin.uexp" 950
"C:/Epic Games/GameMechanics/Project/Content/Scenes/Game_BuiltData.uasset" 951
"C:/Epic Games/GameMechanics/Project/Content/Scenes/Game_BuiltData.uexp" 952
"C:/Epic Games/GameMechanics/Project/Content/Scenes/Game_BuiltData.ubulk" 953
"C:/Epic Games/GameMechanics/Project/Content/Box_Brush21_StaticMesh.uasset" 954
"C:/Epic Games/GameMechanics/Project/Content/Box_Brush21_StaticMesh.uexp" 955
"C:/Epic Games/GameMechanics/Project/Content/Scenes/Game.uexp" 956
"C:/Epic Games/GameMechanics/Project/Content/Scenes/Game.umap" 957
"C:/Epic Games/GameMechanics/Project/Content/UI/Upgrades/SkillUpgrade.uasset" 958
"C:/Epic Games/GameMechanics/Project/Content/UI/Upgrades/SkillUpgrade.uexp" 959
"C:/Epic Games/GameMechanics/Project/Content/UI/Upgrades/WizardUpgrade.uasset" 960
"C:/Epic Games/GameMechanics/Project/Content/UI/Upgrades/WizardUpgrade.uexp" 961
"C:/Epic Games/GameMechanics/Project/Content/UI/Upgrades/UpgradesMenu.uasset" 962
"C:/Epic Games/GameMechanics/Project/Content/UI/Upgrades/UpgradesMenu.uexp" 963
"C:/Epic Games/GameMechanics/Project/Content/UI/Menu.uasset" 964
"C:/Epic Games/GameMechanics/Project/Content/UI/Menu.uexp" 965
"C:/Epic Games/GameMechanics/Project/Content/Scenes/Menu.uexp" 966
"C:/Epic Games/GameMechanics/Project/Content/Scenes/Menu.umap" 967
"C:/Epic Games/GameMechanics/Project/Content/UI/Tutorial.uasset" 968
"C:/Epic Games/GameMechanics/Project/Content/UI/Tutorial.uexp" 969
"../../../Engine/Content/EngineMeshes/Cube.uasset" 970
"../../../Engine/Content/EngineMeshes/Cube.uexp" 971
"C:/Epic Games/GameMechanics/Project/Content/Box_Brush13_StaticMesh.uasset" 972
"C:/Epic Games/GameMechanics/Project/Content/Box_Brush13_StaticMesh.uexp" 973
"C:/Epic Games/GameMechanics/Project/Content/Scenes/Tutorial.uexp" 974
"C:/Epic Games/GameMechanics/Project/Content/Scenes/Tutorial.umap" 975
"../../../Engine/Content/Maps/Entry_BuiltData.uasset" 976
"../../../Engine/Content/Maps/Entry_BuiltData.uexp" 977
"../../../Engine/Content/Maps/Entry.uexp" 978
"../../../Engine/Content/Maps/Entry.umap" 979
